#
# A fatal error has been detected by the Java Runtime Environment:
#
#  EXCEPTION_ACCESS_VIOLATION (0xc0000005) at pc=0x0000000000000000, pid=3968, tid=16004
#
# JRE version: Java(TM) SE Runtime Environment (15.0.1+9) (build 15.0.1+9-18)
# Java VM: Java HotSpot(TM) 64-Bit Server VM (15.0.1+9-18, mixed mode, sharing, tiered, compressed oops, g1 gc, windows-amd64)
# Problematic frame:
# C  0x0000000000000000
#
# No core dump will be written. Minidumps are not enabled by default on client versions of Windows
#
# If you would like to submit a bug report, please visit:
#   https://bugreport.java.com/bugreport/crash.jsp
# The crash happened outside the Java Virtual Machine in native code.
# See problematic frame for where to report the bug.
#

---------------  S U M M A R Y ------------

Command Line: -Dfile.encoding=UTF-8 --module-path=C:\Users\hazya\OneDrive\Documents\NetBeansProjects\3D_TETRIS_B\build\classes main.Initializer

Host: Intel(R) Xeon(R) CPU E5-1620 v2 @ 3.70GHz, 8 cores, 63G,  Windows 10 , 64 bit Build 19041 (10.0.19041.928)
Time: Tue Apr 27 22:20:00 2021 FLE Daylight Time elapsed time: 5.940703 seconds (0d 0h 0m 5s)

---------------  T H R E A D  ---------------

Current thread (0x000002307d5acba0):  JavaThread "AWT-Windows" daemon [_thread_in_native, id=16004, stack(0x000000a519500000,0x000000a519600000)]

Stack: [0x000000a519500000,0x000000a519600000],  sp=0x000000a5195ff098,  free space=1020k
Native frames: (J=compiled Java code, j=interpreted, Vv=VM code, C=native code)

Java frames: (J=compiled Java code, j=interpreted, Vv=VM code)
j  sun.awt.windows.WToolkit.eventLoop()V+0 java.desktop@15.0.1
j  sun.awt.windows.WToolkit.run()V+50 java.desktop@15.0.1
j  java.lang.Thread.run()V+11 java.base@15.0.1
v  ~StubRoutines::call_stub

siginfo: EXCEPTION_ACCESS_VIOLATION (0xc0000005), data execution prevention violation at address 0x0000000000000000


Register to memory mapping:

RIP=0x0 is NULL
RAX=0x0 is NULL
RBX=0x0000023014573830 points into unknown readable memory: 0x000002307e895ec8 | c8 5e 89 7e 30 02 00 00
RCX=0x0 is NULL
RDX=0x000002307e895ec8 points into unknown readable memory: 0x0000000200000058 | 58 00 00 00 02 00 00 00
RSP=0x000000a5195ff098 is pointing into the stack for thread: 0x000002307d5acba0
RBP=0x00007ffc38cec7e0 awt.dll
RSI=0x0 is NULL
RDI=0x000002307d85c9d0 points into unknown readable memory: 0x000020229bed63d6 | d6 63 ed 9b 22 20 00 00
R8 =0x0000023014573830 points into unknown readable memory: 0x000002307e895ec8 | c8 5e 89 7e 30 02 00 00
R9 =0x0000000000000001 is an unknown value
R10=0x0000000000008000 is an unknown value
R11=0x000000a5195ff260 is pointing into the stack for thread: 0x000002307d5acba0
R12=0x0 is NULL
R13={method} {0x000002307c97c4f0} 'eventLoop' '()V' in 'sun/awt/windows/WToolkit'
R14=0x000000a5195ff548 is pointing into the stack for thread: 0x000002307d5acba0
R15=0x000002307d5acba0 is a thread


Registers:
RAX=0x0000000000000000, RBX=0x0000023014573830, RCX=0x0000000000000000, RDX=0x000002307e895ec8
RSP=0x000000a5195ff098, RBP=0x00007ffc38cec7e0, RSI=0x0000000000000000, RDI=0x000002307d85c9d0
R8 =0x0000023014573830, R9 =0x0000000000000001, R10=0x0000000000008000, R11=0x000000a5195ff260
R12=0x0000000000000000, R13=0x000002307c97c4e8, R14=0x000000a5195ff548, R15=0x000002307d5acba0
RIP=0x0000000000000000, EFLAGS=0x0000000000010202

Top of Stack: (sp=0x000000a5195ff098)
0x000000a5195ff098:   00007ffc2fba0158 000002307ccc0300
0x000000a5195ff0a8:   0000000000000000 0000ca5bf4d2cb95
0x000000a5195ff0b8:   000002307d5acba0 000002307d85c9d0
0x000000a5195ff0c8:   00007ffc2fba0087 0000023014573830
0x000000a5195ff0d8:   000002307d842450 0000023014a88468
0x000000a5195ff0e8:   000002307d5acba0 000002301433cfc0
0x000000a5195ff0f8:   00007ffc2fb7e22e 000002307d5d1500
0x000000a5195ff108:   0000023014a88468 000002307d5acec8
0x000000a5195ff118:   000002307d1f07e0 000002307d85c9d0
0x000000a5195ff128:   0000023014573830 000002307d5acba0
0x000000a5195ff138:   00007ffc61c55ba1 0000000000000000
0x000000a5195ff148:   00007ffc2fb7e14b 000002307d1f07e0
0x000000a5195ff158:   0000000000000000 fffffffffffffffe
0x000000a5195ff168:   fffffffffffffffe 000000a5195ff548
0x000000a5195ff178:   00007ffc2fb7e0b0 0000000000000001
0x000000a5195ff188:   0000000000000001 000002307d5d1500 

Instructions: (pc=0x0000000000000000)
0xffffffffffffff00:   


Stack slot to memory mapping:
stack at sp + 0 slots: 0x00007ffc2fba0158 d3d9.dll
stack at sp + 1 slots: 0x000002307ccc0300 is pointing into metadata
stack at sp + 2 slots: 0x0 is NULL
stack at sp + 3 slots: 0x0000ca5bf4d2cb95 is an unknown value
stack at sp + 4 slots: 0x000002307d5acba0 is a thread
stack at sp + 5 slots: 0x000002307d85c9d0 points into unknown readable memory: 0x000020229bed63d6 | d6 63 ed 9b 22 20 00 00
stack at sp + 6 slots: 0x00007ffc2fba0087 d3d9.dll
stack at sp + 7 slots: 0x0000023014573830 points into unknown readable memory: 0x000002307e895ec8 | c8 5e 89 7e 30 02 00 00


---------------  P R O C E S S  ---------------

Threads class SMR info:
_java_thread_list=0x00000230153f04a0, length=17, elements={
0x000002307c36a890, 0x000002307c36bb10, 0x000002307c382960, 0x000002307c385630,
0x000002307c386aa0, 0x000002307c389f50, 0x000002307c38ea80, 0x000002307d100d70,
0x000002307d1f10e0, 0x000002307d2e1860, 0x000002307d5a3880, 0x000002307d5a79e0,
0x000002307d5acba0, 0x0000023014607650, 0x000002301433e320, 0x000002304c820600,
0x0000023014b21240
}

Java Threads: ( => current thread )
  0x000002307c36a890 JavaThread "Reference Handler" daemon [_thread_blocked, id=9088, stack(0x000000a518800000,0x000000a518900000)]
  0x000002307c36bb10 JavaThread "Finalizer" daemon [_thread_blocked, id=9660, stack(0x000000a518900000,0x000000a518a00000)]
  0x000002307c382960 JavaThread "Signal Dispatcher" daemon [_thread_blocked, id=12076, stack(0x000000a518a00000,0x000000a518b00000)]
  0x000002307c385630 JavaThread "Attach Listener" daemon [_thread_blocked, id=2248, stack(0x000000a518b00000,0x000000a518c00000)]
  0x000002307c386aa0 JavaThread "Service Thread" daemon [_thread_blocked, id=15144, stack(0x000000a518c00000,0x000000a518d00000)]
  0x000002307c389f50 JavaThread "C2 CompilerThread0" daemon [_thread_blocked, id=3296, stack(0x000000a518d00000,0x000000a518e00000)]
  0x000002307c38ea80 JavaThread "C1 CompilerThread0" daemon [_thread_blocked, id=13584, stack(0x000000a518e00000,0x000000a518f00000)]
  0x000002307d100d70 JavaThread "Sweeper thread" daemon [_thread_blocked, id=18064, stack(0x000000a518f00000,0x000000a519000000)]
  0x000002307d1f10e0 JavaThread "Common-Cleaner" daemon [_thread_blocked, id=15516, stack(0x000000a519000000,0x000000a519100000)]
  0x000002307d2e1860 JavaThread "Notification Thread" daemon [_thread_blocked, id=13284, stack(0x000000a519100000,0x000000a519200000)]
  0x000002307d5a3880 JavaThread "Java2D Disposer" daemon [_thread_in_native, id=4980, stack(0x000000a519300000,0x000000a519400000)]
  0x000002307d5a79e0 JavaThread "AWT-Shutdown" [_thread_blocked, id=18420, stack(0x000000a519400000,0x000000a519500000)]
=>0x000002307d5acba0 JavaThread "AWT-Windows" daemon [_thread_in_native, id=16004, stack(0x000000a519500000,0x000000a519600000)]
  0x0000023014607650 JavaThread "AWT-EventQueue-0" [_thread_blocked, id=17484, stack(0x000000a51a400000,0x000000a51a500000)]
  0x000002301433e320 JavaThread "Thread-0" [_thread_blocked, id=14676, stack(0x000000a51a500000,0x000000a51a600000)]
  0x000002304c820600 JavaThread "DestroyJavaVM" [_thread_blocked, id=8640, stack(0x000000a518100000,0x000000a518200000)]
  0x0000023014b21240 JavaThread "ToolkitShutdown" daemon [_thread_in_native, id=13484, stack(0x000000a51a900000,0x000000a51aa00000)]

Other Threads:
  0x000002307c366950 VMThread "VM Thread" [stack: 0x000000a518700000,0x000000a518800000] [id=18252]
  0x000002307d2ead80 WatcherThread [stack: 0x000000a519200000,0x000000a519300000] [id=10884]
  0x000002304c8d9000 GCTaskThread "GC Thread#0" [stack: 0x000000a518200000,0x000000a518300000] [id=5072]
  0x000002307d2735f0 GCTaskThread "GC Thread#1" [stack: 0x000000a51a800000,0x000000a51a900000] [id=17072]
  0x000002307d2742b0 GCTaskThread "GC Thread#2" [stack: 0x000000a51aa00000,0x000000a51ab00000] [id=17620]
  0x000002307d2745e0 GCTaskThread "GC Thread#3" [stack: 0x000000a51ab00000,0x000000a51ac00000] [id=7864]
  0x000002307d274910 GCTaskThread "GC Thread#4" [stack: 0x000000a51ac00000,0x000000a51ad00000] [id=11440]
  0x000002307d274f70 GCTaskThread "GC Thread#5" [stack: 0x000000a51ad00000,0x000000a51ae00000] [id=12652]
  0x000002307d2755d0 GCTaskThread "GC Thread#6" [stack: 0x000000a51ae00000,0x000000a51af00000] [id=17360]
  0x000002307d275900 GCTaskThread "GC Thread#7" [stack: 0x000000a51af00000,0x000000a51b000000] [id=10816]
  0x000002304c8eb1b0 ConcurrentGCThread "G1 Main Marker" [stack: 0x000000a518300000,0x000000a518400000] [id=18260]
  0x000002304c8ed460 ConcurrentGCThread "G1 Conc#0" [stack: 0x000000a518400000,0x000000a518500000] [id=12584]
  0x000002304c8fec30 ConcurrentGCThread "G1 Refine#0" [stack: 0x000000a518500000,0x000000a518600000] [id=10792]
  0x000002307c2fd7c0 ConcurrentGCThread "G1 Young RemSet Sampling" [stack: 0x000000a518600000,0x000000a518700000] [id=15008]

Threads with active compile tasks:

VM state: not at safepoint (normal execution)

VM Mutex/Monitor currently owned by a thread: None

Heap address: 0x0000000401000000, size: 16368 MB, Compressed Oops mode: Zero based, Oop shift amount: 3
CDS archive(s) mapped at: [0x0000000800000000-0x0000000800b50000-0x0000000800b50000), size 11862016, SharedBaseAddress: 0x0000000800000000, ArchiveRelocationMode: 0.
Compressed class space mapped at: 0x0000000800b50000-0x0000000840b50000, size: 1073741824
Narrow klass base: 0x0000000800000000, Narrow klass shift: 3, Narrow klass range: 0x100000000

GC Precious Log:
 CPUs: 8 total, 8 available
 Memory: 65459M
 Large Page Support: Disabled
 NUMA Support: Disabled
 Compressed Oops: Enabled (Zero based)
 Heap Region Size: 8M
 Heap Min Capacity: 8M
 Heap Initial Capacity: 1G
 Heap Max Capacity: 16368M
 Pre-touch: Disabled
 Parallel Workers: 8
 Concurrent Workers: 2
 Concurrent Refinement Workers: 8
 Periodic GC: Disabled

Heap:
 garbage-first heap   total 1048576K, used 6002K [0x0000000401000000, 0x0000000800000000)
  region size 8192K, 2 young (16384K), 1 survivors (8192K)
 Metaspace       used 8056K, capacity 8278K, committed 8320K, reserved 1056768K
  class space    used 819K, capacity 894K, committed 896K, reserved 1048576K

Heap Regions: E=young(eden), S=young(survivor), O=old, HS=humongous(starts), HC=humongous(continues), CS=collection set, F=free, OA=open archive, CA=closed archive, TAMS=top-at-mark-start (previous, next)
|   0|0x0000000401000000, 0x0000000401000000, 0x0000000401800000|  0%| F|  |TAMS 0x0000000401000000, 0x0000000401000000| Untracked 
|   1|0x0000000401800000, 0x0000000401800000, 0x0000000402000000|  0%| F|  |TAMS 0x0000000401800000, 0x0000000401800000| Untracked 
|   2|0x0000000402000000, 0x0000000402000000, 0x0000000402800000|  0%| F|  |TAMS 0x0000000402000000, 0x0000000402000000| Untracked 
|   3|0x0000000402800000, 0x0000000402800000, 0x0000000403000000|  0%| F|  |TAMS 0x0000000402800000, 0x0000000402800000| Untracked 
|   4|0x0000000403000000, 0x0000000403000000, 0x0000000403800000|  0%| F|  |TAMS 0x0000000403000000, 0x0000000403000000| Untracked 
|   5|0x0000000403800000, 0x0000000403800000, 0x0000000404000000|  0%| F|  |TAMS 0x0000000403800000, 0x0000000403800000| Untracked 
|   6|0x0000000404000000, 0x0000000404000000, 0x0000000404800000|  0%| F|  |TAMS 0x0000000404000000, 0x0000000404000000| Untracked 
|   7|0x0000000404800000, 0x0000000404800000, 0x0000000405000000|  0%| F|  |TAMS 0x0000000404800000, 0x0000000404800000| Untracked 
|   8|0x0000000405000000, 0x0000000405000000, 0x0000000405800000|  0%| F|  |TAMS 0x0000000405000000, 0x0000000405000000| Untracked 
|   9|0x0000000405800000, 0x0000000405800000, 0x0000000406000000|  0%| F|  |TAMS 0x0000000405800000, 0x0000000405800000| Untracked 
|  10|0x0000000406000000, 0x0000000406000000, 0x0000000406800000|  0%| F|  |TAMS 0x0000000406000000, 0x0000000406000000| Untracked 
|  11|0x0000000406800000, 0x0000000406800000, 0x0000000407000000|  0%| F|  |TAMS 0x0000000406800000, 0x0000000406800000| Untracked 
|  12|0x0000000407000000, 0x0000000407000000, 0x0000000407800000|  0%| F|  |TAMS 0x0000000407000000, 0x0000000407000000| Untracked 
|  13|0x0000000407800000, 0x0000000407800000, 0x0000000408000000|  0%| F|  |TAMS 0x0000000407800000, 0x0000000407800000| Untracked 
|  14|0x0000000408000000, 0x0000000408000000, 0x0000000408800000|  0%| F|  |TAMS 0x0000000408000000, 0x0000000408000000| Untracked 
|  15|0x0000000408800000, 0x0000000408800000, 0x0000000409000000|  0%| F|  |TAMS 0x0000000408800000, 0x0000000408800000| Untracked 
|  16|0x0000000409000000, 0x0000000409000000, 0x0000000409800000|  0%| F|  |TAMS 0x0000000409000000, 0x0000000409000000| Untracked 
|  17|0x0000000409800000, 0x0000000409800000, 0x000000040a000000|  0%| F|  |TAMS 0x0000000409800000, 0x0000000409800000| Untracked 
|  18|0x000000040a000000, 0x000000040a000000, 0x000000040a800000|  0%| F|  |TAMS 0x000000040a000000, 0x000000040a000000| Untracked 
|  19|0x000000040a800000, 0x000000040a800000, 0x000000040b000000|  0%| F|  |TAMS 0x000000040a800000, 0x000000040a800000| Untracked 
|  20|0x000000040b000000, 0x000000040b000000, 0x000000040b800000|  0%| F|  |TAMS 0x000000040b000000, 0x000000040b000000| Untracked 
|  21|0x000000040b800000, 0x000000040b800000, 0x000000040c000000|  0%| F|  |TAMS 0x000000040b800000, 0x000000040b800000| Untracked 
|  22|0x000000040c000000, 0x000000040c000000, 0x000000040c800000|  0%| F|  |TAMS 0x000000040c000000, 0x000000040c000000| Untracked 
|  23|0x000000040c800000, 0x000000040c800000, 0x000000040d000000|  0%| F|  |TAMS 0x000000040c800000, 0x000000040c800000| Untracked 
|  24|0x000000040d000000, 0x000000040d000000, 0x000000040d800000|  0%| F|  |TAMS 0x000000040d000000, 0x000000040d000000| Untracked 
|  25|0x000000040d800000, 0x000000040d800000, 0x000000040e000000|  0%| F|  |TAMS 0x000000040d800000, 0x000000040d800000| Untracked 
|  26|0x000000040e000000, 0x000000040e000000, 0x000000040e800000|  0%| F|  |TAMS 0x000000040e000000, 0x000000040e000000| Untracked 
|  27|0x000000040e800000, 0x000000040e800000, 0x000000040f000000|  0%| F|  |TAMS 0x000000040e800000, 0x000000040e800000| Untracked 
|  28|0x000000040f000000, 0x000000040f000000, 0x000000040f800000|  0%| F|  |TAMS 0x000000040f000000, 0x000000040f000000| Untracked 
|  29|0x000000040f800000, 0x000000040f800000, 0x0000000410000000|  0%| F|  |TAMS 0x000000040f800000, 0x000000040f800000| Untracked 
|  30|0x0000000410000000, 0x0000000410000000, 0x0000000410800000|  0%| F|  |TAMS 0x0000000410000000, 0x0000000410000000| Untracked 
|  31|0x0000000410800000, 0x0000000410800000, 0x0000000411000000|  0%| F|  |TAMS 0x0000000410800000, 0x0000000410800000| Untracked 
|  32|0x0000000411000000, 0x0000000411000000, 0x0000000411800000|  0%| F|  |TAMS 0x0000000411000000, 0x0000000411000000| Untracked 
|  33|0x0000000411800000, 0x0000000411800000, 0x0000000412000000|  0%| F|  |TAMS 0x0000000411800000, 0x0000000411800000| Untracked 
|  34|0x0000000412000000, 0x0000000412000000, 0x0000000412800000|  0%| F|  |TAMS 0x0000000412000000, 0x0000000412000000| Untracked 
|  35|0x0000000412800000, 0x0000000412800000, 0x0000000413000000|  0%| F|  |TAMS 0x0000000412800000, 0x0000000412800000| Untracked 
|  36|0x0000000413000000, 0x0000000413000000, 0x0000000413800000|  0%| F|  |TAMS 0x0000000413000000, 0x0000000413000000| Untracked 
|  37|0x0000000413800000, 0x0000000413800000, 0x0000000414000000|  0%| F|  |TAMS 0x0000000413800000, 0x0000000413800000| Untracked 
|  38|0x0000000414000000, 0x0000000414000000, 0x0000000414800000|  0%| F|  |TAMS 0x0000000414000000, 0x0000000414000000| Untracked 
|  39|0x0000000414800000, 0x0000000414800000, 0x0000000415000000|  0%| F|  |TAMS 0x0000000414800000, 0x0000000414800000| Untracked 
|  40|0x0000000415000000, 0x0000000415000000, 0x0000000415800000|  0%| F|  |TAMS 0x0000000415000000, 0x0000000415000000| Untracked 
|  41|0x0000000415800000, 0x0000000415800000, 0x0000000416000000|  0%| F|  |TAMS 0x0000000415800000, 0x0000000415800000| Untracked 
|  42|0x0000000416000000, 0x0000000416000000, 0x0000000416800000|  0%| F|  |TAMS 0x0000000416000000, 0x0000000416000000| Untracked 
|  43|0x0000000416800000, 0x0000000416800000, 0x0000000417000000|  0%| F|  |TAMS 0x0000000416800000, 0x0000000416800000| Untracked 
|  44|0x0000000417000000, 0x0000000417000000, 0x0000000417800000|  0%| F|  |TAMS 0x0000000417000000, 0x0000000417000000| Untracked 
|  45|0x0000000417800000, 0x0000000417800000, 0x0000000418000000|  0%| F|  |TAMS 0x0000000417800000, 0x0000000417800000| Untracked 
|  46|0x0000000418000000, 0x0000000418000000, 0x0000000418800000|  0%| F|  |TAMS 0x0000000418000000, 0x0000000418000000| Untracked 
|  47|0x0000000418800000, 0x0000000418800000, 0x0000000419000000|  0%| F|  |TAMS 0x0000000418800000, 0x0000000418800000| Untracked 
|  48|0x0000000419000000, 0x0000000419000000, 0x0000000419800000|  0%| F|  |TAMS 0x0000000419000000, 0x0000000419000000| Untracked 
|  49|0x0000000419800000, 0x0000000419800000, 0x000000041a000000|  0%| F|  |TAMS 0x0000000419800000, 0x0000000419800000| Untracked 
|  50|0x000000041a000000, 0x000000041a000000, 0x000000041a800000|  0%| F|  |TAMS 0x000000041a000000, 0x000000041a000000| Untracked 
|  51|0x000000041a800000, 0x000000041a800000, 0x000000041b000000|  0%| F|  |TAMS 0x000000041a800000, 0x000000041a800000| Untracked 
|  52|0x000000041b000000, 0x000000041b000000, 0x000000041b800000|  0%| F|  |TAMS 0x000000041b000000, 0x000000041b000000| Untracked 
|  53|0x000000041b800000, 0x000000041b800000, 0x000000041c000000|  0%| F|  |TAMS 0x000000041b800000, 0x000000041b800000| Untracked 
|  54|0x000000041c000000, 0x000000041c000000, 0x000000041c800000|  0%| F|  |TAMS 0x000000041c000000, 0x000000041c000000| Untracked 
|  55|0x000000041c800000, 0x000000041c800000, 0x000000041d000000|  0%| F|  |TAMS 0x000000041c800000, 0x000000041c800000| Untracked 
|  56|0x000000041d000000, 0x000000041d000000, 0x000000041d800000|  0%| F|  |TAMS 0x000000041d000000, 0x000000041d000000| Untracked 
|  57|0x000000041d800000, 0x000000041d800000, 0x000000041e000000|  0%| F|  |TAMS 0x000000041d800000, 0x000000041d800000| Untracked 
|  58|0x000000041e000000, 0x000000041e000000, 0x000000041e800000|  0%| F|  |TAMS 0x000000041e000000, 0x000000041e000000| Untracked 
|  59|0x000000041e800000, 0x000000041e800000, 0x000000041f000000|  0%| F|  |TAMS 0x000000041e800000, 0x000000041e800000| Untracked 
|  60|0x000000041f000000, 0x000000041f000000, 0x000000041f800000|  0%| F|  |TAMS 0x000000041f000000, 0x000000041f000000| Untracked 
|  61|0x000000041f800000, 0x000000041f800000, 0x0000000420000000|  0%| F|  |TAMS 0x000000041f800000, 0x000000041f800000| Untracked 
|  62|0x0000000420000000, 0x0000000420000000, 0x0000000420800000|  0%| F|  |TAMS 0x0000000420000000, 0x0000000420000000| Untracked 
|  63|0x0000000420800000, 0x0000000420800000, 0x0000000421000000|  0%| F|  |TAMS 0x0000000420800000, 0x0000000420800000| Untracked 
|  64|0x0000000421000000, 0x0000000421000000, 0x0000000421800000|  0%| F|  |TAMS 0x0000000421000000, 0x0000000421000000| Untracked 
|  65|0x0000000421800000, 0x0000000421800000, 0x0000000422000000|  0%| F|  |TAMS 0x0000000421800000, 0x0000000421800000| Untracked 
|  66|0x0000000422000000, 0x0000000422000000, 0x0000000422800000|  0%| F|  |TAMS 0x0000000422000000, 0x0000000422000000| Untracked 
|  67|0x0000000422800000, 0x0000000422800000, 0x0000000423000000|  0%| F|  |TAMS 0x0000000422800000, 0x0000000422800000| Untracked 
|  68|0x0000000423000000, 0x0000000423000000, 0x0000000423800000|  0%| F|  |TAMS 0x0000000423000000, 0x0000000423000000| Untracked 
|  69|0x0000000423800000, 0x0000000423800000, 0x0000000424000000|  0%| F|  |TAMS 0x0000000423800000, 0x0000000423800000| Untracked 
|  70|0x0000000424000000, 0x0000000424000000, 0x0000000424800000|  0%| F|  |TAMS 0x0000000424000000, 0x0000000424000000| Untracked 
|  71|0x0000000424800000, 0x0000000424800000, 0x0000000425000000|  0%| F|  |TAMS 0x0000000424800000, 0x0000000424800000| Untracked 
|  72|0x0000000425000000, 0x0000000425000000, 0x0000000425800000|  0%| F|  |TAMS 0x0000000425000000, 0x0000000425000000| Untracked 
|  73|0x0000000425800000, 0x0000000425800000, 0x0000000426000000|  0%| F|  |TAMS 0x0000000425800000, 0x0000000425800000| Untracked 
|  74|0x0000000426000000, 0x0000000426000000, 0x0000000426800000|  0%| F|  |TAMS 0x0000000426000000, 0x0000000426000000| Untracked 
|  75|0x0000000426800000, 0x0000000426800000, 0x0000000427000000|  0%| F|  |TAMS 0x0000000426800000, 0x0000000426800000| Untracked 
|  76|0x0000000427000000, 0x0000000427000000, 0x0000000427800000|  0%| F|  |TAMS 0x0000000427000000, 0x0000000427000000| Untracked 
|  77|0x0000000427800000, 0x0000000427800000, 0x0000000428000000|  0%| F|  |TAMS 0x0000000427800000, 0x0000000427800000| Untracked 
|  78|0x0000000428000000, 0x0000000428000000, 0x0000000428800000|  0%| F|  |TAMS 0x0000000428000000, 0x0000000428000000| Untracked 
|  79|0x0000000428800000, 0x0000000428800000, 0x0000000429000000|  0%| F|  |TAMS 0x0000000428800000, 0x0000000428800000| Untracked 
|  80|0x0000000429000000, 0x0000000429000000, 0x0000000429800000|  0%| F|  |TAMS 0x0000000429000000, 0x0000000429000000| Untracked 
|  81|0x0000000429800000, 0x0000000429800000, 0x000000042a000000|  0%| F|  |TAMS 0x0000000429800000, 0x0000000429800000| Untracked 
|  82|0x000000042a000000, 0x000000042a000000, 0x000000042a800000|  0%| F|  |TAMS 0x000000042a000000, 0x000000042a000000| Untracked 
|  83|0x000000042a800000, 0x000000042a800000, 0x000000042b000000|  0%| F|  |TAMS 0x000000042a800000, 0x000000042a800000| Untracked 
|  84|0x000000042b000000, 0x000000042b000000, 0x000000042b800000|  0%| F|  |TAMS 0x000000042b000000, 0x000000042b000000| Untracked 
|  85|0x000000042b800000, 0x000000042b800000, 0x000000042c000000|  0%| F|  |TAMS 0x000000042b800000, 0x000000042b800000| Untracked 
|  86|0x000000042c000000, 0x000000042c000000, 0x000000042c800000|  0%| F|  |TAMS 0x000000042c000000, 0x000000042c000000| Untracked 
|  87|0x000000042c800000, 0x000000042c800000, 0x000000042d000000|  0%| F|  |TAMS 0x000000042c800000, 0x000000042c800000| Untracked 
|  88|0x000000042d000000, 0x000000042d000000, 0x000000042d800000|  0%| F|  |TAMS 0x000000042d000000, 0x000000042d000000| Untracked 
|  89|0x000000042d800000, 0x000000042d800000, 0x000000042e000000|  0%| F|  |TAMS 0x000000042d800000, 0x000000042d800000| Untracked 
|  90|0x000000042e000000, 0x000000042e000000, 0x000000042e800000|  0%| F|  |TAMS 0x000000042e000000, 0x000000042e000000| Untracked 
|  91|0x000000042e800000, 0x000000042e800000, 0x000000042f000000|  0%| F|  |TAMS 0x000000042e800000, 0x000000042e800000| Untracked 
|  92|0x000000042f000000, 0x000000042f000000, 0x000000042f800000|  0%| F|  |TAMS 0x000000042f000000, 0x000000042f000000| Untracked 
|  93|0x000000042f800000, 0x000000042f800000, 0x0000000430000000|  0%| F|  |TAMS 0x000000042f800000, 0x000000042f800000| Untracked 
|  94|0x0000000430000000, 0x0000000430000000, 0x0000000430800000|  0%| F|  |TAMS 0x0000000430000000, 0x0000000430000000| Untracked 
|  95|0x0000000430800000, 0x0000000430800000, 0x0000000431000000|  0%| F|  |TAMS 0x0000000430800000, 0x0000000430800000| Untracked 
|  96|0x0000000431000000, 0x0000000431000000, 0x0000000431800000|  0%| F|  |TAMS 0x0000000431000000, 0x0000000431000000| Untracked 
|  97|0x0000000431800000, 0x0000000431800000, 0x0000000432000000|  0%| F|  |TAMS 0x0000000431800000, 0x0000000431800000| Untracked 
|  98|0x0000000432000000, 0x0000000432000000, 0x0000000432800000|  0%| F|  |TAMS 0x0000000432000000, 0x0000000432000000| Untracked 
|  99|0x0000000432800000, 0x0000000432800000, 0x0000000433000000|  0%| F|  |TAMS 0x0000000432800000, 0x0000000432800000| Untracked 
| 100|0x0000000433000000, 0x0000000433000000, 0x0000000433800000|  0%| F|  |TAMS 0x0000000433000000, 0x0000000433000000| Untracked 
| 101|0x0000000433800000, 0x0000000433800000, 0x0000000434000000|  0%| F|  |TAMS 0x0000000433800000, 0x0000000433800000| Untracked 
| 102|0x0000000434000000, 0x0000000434000000, 0x0000000434800000|  0%| F|  |TAMS 0x0000000434000000, 0x0000000434000000| Untracked 
| 103|0x0000000434800000, 0x0000000434800000, 0x0000000435000000|  0%| F|  |TAMS 0x0000000434800000, 0x0000000434800000| Untracked 
| 104|0x0000000435000000, 0x0000000435000000, 0x0000000435800000|  0%| F|  |TAMS 0x0000000435000000, 0x0000000435000000| Untracked 
| 105|0x0000000435800000, 0x0000000435800000, 0x0000000436000000|  0%| F|  |TAMS 0x0000000435800000, 0x0000000435800000| Untracked 
| 106|0x0000000436000000, 0x0000000436000000, 0x0000000436800000|  0%| F|  |TAMS 0x0000000436000000, 0x0000000436000000| Untracked 
| 107|0x0000000436800000, 0x0000000436800000, 0x0000000437000000|  0%| F|  |TAMS 0x0000000436800000, 0x0000000436800000| Untracked 
| 108|0x0000000437000000, 0x0000000437000000, 0x0000000437800000|  0%| F|  |TAMS 0x0000000437000000, 0x0000000437000000| Untracked 
| 109|0x0000000437800000, 0x0000000437800000, 0x0000000438000000|  0%| F|  |TAMS 0x0000000437800000, 0x0000000437800000| Untracked 
| 110|0x0000000438000000, 0x0000000438000000, 0x0000000438800000|  0%| F|  |TAMS 0x0000000438000000, 0x0000000438000000| Untracked 
| 111|0x0000000438800000, 0x0000000438800000, 0x0000000439000000|  0%| F|  |TAMS 0x0000000438800000, 0x0000000438800000| Untracked 
| 112|0x0000000439000000, 0x0000000439000000, 0x0000000439800000|  0%| F|  |TAMS 0x0000000439000000, 0x0000000439000000| Untracked 
| 113|0x0000000439800000, 0x0000000439800000, 0x000000043a000000|  0%| F|  |TAMS 0x0000000439800000, 0x0000000439800000| Untracked 
| 114|0x000000043a000000, 0x000000043a000000, 0x000000043a800000|  0%| F|  |TAMS 0x000000043a000000, 0x000000043a000000| Untracked 
| 115|0x000000043a800000, 0x000000043a800000, 0x000000043b000000|  0%| F|  |TAMS 0x000000043a800000, 0x000000043a800000| Untracked 
| 116|0x000000043b000000, 0x000000043b000000, 0x000000043b800000|  0%| F|  |TAMS 0x000000043b000000, 0x000000043b000000| Untracked 
| 117|0x000000043b800000, 0x000000043b800000, 0x000000043c000000|  0%| F|  |TAMS 0x000000043b800000, 0x000000043b800000| Untracked 
| 118|0x000000043c000000, 0x000000043c000000, 0x000000043c800000|  0%| F|  |TAMS 0x000000043c000000, 0x000000043c000000| Untracked 
| 119|0x000000043c800000, 0x000000043c800000, 0x000000043d000000|  0%| F|  |TAMS 0x000000043c800000, 0x000000043c800000| Untracked 
| 120|0x000000043d000000, 0x000000043d000000, 0x000000043d800000|  0%| F|  |TAMS 0x000000043d000000, 0x000000043d000000| Untracked 
| 121|0x000000043d800000, 0x000000043dddc9d8, 0x000000043e000000| 73%| S|CS|TAMS 0x000000043d800000, 0x000000043d800000| Complete 
| 122|0x000000043e000000, 0x000000043e000000, 0x000000043e800000|  0%| F|  |TAMS 0x000000043e000000, 0x000000043e000000| Untracked 
| 123|0x000000043e800000, 0x000000043e800000, 0x000000043f000000|  0%| F|  |TAMS 0x000000043e800000, 0x000000043e800000| Untracked 
| 124|0x000000043f000000, 0x000000043f000000, 0x000000043f800000|  0%| F|  |TAMS 0x000000043f000000, 0x000000043f000000| Untracked 
| 125|0x000000043f800000, 0x000000043f800000, 0x0000000440000000|  0%| F|  |TAMS 0x000000043f800000, 0x000000043f800000| Untracked 
| 126|0x0000000440000000, 0x0000000440000000, 0x0000000440800000|  0%| F|  |TAMS 0x0000000440000000, 0x0000000440000000| Untracked 
| 127|0x0000000440800000, 0x0000000440a461a8, 0x0000000441000000| 28%| E|  |TAMS 0x0000000440800000, 0x0000000440800000| Complete 

Card table byte_map: [0x0000023065d90000,0x0000023067d90000] _byte_map_base: 0x0000023063d88000

Marking Bits (Prev, Next): (CMBitMap*) 0x000002304c8da790, (CMBitMap*) 0x000002304c8da7d0
 Prev Bits: [0x0000023069d90000, 0x0000023079d50000)
 Next Bits: [0x0000023000000000, 0x000002300ffc0000)

Polling page: 0x000002304c000000

Metaspace:

Usage:
  Non-class:      7.21 MB capacity,     7.07 MB ( 98%) used,   136.16 KB (  2%) free+waste,    10.94 KB ( <1%) overhead. 
      Class:    894.00 KB capacity,   819.80 KB ( 92%) used,    69.70 KB (  8%) free+waste,     4.50 KB ( <1%) overhead. 
       Both:      8.08 MB capacity,     7.87 MB ( 97%) used,   205.87 KB (  2%) free+waste,    15.44 KB ( <1%) overhead. 

Virtual space:
  Non-class space:        8.00 MB reserved,       7.25 MB ( 91%) committed 
      Class space:        1.00 GB reserved,     896.00 KB ( <1%) committed 
             Both:        1.01 GB reserved,       8.12 MB ( <1%) committed 

Chunk freelists:
   Non-Class:  40.00 KB
       Class:  2.00 KB
        Both:  42.00 KB

MaxMetaspaceSize: 17179869184.00 GB
CompressedClassSpaceSize: 1.00 GB

CodeHeap 'non-profiled nmethods': size=120000Kb used=766Kb max_used=766Kb free=119233Kb
 bounds [0x000002305c530000, 0x000002305c7a0000, 0x0000023063a60000]
CodeHeap 'profiled nmethods': size=120000Kb used=2293Kb max_used=2293Kb free=117707Kb
 bounds [0x0000023055000000, 0x0000023055270000, 0x000002305c530000]
CodeHeap 'non-nmethods': size=5760Kb used=1281Kb max_used=1328Kb free=4478Kb
 bounds [0x0000023054a60000, 0x0000023054cd0000, 0x0000023055000000]
 total_blobs=1956 nmethods=1384 adapters=485
 compilation: enabled
              stopped_count=0, restarted_count=0
 full_count=0

Compilation events (20 events):
Event: 5.186 Thread 0x000002307c389f50 nmethod 1374 0x000002305c5e3a90 code [0x000002305c5e3c00, 0x000002305c5e3d98]
Event: 5.186 Thread 0x000002307c389f50 1375       4       java.awt.Component::getGraphics (124 bytes)
Event: 5.190 Thread 0x000002307c389f50 nmethod 1375 0x000002305c5e3e90 code [0x000002305c5e4060, 0x000002305c5e4688]
Event: 5.190 Thread 0x000002307c389f50 1376       4       sun.java2d.d3d.D3DBlitLoops::createPackedParams (60 bytes)
Event: 5.191 Thread 0x000002307c389f50 nmethod 1376 0x000002305c5e4b90 code [0x000002305c5e4d00, 0x000002305c5e4dd8]
Event: 5.191 Thread 0x000002307c389f50 1378       4       main.Initializer::tick (26 bytes)
Event: 5.192 Thread 0x000002307c389f50 nmethod 1378 0x000002305c5e4f10 code [0x000002305c5e50a0, 0x000002305c5e51a8]
Event: 5.192 Thread 0x000002307c389f50 1377       4       javax.swing.JRootPane::disableTrueDoubleBuffering (48 bytes)
Event: 5.192 Thread 0x000002307c389f50 nmethod 1377 0x000002305c5e5290 code [0x000002305c5e5400, 0x000002305c5e5478]
Event: 5.259 Thread 0x000002307c389f50 1379       4       sun.java2d.SunGraphics2D::drawHiDPIImage (532 bytes)
Event: 5.266 Thread 0x000002307c389f50 nmethod 1379 0x000002305c5e5590 code [0x000002305c5e5760, 0x000002305c5e59d8]
Event: 5.335 Thread 0x000002307c389f50 1380   !   4       sun.java2d.d3d.D3DBlitLoops::IsoBlit (202 bytes)
Event: 5.358 Thread 0x000002307c389f50 nmethod 1380 0x000002305c5e5d90 code [0x000002305c5e5fe0, 0x000002305c5e7af0]
Event: 5.769 Thread 0x000002307c389f50 1381       4       main.Initializer::render (105 bytes)
Event: 5.848 Thread 0x000002307c389f50 nmethod 1381 0x000002305c5e8d90 code [0x000002305c5e9100, 0x000002305c5eb9a8]
Event: 5.849 Thread 0x000002307c389f50 1382       4       sun.font.SunFontManager::findFont2D (1001 bytes)
Event: 5.878 Thread 0x000002307c389f50 nmethod 1382 0x000002305c5ed210 code [0x000002305c5ed420, 0x000002305c5ee7b8]
Event: 5.913 Thread 0x000002307c38ea80 1383   !   3       java.awt.KeyboardFocusManager::processCurrentLightweightRequests (345 bytes)
Event: 5.922 Thread 0x000002307c38ea80 nmethod 1383 0x0000023055221490 code [0x00000230552218c0, 0x0000023055223bb8]
Event: 5.922 Thread 0x000002307c38ea80 1384   !   3       java.awt.DefaultKeyboardFocusManager::dispatchEvent (1621 bytes)

GC Heap History (2 events):
Event: 5.914 GC heap before
{Heap before GC invocations=0 (full 0):
 garbage-first heap   total 1048576K, used 49152K [0x0000000401000000, 0x0000000800000000)
  region size 8192K, 6 young (49152K), 0 survivors (0K)
 Metaspace       used 8006K, capacity 8214K, committed 8320K, reserved 1056768K
  class space    used 819K, capacity 894K, committed 896K, reserved 1048576K
}
Event: 5.920 GC heap after
{Heap after GC invocations=1 (full 0):
 garbage-first heap   total 1048576K, used 6002K [0x0000000401000000, 0x0000000800000000)
  region size 8192K, 1 young (8192K), 1 survivors (8192K)
 Metaspace       used 8006K, capacity 8214K, committed 8320K, reserved 1056768K
  class space    used 819K, capacity 894K, committed 896K, reserved 1048576K
}

Deoptimization events (20 events):
Event: 3.571 Thread 0x000002307d2044c0 Uncommon trap: trap_request=0xffffffcc fr.pc=0x000002305c5ca92c relative=0x000000000000020c
Event: 3.571 Thread 0x000002307d2044c0 Uncommon trap: reason=intrinsic_or_type_checked_inlining action=make_not_entrant pc=0x000002305c5ca92c method=java.util.Arrays.copyOf([Ljava/lang/Object;ILjava/lang/Class;)[Ljava/lang/Object; @ 35 c2
Event: 3.571 Thread 0x000002307d2044c0 DEOPT PACKING pc=0x000002305c5ca92c sp=0x000000a51a6fef90
Event: 3.571 Thread 0x000002307d2044c0 DEOPT UNPACKING pc=0x0000023054aae42f sp=0x000000a51a6fef20 mode 2
Event: 4.319 Thread 0x000002307d2044c0 Uncommon trap: trap_request=0xffffffdc fr.pc=0x000002305c5cc53c relative=0x000000000000019c
Event: 4.319 Thread 0x000002307d2044c0 Uncommon trap: reason=class_check action=make_not_entrant pc=0x000002305c5cc53c method=java.util.ArrayList.toArray([Ljava/lang/Object;)[Ljava/lang/Object; @ 21 c2
Event: 4.319 Thread 0x000002307d2044c0 DEOPT PACKING pc=0x000002305c5cc53c sp=0x000000a51a6feff0
Event: 4.319 Thread 0x000002307d2044c0 DEOPT UNPACKING pc=0x0000023054aae42f sp=0x000000a51a6fefb0 mode 2
Event: 5.920 Thread 0x000002301433e320 Uncommon trap: trap_request=0xffffff45 fr.pc=0x000002305c5d15e4 relative=0x00000000000014c4
Event: 5.920 Thread 0x000002301433e320 Uncommon trap: reason=unstable_if action=reinterpret pc=0x000002305c5d15e4 method=java.lang.ref.SoftReference.get()Ljava/lang/Object; @ 17 c2
Event: 5.920 Thread 0x000002301433e320 DEOPT PACKING pc=0x000002305c5d15e4 sp=0x000000a51a5fec20
Event: 5.920 Thread 0x000002301433e320 DEOPT UNPACKING pc=0x0000023054aae42f sp=0x000000a51a5fea38 mode 2
Event: 5.920 Thread 0x000002301433e320 Uncommon trap: trap_request=0xffffff45 fr.pc=0x000002305c5d6604 relative=0x0000000000000704
Event: 5.920 Thread 0x000002301433e320 Uncommon trap: reason=unstable_if action=reinterpret pc=0x000002305c5d6604 method=sun.java2d.d3d.D3DScreenUpdateManager.createGraphics(Lsun/java2d/SurfaceData;Lsun/awt/windows/WComponentPeer;Ljava/awt/Color;Ljava/awt/Color;Ljava/awt/Font;)Ljava/awt/Graphi
Event: 5.920 Thread 0x000002301433e320 DEOPT PACKING pc=0x000002305c5d6604 sp=0x000000a51a5fecd0
Event: 5.920 Thread 0x000002301433e320 DEOPT UNPACKING pc=0x0000023054aae42f sp=0x000000a51a5fecb8 mode 2
Event: 5.920 Thread 0x000002301433e320 Uncommon trap: trap_request=0xffffff45 fr.pc=0x000002305c5e6f44 relative=0x0000000000000f64
Event: 5.920 Thread 0x000002301433e320 Uncommon trap: reason=unstable_if action=reinterpret pc=0x000002305c5e6f44 method=sun.java2d.d3d.D3DScreenUpdateManager.runUpdateNow()V @ 8 c2
Event: 5.920 Thread 0x000002301433e320 DEOPT PACKING pc=0x000002305c5e6f44 sp=0x000000a51a5feba0
Event: 5.920 Thread 0x000002301433e320 DEOPT UNPACKING pc=0x0000023054aae42f sp=0x000000a51a5fea58 mode 2

Classes unloaded (0 events):
No events

Classes redefined (0 events):
No events

Internal exceptions (20 events):
Event: 3.203 Thread 0x000002301433e320 Exception <a 'java/lang/ArrayIndexOutOfBoundsException'{0x000000043f5954b8}> (0x000000043f5954b8) 
thrown [./open/src/hotspot/share/runtime/sharedRuntime.cpp, line 585]
Event: 3.289 Thread 0x000002301433e320 Exception <a 'java/lang/ArrayIndexOutOfBoundsException'{0x000000043f601d80}> (0x000000043f601d80) 
thrown [./open/src/hotspot/share/runtime/sharedRuntime.cpp, line 585]
Event: 3.390 Thread 0x000002301433e320 Exception <a 'java/lang/ArrayIndexOutOfBoundsException'{0x000000043f66e3e0}> (0x000000043f66e3e0) 
thrown [./open/src/hotspot/share/runtime/sharedRuntime.cpp, line 585]
Event: 3.470 Thread 0x000002301433e320 Exception <a 'java/lang/ArrayIndexOutOfBoundsException'{0x000000043f6db2d0}> (0x000000043f6db2d0) 
thrown [./open/src/hotspot/share/runtime/sharedRuntime.cpp, line 585]
Event: 3.539 Thread 0x000002301433e320 Exception <a 'java/lang/ArrayIndexOutOfBoundsException'{0x000000043f747950}> (0x000000043f747950) 
thrown [./open/src/hotspot/share/runtime/sharedRuntime.cpp, line 585]
Event: 3.598 Thread 0x000002301433e320 Exception <a 'java/lang/ArrayIndexOutOfBoundsException'{0x000000043f7b4278}> (0x000000043f7b4278) 
thrown [./open/src/hotspot/share/runtime/sharedRuntime.cpp, line 585]
Event: 3.670 Thread 0x000002301433e320 Exception <a 'java/lang/ArrayIndexOutOfBoundsException'{0x000000043e820da8}> (0x000000043e820da8) 
thrown [./open/src/hotspot/share/runtime/sharedRuntime.cpp, line 585]
Event: 3.740 Thread 0x000002301433e320 Exception <a 'java/lang/ArrayIndexOutOfBoundsException'{0x000000043e88d428}> (0x000000043e88d428) 
thrown [./open/src/hotspot/share/runtime/sharedRuntime.cpp, line 585]
Event: 3.811 Thread 0x000002301433e320 Exception <a 'java/lang/ArrayIndexOutOfBoundsException'{0x000000043e8f9d58}> (0x000000043e8f9d58) 
thrown [./open/src/hotspot/share/runtime/sharedRuntime.cpp, line 585]
Event: 3.869 Thread 0x000002301433e320 Exception <a 'java/lang/ArrayIndexOutOfBoundsException'{0x000000043e9663d8}> (0x000000043e9663d8) 
thrown [./open/src/hotspot/share/runtime/sharedRuntime.cpp, line 585]
Event: 3.925 Thread 0x000002301433e320 Exception <a 'java/lang/ArrayIndexOutOfBoundsException'{0x000000043e9d2a38}> (0x000000043e9d2a38) 
thrown [./open/src/hotspot/share/runtime/sharedRuntime.cpp, line 585]
Event: 3.984 Thread 0x000002301433e320 Exception <a 'java/lang/ArrayIndexOutOfBoundsException'{0x000000043ea3f318}> (0x000000043ea3f318) 
thrown [./open/src/hotspot/share/runtime/sharedRuntime.cpp, line 585]
Event: 4.041 Thread 0x000002301433e320 Exception <a 'java/lang/ArrayIndexOutOfBoundsException'{0x000000043eaab978}> (0x000000043eaab978) 
thrown [./open/src/hotspot/share/runtime/sharedRuntime.cpp, line 585]
Event: 4.099 Thread 0x000002301433e320 Exception <a 'java/lang/ArrayIndexOutOfBoundsException'{0x000000043eb18288}> (0x000000043eb18288) 
thrown [./open/src/hotspot/share/runtime/sharedRuntime.cpp, line 585]
Event: 4.155 Thread 0x000002301433e320 Exception <a 'java/lang/ArrayIndexOutOfBoundsException'{0x000000043eb84908}> (0x000000043eb84908) 
thrown [./open/src/hotspot/share/runtime/sharedRuntime.cpp, line 585]
Event: 4.214 Thread 0x000002301433e320 Exception <a 'java/lang/ArrayIndexOutOfBoundsException'{0x000000043ebf11b8}> (0x000000043ebf11b8) 
thrown [./open/src/hotspot/share/runtime/sharedRuntime.cpp, line 585]
Event: 4.280 Thread 0x000002301433e320 Exception <a 'java/lang/ArrayIndexOutOfBoundsException'{0x000000043ec5d818}> (0x000000043ec5d818) 
thrown [./open/src/hotspot/share/runtime/sharedRuntime.cpp, line 585]
Event: 4.351 Thread 0x000002301433e320 Exception <a 'java/lang/ArrayIndexOutOfBoundsException'{0x000000043ecc9e78}> (0x000000043ecc9e78) 
thrown [./open/src/hotspot/share/runtime/sharedRuntime.cpp, line 585]
Event: 4.411 Thread 0x000002301433e320 Exception <a 'java/lang/ArrayIndexOutOfBoundsException'{0x000000043ed369e8}> (0x000000043ed369e8) 
thrown [./open/src/hotspot/share/runtime/sharedRuntime.cpp, line 585]
Event: 4.467 Thread 0x000002301433e320 Exception <a 'java/lang/ArrayIndexOutOfBoundsException'{0x000000043eda3068}> (0x000000043eda3068) 
thrown [./open/src/hotspot/share/runtime/sharedRuntime.cpp, line 585]

Events (20 events):
Event: 1.052 Executing VM operation: HandshakeAllThreads done
Event: 1.098 Thread 0x00000230141fe420 Thread added: 0x00000230141fe420
Event: 1.610 Thread 0x00000230141fe420 Thread exited: 0x00000230141fe420
Event: 2.890 Loaded shared library C:\Program Files\Java\jdk-15.0.1\bin\java.dll
Event: 3.052 Executing VM operation: HandshakeAllThreads
Event: 3.052 Executing VM operation: HandshakeAllThreads done
Event: 4.053 Executing VM operation: HandshakeAllThreads
Event: 4.053 Executing VM operation: HandshakeAllThreads done
Event: 5.053 Executing VM operation: HandshakeAllThreads
Event: 5.053 Executing VM operation: HandshakeAllThreads done
Event: 5.335 loading class java/awt/image/BufferedImageOp
Event: 5.335 loading class java/awt/image/BufferedImageOp done
Event: 5.914 Thread 0x0000023014b220b0 Thread added: 0x0000023014b220b0
Event: 5.914 Thread 0x0000023014b21240 Thread added: 0x0000023014b21240
Event: 5.914 Thread 0x0000023014b220b0 Thread exited: 0x0000023014b220b0
Event: 5.914 Executing VM operation: G1CollectForAllocation
Event: 5.920 Executing VM operation: G1CollectForAllocation done
Event: 5.920 Executing VM operation: HandshakeAllThreads
Event: 5.920 Executing VM operation: HandshakeAllThreads done
Event: 5.920 Thread 0x000002307d2044c0 Thread exited: 0x000002307d2044c0


Dynamic libraries:
0x00007ff758420000 - 0x00007ff75842f000 	C:\Program Files\Java\jdk-15.0.1\bin\java.exe
0x00007ffc61c30000 - 0x00007ffc61e25000 	C:\Windows\SYSTEM32\ntdll.dll
0x00007ffc61630000 - 0x00007ffc616ed000 	C:\Windows\System32\KERNEL32.DLL
0x00007ffc5f480000 - 0x00007ffc5f748000 	C:\Windows\System32\KERNELBASE.dll
0x00007ffc5fb90000 - 0x00007ffc5fc90000 	C:\Windows\System32\ucrtbase.dll
0x00007ffc4e0f0000 - 0x00007ffc4e109000 	C:\Program Files\Java\jdk-15.0.1\bin\VCRUNTIME140.dll
0x00007ffc541f0000 - 0x00007ffc54208000 	C:\Program Files\Java\jdk-15.0.1\bin\jli.dll
0x00007ffc5fd80000 - 0x00007ffc5fe2c000 	C:\Windows\System32\ADVAPI32.dll
0x00007ffc60c80000 - 0x00007ffc60d1e000 	C:\Windows\System32\msvcrt.dll
0x00007ffc61590000 - 0x00007ffc6162b000 	C:\Windows\System32\sechost.dll
0x00007ffc60540000 - 0x00007ffc6066b000 	C:\Windows\System32\RPCRT4.dll
0x00007ffc600a0000 - 0x00007ffc60240000 	C:\Windows\System32\USER32.dll
0x00007ffc55ed0000 - 0x00007ffc5616a000 	C:\Windows\WinSxS\amd64_microsoft.windows.common-controls_6595b64144ccf1df_6.0.19041.844_none_ca00b6081b84eb1d\COMCTL32.dll
0x00007ffc5f750000 - 0x00007ffc5f772000 	C:\Windows\System32\win32u.dll
0x00007ffc602b0000 - 0x00007ffc602da000 	C:\Windows\System32\GDI32.dll
0x00007ffc5f370000 - 0x00007ffc5f47b000 	C:\Windows\System32\gdi32full.dll
0x00007ffc5f7b0000 - 0x00007ffc5f84d000 	C:\Windows\System32\msvcp_win.dll
0x00007ffc567f0000 - 0x00007ffc567fa000 	C:\Windows\SYSTEM32\VERSION.dll
0x00007ffc60280000 - 0x00007ffc602b0000 	C:\Windows\System32\IMM32.DLL
0x00007ffc530e0000 - 0x00007ffc530ec000 	C:\Program Files\Java\jdk-15.0.1\bin\vcruntime140_1.dll
0x00007ffc42940000 - 0x00007ffc429d1000 	C:\Program Files\Java\jdk-15.0.1\bin\msvcp140.dll
0x00007ffbfe770000 - 0x00007ffbff2ce000 	C:\Program Files\Java\jdk-15.0.1\bin\server\jvm.dll
0x00007ffc5fd10000 - 0x00007ffc5fd18000 	C:\Windows\System32\PSAPI.DLL
0x00007ffc573c0000 - 0x00007ffc573e7000 	C:\Windows\SYSTEM32\WINMM.dll
0x00007ffc597e0000 - 0x00007ffc597e9000 	C:\Windows\SYSTEM32\WSOCK32.dll
0x00007ffc61520000 - 0x00007ffc6158b000 	C:\Windows\System32\WS2_32.dll
0x00007ffc5d2d0000 - 0x00007ffc5d2e2000 	C:\Windows\SYSTEM32\kernel.appcore.dll
0x00007ffc51870000 - 0x00007ffc5187a000 	C:\Program Files\Java\jdk-15.0.1\bin\jimage.dll
0x00007ffc59b80000 - 0x00007ffc59d64000 	C:\Windows\SYSTEM32\DBGHELP.DLL
0x00007ffc58740000 - 0x00007ffc5876c000 	C:\Windows\SYSTEM32\dbgcore.DLL
0x00007ffc5f950000 - 0x00007ffc5f9d0000 	C:\Windows\System32\bcryptPrimitives.dll
0x00007ffc4d540000 - 0x00007ffc4d565000 	C:\Program Files\Java\jdk-15.0.1\bin\java.dll
0x00007ffc60dd0000 - 0x00007ffc61512000 	C:\Windows\System32\SHELL32.dll
0x00007ffc5d4d0000 - 0x00007ffc5dc61000 	C:\Windows\SYSTEM32\windows.storage.dll
0x00007ffc60850000 - 0x00007ffc60ba5000 	C:\Windows\System32\combase.dll
0x00007ffc5ede0000 - 0x00007ffc5ee0c000 	C:\Windows\SYSTEM32\Wldp.dll
0x00007ffc602e0000 - 0x00007ffc6038e000 	C:\Windows\System32\SHCORE.dll
0x00007ffc60040000 - 0x00007ffc60095000 	C:\Windows\System32\shlwapi.dll
0x00007ffc5f2b0000 - 0x00007ffc5f2cf000 	C:\Windows\SYSTEM32\profapi.dll
0x00007ffc4dfd0000 - 0x00007ffc4dfe9000 	C:\Program Files\Java\jdk-15.0.1\bin\net.dll
0x00007ffc57e30000 - 0x00007ffc57f3b000 	C:\Windows\SYSTEM32\WINHTTP.dll
0x00007ffc5eb50000 - 0x00007ffc5ebba000 	C:\Windows\system32\mswsock.dll
0x00007ffc4dd30000 - 0x00007ffc4dd42000 	C:\Program Files\Java\jdk-15.0.1\bin\nio.dll
0x00007ffc38bc0000 - 0x00007ffc38d40000 	C:\Program Files\Java\jdk-15.0.1\bin\awt.dll
0x00007ffc60bb0000 - 0x00007ffc60c7d000 	C:\Windows\System32\OLEAUT32.dll
0x00007ffc5cd60000 - 0x00007ffc5cdf0000 	C:\Windows\SYSTEM32\apphelp.dll
0x00007ffc5d0c0000 - 0x00007ffc5d0ef000 	C:\Windows\system32\DWMAPI.DLL
0x00007ffc5ce10000 - 0x00007ffc5ceae000 	C:\Windows\system32\uxtheme.dll
0x00007ffc28b60000 - 0x00007ffc28c86000 	C:\Windows\system32\opengl32.dll
0x00007ffc359f0000 - 0x00007ffc35a1c000 	C:\Windows\SYSTEM32\GLU32.dll
0x00007ffc60670000 - 0x00007ffc60785000 	C:\Windows\System32\MSCTF.dll
0x00007ffc5ff10000 - 0x00007ffc6003a000 	C:\Windows\System32\ole32.dll
0x00007ffc2fb70000 - 0x00007ffc2fd3e000 	C:\Windows\system32\d3d9.dll
0x00007ffc4a170000 - 0x00007ffc4a34b000 	C:\Windows\System32\DriverStore\FileRepository\u0359160.inf_amd64_2abe2598d9a3141f\B358802\aticfx64.dll
0x00007ffc50640000 - 0x00007ffc50673000 	C:\Windows\System32\DriverStore\FileRepository\u0359160.inf_amd64_2abe2598d9a3141f\B358802\atiu9p64.dll
0x00007ffbfd470000 - 0x00007ffbfe148000 	C:\Windows\System32\DriverStore\FileRepository\u0359160.inf_amd64_2abe2598d9a3141f\B358802\atiumd64.dll
0x000000006ce50000 - 0x000000006dcde000 	C:\Windows\System32\DriverStore\FileRepository\u0359160.inf_amd64_2abe2598d9a3141f\B358802\atiumd6a.dll
0x00007ffc5e910000 - 0x00007ffc5e95b000 	C:\Windows\SYSTEM32\POWRPROF.dll
0x00007ffc5e7d0000 - 0x00007ffc5e7e2000 	C:\Windows\SYSTEM32\UMPDC.dll
0x00007ffc489c0000 - 0x00007ffc489ef000 	C:\Windows\SYSTEM32\amdihk64.dll
0x00007ffc4a350000 - 0x00007ffc4a38b000 	C:\Windows\SYSTEM32\dxcore.dll
0x00007ffc5f850000 - 0x00007ffc5f89e000 	C:\Windows\System32\cfgmgr32.dll
0x00007ffc4cd00000 - 0x00007ffc4cd18000 	C:\Program Files\Java\jdk-15.0.1\bin\zip.dll
0x00007ffc3a1e0000 - 0x00007ffc3a265000 	C:\Program Files\Java\jdk-15.0.1\bin\freetype.dll
0x00007ffc391e0000 - 0x00007ffc39289000 	C:\Program Files\Java\jdk-15.0.1\bin\fontmanager.dll
0x00007ffc50f10000 - 0x00007ffc51009000 	C:\Windows\SYSTEM32\textinputframework.dll
0x00007ffc5c8b0000 - 0x00007ffc5cc0e000 	C:\Windows\System32\CoreUIComponents.dll
0x00007ffc5cc10000 - 0x00007ffc5cd02000 	C:\Windows\System32\CoreMessaging.dll
0x00007ffc5e0b0000 - 0x00007ffc5e0e3000 	C:\Windows\SYSTEM32\ntmarta.dll
0x00007ffc5c750000 - 0x00007ffc5c8a4000 	C:\Windows\SYSTEM32\wintypes.dll

dbghelp: loaded successfully - version: 4.0.5 - missing functions: none
symbol engine: initialized successfully - sym options: 0x614 - pdb path: .;C:\Program Files\Java\jdk-15.0.1\bin;C:\Windows\SYSTEM32;C:\Windows\WinSxS\amd64_microsoft.windows.common-controls_6595b64144ccf1df_6.0.19041.844_none_ca00b6081b84eb1d;C:\Program Files\Java\jdk-15.0.1\bin\server;C:\Windows\System32\DriverStore\FileRepository\u0359160.inf_amd64_2abe2598d9a3141f\B358802

VM Arguments:
jvm_args: -Dfile.encoding=UTF-8 --module-path=C:\Users\hazya\OneDrive\Documents\NetBeansProjects\3D_TETRIS_B\build\classes 
java_command: main.Initializer
java_class_path (initial): C:\Users\hazya\OneDrive\Documents\NetBeansProjects\3D_TETRIS_B\build\classes
Launcher Type: SUN_STANDARD

[Global flags]
     intx CICompilerCount                          = 4                                         {product} {ergonomic}
     uint ConcGCThreads                            = 2                                         {product} {ergonomic}
     uint G1ConcRefinementThreads                  = 8                                         {product} {ergonomic}
   size_t G1HeapRegionSize                         = 8388608                                   {product} {ergonomic}
    uintx GCDrainStackTargetSize                   = 64                                        {product} {ergonomic}
   size_t InitialHeapSize                          = 1073741824                                {product} {ergonomic}
   size_t MarkStackSize                            = 4194304                                   {product} {ergonomic}
   size_t MaxHeapSize                              = 17163091968                               {product} {ergonomic}
   size_t MaxNewSize                               = 10292822016                               {product} {ergonomic}
   size_t MinHeapDeltaBytes                        = 8388608                                   {product} {ergonomic}
   size_t MinHeapSize                              = 8388608                                   {product} {ergonomic}
    uintx NonNMethodCodeHeapSize                   = 5839372                                {pd product} {ergonomic}
    uintx NonProfiledCodeHeapSize                  = 122909434                              {pd product} {ergonomic}
    uintx ProfiledCodeHeapSize                     = 122909434                              {pd product} {ergonomic}
    uintx ReservedCodeCacheSize                    = 251658240                              {pd product} {ergonomic}
     bool SegmentedCodeCache                       = true                                      {product} {ergonomic}
   size_t SoftMaxHeapSize                          = 17163091968                            {manageable} {ergonomic}
     bool UseCompressedClassPointers               = true                                 {lp64_product} {ergonomic}
     bool UseCompressedOops                        = true                                 {lp64_product} {ergonomic}
     bool UseG1GC                                  = true                                      {product} {ergonomic}
     bool UseLargePagesIndividualAllocation        = false                                  {pd product} {ergonomic}

Logging:
Log output configuration:
 #0: stdout all=warning uptime,level,tags
 #1: stderr all=off uptime,level,tags

Environment Variables:
PATH=C:\Program Files\Common Files\Oracle\Java\javapath;C:\Program Files (x86)\Common Files\Oracle\Java\javapath;C:\Windows\system32;C:\Windows;C:\Windows\System32\Wbem;C:\Windows\System32\WindowsPowerShell\v1.0\;C:\Windows\System32\OpenSSH\;C:\Program Files\dotnet\;C:\ProgramData\chocolatey\bin;C:\tools\Manim\Scripts;C:\Program Files\Git\cmd;C:\Users\hazya\AppData\Local\Microsoft\WindowsApps;C:\Users\hazya\.dotnet\tools;C:\Users\hazya\AppData\Local\Programs\Microsoft VS Code\bin
USERNAME=hazya
OS=Windows_NT
PROCESSOR_IDENTIFIER=Intel64 Family 6 Model 62 Stepping 4, GenuineIntel



---------------  S Y S T E M  ---------------

OS:
 Windows 10 , 64 bit Build 19041 (10.0.19041.928)
OS uptime: 8 days 20:17 hours

CPU: total 8 (initial active 8) (4 cores per cpu, 2 threads per core) family 6 model 62 stepping 4 microcode 0x42e, cmov, cx8, fxsr, mmx, sse, sse2, sse3, ssse3, sse4.1, sse4.2, popcnt, vzeroupper, avx, aes, clmul, erms, ht, tsc, tscinvbit, clflush

Memory: 4k page, system-wide physical 65459M (47291M free)
TotalPageFile size 75187M (AvailPageFile size 50214M)
current process WorkingSet (physical memory assigned to process): 139M, peak: 153M
current process commit charge ("private bytes"): 1216M, peak: 1243M

vm_info: Java HotSpot(TM) 64-Bit Server VM (15.0.1+9-18) for windows-amd64 JRE (15.0.1+9-18), built on Sep 15 2020 14:43:54 by "mach5one" with unknown MS VC++:1925

END.
