#
# A fatal error has been detected by the Java Runtime Environment:
#
#  EXCEPTION_ACCESS_VIOLATION (0xc0000005) at pc=0x00007ffc2fb7f51e, pid=17168, tid=16040
#
# JRE version: Java(TM) SE Runtime Environment (15.0.1+9) (build 15.0.1+9-18)
# Java VM: Java HotSpot(TM) 64-Bit Server VM (15.0.1+9-18, mixed mode, sharing, tiered, compressed oops, g1 gc, windows-amd64)
# Problematic frame:
# C  [d3d9.dll+0xf51e]
#
# No core dump will be written. Minidumps are not enabled by default on client versions of Windows
#
# If you would like to submit a bug report, please visit:
#   https://bugreport.java.com/bugreport/crash.jsp
# The crash happened outside the Java Virtual Machine in native code.
# See problematic frame for where to report the bug.
#

---------------  S U M M A R Y ------------

Command Line: -Dfile.encoding=UTF-8 --module-path=C:\Users\hazya\OneDrive\Documents\NetBeansProjects\3D_TETRIS_B\build\classes main.Initializer

Host: Intel(R) Xeon(R) CPU E5-1620 v2 @ 3.70GHz, 8 cores, 63G,  Windows 10 , 64 bit Build 19041 (10.0.19041.928)
Time: Tue Apr 27 21:02:52 2021 FLE Daylight Time elapsed time: 12.295237 seconds (0d 0h 0m 12s)

---------------  T H R E A D  ---------------

Current thread (0x0000013bef0bf9c0):  JavaThread "AWT-Windows" daemon [_thread_in_native, id=16040, stack(0x00000007d5000000,0x00000007d5100000)]

Stack: [0x00000007d5000000,0x00000007d5100000],  sp=0x00000007d50feeb0,  free space=1019k
Native frames: (J=compiled Java code, j=interpreted, Vv=VM code, C=native code)
C  [d3d9.dll+0xf51e]

Java frames: (J=compiled Java code, j=interpreted, Vv=VM code)
j  sun.awt.windows.WToolkit.eventLoop()V+0 java.desktop@15.0.1
j  sun.awt.windows.WToolkit.run()V+50 java.desktop@15.0.1
j  java.lang.Thread.run()V+11 java.base@15.0.1
v  ~StubRoutines::call_stub

siginfo: EXCEPTION_ACCESS_VIOLATION (0xc0000005), reading address 0x0000013bef4069a8


Register to memory mapping:

RIP=0x00007ffc2fb7f51e d3d9.dll
RAX=0x0 is NULL
RBX=0x0000013bef406960 is an unknown value
RCX=0x0000013bef406960 is an unknown value
RDX=0x0000013bf5f5ef40 points into unknown readable memory: 0x00007ffc2fcc0850 | 50 08 cc 2f fc 7f 00 00
RSP=0x00000007d50feeb0 is pointing into the stack for thread: 0x0000013bef0bf9c0
RBP=0x00007ffc38cec7e0 awt.dll
RSI=0x0000013bef406960 is an unknown value
RDI=0x0 is NULL
R8 =0x0000013bf1c440b8 points into unknown readable memory: 0x00007ffbfd49b010 | 10 b0 49 fd fb 7f 00 00
R9 =0x0000000000000001 is an unknown value
R10=0x0000000000008000 is an unknown value
R11=0x00000007d50fefe0 is pointing into the stack for thread: 0x0000013bef0bf9c0
R12=0x0 is NULL
R13={method} {0x0000013bee47d010} 'eventLoop' '()V' in 'sun/awt/windows/WToolkit'
R14=0x00000007d50ff2c8 is pointing into the stack for thread: 0x0000013bef0bf9c0
R15=0x0000013bef0bf9c0 is a thread


Registers:
RAX=0x0000000000000000, RBX=0x0000013bef406960, RCX=0x0000013bef406960, RDX=0x0000013bf5f5ef40
RSP=0x00000007d50feeb0, RBP=0x00007ffc38cec7e0, RSI=0x0000013bef406960, RDI=0x0000000000000000
R8 =0x0000013bf1c440b8, R9 =0x0000000000000001, R10=0x0000000000008000, R11=0x00000007d50fefe0
R12=0x0000000000000000, R13=0x0000013bee47d008, R14=0x00000007d50ff2c8, R15=0x0000013bef0bf9c0
RIP=0x00007ffc2fb7f51e, EFLAGS=0x0000000000010202

Top of Stack: (sp=0x00000007d50feeb0)
0x00000007d50feeb0:   0000013bef0bf9c0 00007ffc61c55ba1
0x00000007d50feec0:   0000000000000000 00007ffb21010020
0x00000007d50feed0:   0000013bef0b7ad0 0000000000000000
0x00000007d50feee0:   fffffffffffffffe 00007ffbfd49b0f4
0x00000007d50feef0:   0000013bef0e51c8 00007ffc2fb7f412
0x00000007d50fef00:   0000013befb9dcd8 0000013bf72c8010
0x00000007d50fef10:   00000007d50fedb0 00000007d50fefe0
0x00000007d50fef20:   0000000000000000 00007ffc2fb8ad1c
0x00000007d50fef30:   0000013bef0e51c8 0000000000000001
0x00000007d50fef40:   0000000000000000 00007ffc61c55ba1
0x00000007d50fef50:   0000013bef2bd948 00007ffc2fb783f7
0x00000007d50fef60:   0000000000000000 0000013bac200000
0x00000007d50fef70:   0000013bf72c8ed0 00007ffc61c547b1
0x00000007d50fef80:   0000013bef068500 0000013b0000002d
0x00000007d50fef90:   00007ffc00000040 fffffffffffffffe
0x00000007d50fefa0:   0000013bef2b9820 0000000000000001 

Instructions: (pc=0x00007ffc2fb7f51e)
0x00007ffc2fb7f41e:   cb 48 8b 5c 24 30 48 8b 74 24 38 48 83 c4 20 5f
0x00007ffc2fb7f42e:   e9 0d 00 00 00 cc cc cc cc cc cc cc cc cc cc cc
0x00007ffc2fb7f43e:   cc cc 40 53 48 83 ec 20 83 79 50 03 48 8b d9 74
0x00007ffc2fb7f44e:   2a 48 83 79 20 00 74 0d 48 8d 51 f8 48 8b 49 10
0x00007ffc2fb7f45e:   e8 25 00 00 00 48 8b 4b 10 48 8b 43 40 48 39 81
0x00007ffc2fb7f46e:   10 41 00 00 77 05 e8 5b 00 00 00 48 83 c4 20 5b
0x00007ffc2fb7f47e:   c3 cc cc cc cc cc cc cc cc cc 48 8b c4 41 56 48
0x00007ffc2fb7f48e:   83 ec 40 48 c7 40 f0 fe ff ff ff 48 89 58 08 48
0x00007ffc2fb7f49e:   89 70 10 48 89 78 18 48 8b f9 83 79 48 06 0f 8c
0x00007ffc2fb7f4ae:   d4 44 04 00 48 8b 5c 24 50 48 8b 74 24 58 48 8b
0x00007ffc2fb7f4be:   7c 24 60 48 83 c4 40 41 5e c3 cc eb e7 cc cc cc
0x00007ffc2fb7f4ce:   cc cc cc cc cc cc 48 83 ec 48 48 c7 44 24 30 fe
0x00007ffc2fb7f4de:   ff ff ff 48 8b 89 18 41 00 00 48 8b 01 45 33 c9
0x00007ffc2fb7f4ee:   45 33 c0 33 d2 48 8b 40 68 ff 15 2b 89 14 00 90
0x00007ffc2fb7f4fe:   48 83 c4 48 c3 cc eb f8 cc cc cc cc cc cc 40 53
0x00007ffc2fb7f50e:   48 83 ec 40 48 c7 44 24 30 fe ff ff ff 48 8b d9
0x00007ffc2fb7f51e:   83 79 48 08 0f 8c ea 44 04 00 48 83 c4 40 5b c3
0x00007ffc2fb7f52e:   cc eb f7 cc cc cc cc cc cc cc 4c 8b dc 49 89 5b
0x00007ffc2fb7f53e:   10 49 89 6b 18 49 89 73 20 57 41 54 41 55 41 56
0x00007ffc2fb7f54e:   41 57 48 81 ec 50 09 00 00 48 8b 05 2a 4f 1a 00
0x00007ffc2fb7f55e:   48 33 c4 48 89 84 24 40 09 00 00 48 8b bc 24 c8
0x00007ffc2fb7f56e:   09 00 00 4c 8b e1 4c 8b b4 24 d8 09 00 00 33 c9
0x00007ffc2fb7f57e:   48 8b ac 24 e0 09 00 00 33 db 4c 8b bc 24 f0 09
0x00007ffc2fb7f58e:   00 00 48 83 27 00 4c 8b ac 24 20 0a 00 00 49 83
0x00007ffc2fb7f59e:   a3 30 fb ff ff 00 44 89 4c 24 20 44 89 44 24 24
0x00007ffc2fb7f5ae:   48 89 54 24 28 e8 14 f0 ff ff 8b b4 24 d0 09 00
0x00007ffc2fb7f5be:   00 85 c0 0f 84 bd 44 04 00 33 c9 e8 fe ef ff ff
0x00007ffc2fb7f5ce:   85 c0 0f 84 de 44 04 00 ba d0 19 00 00 b9 40 00
0x00007ffc2fb7f5de:   00 00 48 ff 15 69 7d 14 00 0f 1f 44 00 00 48 8b
0x00007ffc2fb7f5ee:   d8 48 85 c0 0f 84 16 02 00 00 33 d2 41 b8 d0 19
0x00007ffc2fb7f5fe:   00 00 48 8b c8 e8 02 85 03 00 48 8b 8c 24 a8 04
0x00007ffc2fb7f60e:   00 00 4c 8b 44 24 28 48 89 0b 48 8d 4b 18 48 89 


Stack slot to memory mapping:
stack at sp + 0 slots: 0x0000013bef0bf9c0 is a thread
stack at sp + 1 slots: 0x00007ffc61c55ba1 ntdll.dll
stack at sp + 2 slots: 0x0 is NULL
stack at sp + 3 slots: 0x00007ffb21010020 is an unknown value
stack at sp + 4 slots: 0x0000013bef0b7ad0 points into unknown readable memory: 0x0000000000000000 | 00 00 00 00 00 00 00 00
stack at sp + 5 slots: 0x0 is NULL
stack at sp + 6 slots: 0xfffffffffffffffe is an unknown value
stack at sp + 7 slots: 0x00007ffbfd49b0f4 atiumd64.dll


---------------  P R O C E S S  ---------------

Threads class SMR info:
_java_thread_list=0x0000013bf582c490, length=19, elements={
0x0000013bede71130, 0x0000013bede71b10, 0x0000013bede88060, 0x0000013bede8ad30,
0x0000013bede8b5f0, 0x0000013bede8e200, 0x0000013beebf9460, 0x0000013beec02140,
0x0000013beebeadd0, 0x0000013beedad700, 0x0000013bef0b6530, 0x0000013bef0b8a10,
0x0000013bef0bf9c0, 0x0000013bf579ae90, 0x0000013bf608d8c0, 0x0000013bef515750,
0x0000013bef515280, 0x0000013beedc5120, 0x0000013beedc41f0
}

Java Threads: ( => current thread )
  0x0000013bede71130 JavaThread "Reference Handler" daemon [_thread_blocked, id=17296, stack(0x00000007d4300000,0x00000007d4400000)]
  0x0000013bede71b10 JavaThread "Finalizer" daemon [_thread_blocked, id=11732, stack(0x00000007d4400000,0x00000007d4500000)]
  0x0000013bede88060 JavaThread "Signal Dispatcher" daemon [_thread_blocked, id=14368, stack(0x00000007d4500000,0x00000007d4600000)]
  0x0000013bede8ad30 JavaThread "Attach Listener" daemon [_thread_blocked, id=7324, stack(0x00000007d4600000,0x00000007d4700000)]
  0x0000013bede8b5f0 JavaThread "Service Thread" daemon [_thread_blocked, id=8148, stack(0x00000007d4700000,0x00000007d4800000)]
  0x0000013bede8e200 JavaThread "C2 CompilerThread0" daemon [_thread_blocked, id=9644, stack(0x00000007d4800000,0x00000007d4900000)]
  0x0000013beebf9460 JavaThread "C1 CompilerThread0" daemon [_thread_blocked, id=15924, stack(0x00000007d4900000,0x00000007d4a00000)]
  0x0000013beec02140 JavaThread "Sweeper thread" daemon [_thread_blocked, id=16764, stack(0x00000007d4a00000,0x00000007d4b00000)]
  0x0000013beebeadd0 JavaThread "Common-Cleaner" daemon [_thread_blocked, id=12576, stack(0x00000007d4b00000,0x00000007d4c00000)]
  0x0000013beedad700 JavaThread "Notification Thread" daemon [_thread_blocked, id=7924, stack(0x00000007d4c00000,0x00000007d4d00000)]
  0x0000013bef0b6530 JavaThread "Java2D Disposer" daemon [_thread_blocked, id=14752, stack(0x00000007d4e00000,0x00000007d4f00000)]
  0x0000013bef0b8a10 JavaThread "AWT-Shutdown" [_thread_blocked, id=17096, stack(0x00000007d4f00000,0x00000007d5000000)]
=>0x0000013bef0bf9c0 JavaThread "AWT-Windows" daemon [_thread_in_native, id=16040, stack(0x00000007d5000000,0x00000007d5100000)]
  0x0000013bf579ae90 JavaThread "AWT-EventQueue-0" [_thread_blocked, id=15572, stack(0x00000007d5f00000,0x00000007d6000000)]
  0x0000013bf608d8c0 JavaThread "Thread-0" [_thread_in_native, id=1748, stack(0x00000007d6000000,0x00000007d6100000)]
  0x0000013bef515750 JavaThread "DestroyJavaVM" [_thread_blocked, id=3336, stack(0x00000007d3c00000,0x00000007d3d00000)]
  0x0000013bef515280 JavaThread "ToolkitShutdown" daemon [_thread_in_native, id=13672, stack(0x00000007d6b00000,0x00000007d6c00000)]
  0x0000013beedc5120 JavaThread "C2 CompilerThread1" daemon [_thread_blocked, id=7004, stack(0x00000007d6c00000,0x00000007d6d00000)]
  0x0000013beedc41f0 JavaThread "C2 CompilerThread2" daemon [_thread_blocked, id=3576, stack(0x00000007d5900000,0x00000007d5a00000)]

Other Threads:
  0x0000013bede6da90 VMThread "VM Thread" [stack: 0x00000007d4200000,0x00000007d4300000] [id=16552]
  0x0000013beedadfd0 WatcherThread [stack: 0x00000007d4d00000,0x00000007d4e00000] [id=12616]
  0x0000013bae40a3a0 GCTaskThread "GC Thread#0" [stack: 0x00000007d3d00000,0x00000007d3e00000] [id=10628]
  0x0000013beeda2760 GCTaskThread "GC Thread#1" [stack: 0x00000007d5e00000,0x00000007d5f00000] [id=10404]
  0x0000013beeda30f0 GCTaskThread "GC Thread#2" [stack: 0x00000007d6200000,0x00000007d6300000] [id=14040]
  0x0000013beeda5730 GCTaskThread "GC Thread#3" [stack: 0x00000007d6300000,0x00000007d6400000] [id=696]
  0x0000013beeda2a90 GCTaskThread "GC Thread#4" [stack: 0x00000007d6400000,0x00000007d6500000] [id=8088]
  0x0000013beeda3420 GCTaskThread "GC Thread#5" [stack: 0x00000007d6500000,0x00000007d6600000] [id=9444]
  0x0000013beeda3a80 GCTaskThread "GC Thread#6" [stack: 0x00000007d6600000,0x00000007d6700000] [id=3664]
  0x0000013beeda5400 GCTaskThread "GC Thread#7" [stack: 0x00000007d6700000,0x00000007d6800000] [id=15412]
  0x0000013bae41c2d0 ConcurrentGCThread "G1 Main Marker" [stack: 0x00000007d3e00000,0x00000007d3f00000] [id=17116]
  0x0000013bae41ccd0 ConcurrentGCThread "G1 Conc#0" [stack: 0x00000007d3f00000,0x00000007d4000000] [id=2964]
  0x0000013beddfd010 ConcurrentGCThread "G1 Refine#0" [stack: 0x00000007d4000000,0x00000007d4100000] [id=6504]
  0x0000013beddfd8c0 ConcurrentGCThread "G1 Young RemSet Sampling" [stack: 0x00000007d4100000,0x00000007d4200000] [id=6960]

Threads with active compile tasks:

VM state: not at safepoint (normal execution)

VM Mutex/Monitor currently owned by a thread: None

Heap address: 0x00000002d6000000, size: 16368 MB, Compressed Oops mode: Zero based, Oop shift amount: 3
CDS archive(s) mapped at: [0x0000000800000000-0x0000000800b50000-0x0000000800b50000), size 11862016, SharedBaseAddress: 0x0000000800000000, ArchiveRelocationMode: 0.
Compressed class space mapped at: 0x0000000800b50000-0x0000000840b50000, size: 1073741824
Narrow klass base: 0x0000000800000000, Narrow klass shift: 3, Narrow klass range: 0x100000000

GC Precious Log:
 CPUs: 8 total, 8 available
 Memory: 65459M
 Large Page Support: Disabled
 NUMA Support: Disabled
 Compressed Oops: Enabled (Zero based)
 Heap Region Size: 8M
 Heap Min Capacity: 8M
 Heap Initial Capacity: 1G
 Heap Max Capacity: 16368M
 Pre-touch: Disabled
 Parallel Workers: 8
 Concurrent Workers: 2
 Concurrent Refinement Workers: 8
 Periodic GC: Disabled

Heap:
 garbage-first heap   total 1048576K, used 137908K [0x00000002d6000000, 0x00000006d5000000)
  region size 8192K, 18 young (147456K), 1 survivors (8192K)
 Metaspace       used 8393K, capacity 8534K, committed 8576K, reserved 1056768K
  class space    used 838K, capacity 894K, committed 896K, reserved 1048576K

Heap Regions: E=young(eden), S=young(survivor), O=old, HS=humongous(starts), HC=humongous(continues), CS=collection set, F=free, OA=open archive, CA=closed archive, TAMS=top-at-mark-start (previous, next)
|   0|0x00000002d6000000, 0x00000002d6663200, 0x00000002d6800000| 79%| O|  |TAMS 0x00000002d6000000, 0x00000002d6000000| Untracked 
|   1|0x00000002d6800000, 0x00000002d6800000, 0x00000002d7000000|  0%| F|  |TAMS 0x00000002d6800000, 0x00000002d6800000| Untracked 
|   2|0x00000002d7000000, 0x00000002d7000000, 0x00000002d7800000|  0%| F|  |TAMS 0x00000002d7000000, 0x00000002d7000000| Untracked 
|   3|0x00000002d7800000, 0x00000002d7800000, 0x00000002d8000000|  0%| F|  |TAMS 0x00000002d7800000, 0x00000002d7800000| Untracked 
|   4|0x00000002d8000000, 0x00000002d8000000, 0x00000002d8800000|  0%| F|  |TAMS 0x00000002d8000000, 0x00000002d8000000| Untracked 
|   5|0x00000002d8800000, 0x00000002d8800000, 0x00000002d9000000|  0%| F|  |TAMS 0x00000002d8800000, 0x00000002d8800000| Untracked 
|   6|0x00000002d9000000, 0x00000002d9000000, 0x00000002d9800000|  0%| F|  |TAMS 0x00000002d9000000, 0x00000002d9000000| Untracked 
|   7|0x00000002d9800000, 0x00000002d9800000, 0x00000002da000000|  0%| F|  |TAMS 0x00000002d9800000, 0x00000002d9800000| Untracked 
|   8|0x00000002da000000, 0x00000002da000000, 0x00000002da800000|  0%| F|  |TAMS 0x00000002da000000, 0x00000002da000000| Untracked 
|   9|0x00000002da800000, 0x00000002da800000, 0x00000002db000000|  0%| F|  |TAMS 0x00000002da800000, 0x00000002da800000| Untracked 
|  10|0x00000002db000000, 0x00000002db000000, 0x00000002db800000|  0%| F|  |TAMS 0x00000002db000000, 0x00000002db000000| Untracked 
|  11|0x00000002db800000, 0x00000002db800000, 0x00000002dc000000|  0%| F|  |TAMS 0x00000002db800000, 0x00000002db800000| Untracked 
|  12|0x00000002dc000000, 0x00000002dc000000, 0x00000002dc800000|  0%| F|  |TAMS 0x00000002dc000000, 0x00000002dc000000| Untracked 
|  13|0x00000002dc800000, 0x00000002dc800000, 0x00000002dd000000|  0%| F|  |TAMS 0x00000002dc800000, 0x00000002dc800000| Untracked 
|  14|0x00000002dd000000, 0x00000002dd000000, 0x00000002dd800000|  0%| F|  |TAMS 0x00000002dd000000, 0x00000002dd000000| Untracked 
|  15|0x00000002dd800000, 0x00000002dd800000, 0x00000002de000000|  0%| F|  |TAMS 0x00000002dd800000, 0x00000002dd800000| Untracked 
|  16|0x00000002de000000, 0x00000002de000000, 0x00000002de800000|  0%| F|  |TAMS 0x00000002de000000, 0x00000002de000000| Untracked 
|  17|0x00000002de800000, 0x00000002de800000, 0x00000002df000000|  0%| F|  |TAMS 0x00000002de800000, 0x00000002de800000| Untracked 
|  18|0x00000002df000000, 0x00000002df000000, 0x00000002df800000|  0%| F|  |TAMS 0x00000002df000000, 0x00000002df000000| Untracked 
|  19|0x00000002df800000, 0x00000002df800000, 0x00000002e0000000|  0%| F|  |TAMS 0x00000002df800000, 0x00000002df800000| Untracked 
|  20|0x00000002e0000000, 0x00000002e0000000, 0x00000002e0800000|  0%| F|  |TAMS 0x00000002e0000000, 0x00000002e0000000| Untracked 
|  21|0x00000002e0800000, 0x00000002e0800000, 0x00000002e1000000|  0%| F|  |TAMS 0x00000002e0800000, 0x00000002e0800000| Untracked 
|  22|0x00000002e1000000, 0x00000002e1000000, 0x00000002e1800000|  0%| F|  |TAMS 0x00000002e1000000, 0x00000002e1000000| Untracked 
|  23|0x00000002e1800000, 0x00000002e1800000, 0x00000002e2000000|  0%| F|  |TAMS 0x00000002e1800000, 0x00000002e1800000| Untracked 
|  24|0x00000002e2000000, 0x00000002e2000000, 0x00000002e2800000|  0%| F|  |TAMS 0x00000002e2000000, 0x00000002e2000000| Untracked 
|  25|0x00000002e2800000, 0x00000002e2800000, 0x00000002e3000000|  0%| F|  |TAMS 0x00000002e2800000, 0x00000002e2800000| Untracked 
|  26|0x00000002e3000000, 0x00000002e3000000, 0x00000002e3800000|  0%| F|  |TAMS 0x00000002e3000000, 0x00000002e3000000| Untracked 
|  27|0x00000002e3800000, 0x00000002e3800000, 0x00000002e4000000|  0%| F|  |TAMS 0x00000002e3800000, 0x00000002e3800000| Untracked 
|  28|0x00000002e4000000, 0x00000002e4000000, 0x00000002e4800000|  0%| F|  |TAMS 0x00000002e4000000, 0x00000002e4000000| Untracked 
|  29|0x00000002e4800000, 0x00000002e4800000, 0x00000002e5000000|  0%| F|  |TAMS 0x00000002e4800000, 0x00000002e4800000| Untracked 
|  30|0x00000002e5000000, 0x00000002e5000000, 0x00000002e5800000|  0%| F|  |TAMS 0x00000002e5000000, 0x00000002e5000000| Untracked 
|  31|0x00000002e5800000, 0x00000002e5800000, 0x00000002e6000000|  0%| F|  |TAMS 0x00000002e5800000, 0x00000002e5800000| Untracked 
|  32|0x00000002e6000000, 0x00000002e6000000, 0x00000002e6800000|  0%| F|  |TAMS 0x00000002e6000000, 0x00000002e6000000| Untracked 
|  33|0x00000002e6800000, 0x00000002e6800000, 0x00000002e7000000|  0%| F|  |TAMS 0x00000002e6800000, 0x00000002e6800000| Untracked 
|  34|0x00000002e7000000, 0x00000002e7000000, 0x00000002e7800000|  0%| F|  |TAMS 0x00000002e7000000, 0x00000002e7000000| Untracked 
|  35|0x00000002e7800000, 0x00000002e7800000, 0x00000002e8000000|  0%| F|  |TAMS 0x00000002e7800000, 0x00000002e7800000| Untracked 
|  36|0x00000002e8000000, 0x00000002e8000000, 0x00000002e8800000|  0%| F|  |TAMS 0x00000002e8000000, 0x00000002e8000000| Untracked 
|  37|0x00000002e8800000, 0x00000002e8800000, 0x00000002e9000000|  0%| F|  |TAMS 0x00000002e8800000, 0x00000002e8800000| Untracked 
|  38|0x00000002e9000000, 0x00000002e9000000, 0x00000002e9800000|  0%| F|  |TAMS 0x00000002e9000000, 0x00000002e9000000| Untracked 
|  39|0x00000002e9800000, 0x00000002e9800000, 0x00000002ea000000|  0%| F|  |TAMS 0x00000002e9800000, 0x00000002e9800000| Untracked 
|  40|0x00000002ea000000, 0x00000002ea000000, 0x00000002ea800000|  0%| F|  |TAMS 0x00000002ea000000, 0x00000002ea000000| Untracked 
|  41|0x00000002ea800000, 0x00000002ea800000, 0x00000002eb000000|  0%| F|  |TAMS 0x00000002ea800000, 0x00000002ea800000| Untracked 
|  42|0x00000002eb000000, 0x00000002eb000000, 0x00000002eb800000|  0%| F|  |TAMS 0x00000002eb000000, 0x00000002eb000000| Untracked 
|  43|0x00000002eb800000, 0x00000002eb800000, 0x00000002ec000000|  0%| F|  |TAMS 0x00000002eb800000, 0x00000002eb800000| Untracked 
|  44|0x00000002ec000000, 0x00000002ec000000, 0x00000002ec800000|  0%| F|  |TAMS 0x00000002ec000000, 0x00000002ec000000| Untracked 
|  45|0x00000002ec800000, 0x00000002ec800000, 0x00000002ed000000|  0%| F|  |TAMS 0x00000002ec800000, 0x00000002ec800000| Untracked 
|  46|0x00000002ed000000, 0x00000002ed000000, 0x00000002ed800000|  0%| F|  |TAMS 0x00000002ed000000, 0x00000002ed000000| Untracked 
|  47|0x00000002ed800000, 0x00000002ed800000, 0x00000002ee000000|  0%| F|  |TAMS 0x00000002ed800000, 0x00000002ed800000| Untracked 
|  48|0x00000002ee000000, 0x00000002ee000000, 0x00000002ee800000|  0%| F|  |TAMS 0x00000002ee000000, 0x00000002ee000000| Untracked 
|  49|0x00000002ee800000, 0x00000002ee800000, 0x00000002ef000000|  0%| F|  |TAMS 0x00000002ee800000, 0x00000002ee800000| Untracked 
|  50|0x00000002ef000000, 0x00000002ef000000, 0x00000002ef800000|  0%| F|  |TAMS 0x00000002ef000000, 0x00000002ef000000| Untracked 
|  51|0x00000002ef800000, 0x00000002ef800000, 0x00000002f0000000|  0%| F|  |TAMS 0x00000002ef800000, 0x00000002ef800000| Untracked 
|  52|0x00000002f0000000, 0x00000002f0000000, 0x00000002f0800000|  0%| F|  |TAMS 0x00000002f0000000, 0x00000002f0000000| Untracked 
|  53|0x00000002f0800000, 0x00000002f0800000, 0x00000002f1000000|  0%| F|  |TAMS 0x00000002f0800000, 0x00000002f0800000| Untracked 
|  54|0x00000002f1000000, 0x00000002f1000000, 0x00000002f1800000|  0%| F|  |TAMS 0x00000002f1000000, 0x00000002f1000000| Untracked 
|  55|0x00000002f1800000, 0x00000002f1800000, 0x00000002f2000000|  0%| F|  |TAMS 0x00000002f1800000, 0x00000002f1800000| Untracked 
|  56|0x00000002f2000000, 0x00000002f2000000, 0x00000002f2800000|  0%| F|  |TAMS 0x00000002f2000000, 0x00000002f2000000| Untracked 
|  57|0x00000002f2800000, 0x00000002f2800000, 0x00000002f3000000|  0%| F|  |TAMS 0x00000002f2800000, 0x00000002f2800000| Untracked 
|  58|0x00000002f3000000, 0x00000002f3000000, 0x00000002f3800000|  0%| F|  |TAMS 0x00000002f3000000, 0x00000002f3000000| Untracked 
|  59|0x00000002f3800000, 0x00000002f3800000, 0x00000002f4000000|  0%| F|  |TAMS 0x00000002f3800000, 0x00000002f3800000| Untracked 
|  60|0x00000002f4000000, 0x00000002f4000000, 0x00000002f4800000|  0%| F|  |TAMS 0x00000002f4000000, 0x00000002f4000000| Untracked 
|  61|0x00000002f4800000, 0x00000002f4800000, 0x00000002f5000000|  0%| F|  |TAMS 0x00000002f4800000, 0x00000002f4800000| Untracked 
|  62|0x00000002f5000000, 0x00000002f5000000, 0x00000002f5800000|  0%| F|  |TAMS 0x00000002f5000000, 0x00000002f5000000| Untracked 
|  63|0x00000002f5800000, 0x00000002f5800000, 0x00000002f6000000|  0%| F|  |TAMS 0x00000002f5800000, 0x00000002f5800000| Untracked 
|  64|0x00000002f6000000, 0x00000002f6000000, 0x00000002f6800000|  0%| F|  |TAMS 0x00000002f6000000, 0x00000002f6000000| Untracked 
|  65|0x00000002f6800000, 0x00000002f6800000, 0x00000002f7000000|  0%| F|  |TAMS 0x00000002f6800000, 0x00000002f6800000| Untracked 
|  66|0x00000002f7000000, 0x00000002f7000000, 0x00000002f7800000|  0%| F|  |TAMS 0x00000002f7000000, 0x00000002f7000000| Untracked 
|  67|0x00000002f7800000, 0x00000002f7800000, 0x00000002f8000000|  0%| F|  |TAMS 0x00000002f7800000, 0x00000002f7800000| Untracked 
|  68|0x00000002f8000000, 0x00000002f8000000, 0x00000002f8800000|  0%| F|  |TAMS 0x00000002f8000000, 0x00000002f8000000| Untracked 
|  69|0x00000002f8800000, 0x00000002f8800000, 0x00000002f9000000|  0%| F|  |TAMS 0x00000002f8800000, 0x00000002f8800000| Untracked 
|  70|0x00000002f9000000, 0x00000002f9000000, 0x00000002f9800000|  0%| F|  |TAMS 0x00000002f9000000, 0x00000002f9000000| Untracked 
|  71|0x00000002f9800000, 0x00000002f9800000, 0x00000002fa000000|  0%| F|  |TAMS 0x00000002f9800000, 0x00000002f9800000| Untracked 
|  72|0x00000002fa000000, 0x00000002fa000000, 0x00000002fa800000|  0%| F|  |TAMS 0x00000002fa000000, 0x00000002fa000000| Untracked 
|  73|0x00000002fa800000, 0x00000002fa800000, 0x00000002fb000000|  0%| F|  |TAMS 0x00000002fa800000, 0x00000002fa800000| Untracked 
|  74|0x00000002fb000000, 0x00000002fb000000, 0x00000002fb800000|  0%| F|  |TAMS 0x00000002fb000000, 0x00000002fb000000| Untracked 
|  75|0x00000002fb800000, 0x00000002fb800000, 0x00000002fc000000|  0%| F|  |TAMS 0x00000002fb800000, 0x00000002fb800000| Untracked 
|  76|0x00000002fc000000, 0x00000002fc000000, 0x00000002fc800000|  0%| F|  |TAMS 0x00000002fc000000, 0x00000002fc000000| Untracked 
|  77|0x00000002fc800000, 0x00000002fc800000, 0x00000002fd000000|  0%| F|  |TAMS 0x00000002fc800000, 0x00000002fc800000| Untracked 
|  78|0x00000002fd000000, 0x00000002fd000000, 0x00000002fd800000|  0%| F|  |TAMS 0x00000002fd000000, 0x00000002fd000000| Untracked 
|  79|0x00000002fd800000, 0x00000002fd800000, 0x00000002fe000000|  0%| F|  |TAMS 0x00000002fd800000, 0x00000002fd800000| Untracked 
|  80|0x00000002fe000000, 0x00000002fe000000, 0x00000002fe800000|  0%| F|  |TAMS 0x00000002fe000000, 0x00000002fe000000| Untracked 
|  81|0x00000002fe800000, 0x00000002fe800000, 0x00000002ff000000|  0%| F|  |TAMS 0x00000002fe800000, 0x00000002fe800000| Untracked 
|  82|0x00000002ff000000, 0x00000002ff000000, 0x00000002ff800000|  0%| F|  |TAMS 0x00000002ff000000, 0x00000002ff000000| Untracked 
|  83|0x00000002ff800000, 0x00000002ff800000, 0x0000000300000000|  0%| F|  |TAMS 0x00000002ff800000, 0x00000002ff800000| Untracked 
|  84|0x0000000300000000, 0x0000000300000000, 0x0000000300800000|  0%| F|  |TAMS 0x0000000300000000, 0x0000000300000000| Untracked 
|  85|0x0000000300800000, 0x0000000300800000, 0x0000000301000000|  0%| F|  |TAMS 0x0000000300800000, 0x0000000300800000| Untracked 
|  86|0x0000000301000000, 0x0000000301000000, 0x0000000301800000|  0%| F|  |TAMS 0x0000000301000000, 0x0000000301000000| Untracked 
|  87|0x0000000301800000, 0x0000000301800000, 0x0000000302000000|  0%| F|  |TAMS 0x0000000301800000, 0x0000000301800000| Untracked 
|  88|0x0000000302000000, 0x0000000302000000, 0x0000000302800000|  0%| F|  |TAMS 0x0000000302000000, 0x0000000302000000| Untracked 
|  89|0x0000000302800000, 0x0000000302800000, 0x0000000303000000|  0%| F|  |TAMS 0x0000000302800000, 0x0000000302800000| Untracked 
|  90|0x0000000303000000, 0x0000000303000000, 0x0000000303800000|  0%| F|  |TAMS 0x0000000303000000, 0x0000000303000000| Untracked 
|  91|0x0000000303800000, 0x0000000303800000, 0x0000000304000000|  0%| F|  |TAMS 0x0000000303800000, 0x0000000303800000| Untracked 
|  92|0x0000000304000000, 0x0000000304000000, 0x0000000304800000|  0%| F|  |TAMS 0x0000000304000000, 0x0000000304000000| Untracked 
|  93|0x0000000304800000, 0x0000000304800000, 0x0000000305000000|  0%| F|  |TAMS 0x0000000304800000, 0x0000000304800000| Untracked 
|  94|0x0000000305000000, 0x0000000305000000, 0x0000000305800000|  0%| F|  |TAMS 0x0000000305000000, 0x0000000305000000| Untracked 
|  95|0x0000000305800000, 0x0000000305800000, 0x0000000306000000|  0%| F|  |TAMS 0x0000000305800000, 0x0000000305800000| Untracked 
|  96|0x0000000306000000, 0x0000000306000000, 0x0000000306800000|  0%| F|  |TAMS 0x0000000306000000, 0x0000000306000000| Untracked 
|  97|0x0000000306800000, 0x0000000306800000, 0x0000000307000000|  0%| F|  |TAMS 0x0000000306800000, 0x0000000306800000| Untracked 
|  98|0x0000000307000000, 0x0000000307000000, 0x0000000307800000|  0%| F|  |TAMS 0x0000000307000000, 0x0000000307000000| Untracked 
|  99|0x0000000307800000, 0x0000000307800000, 0x0000000308000000|  0%| F|  |TAMS 0x0000000307800000, 0x0000000307800000| Untracked 
| 100|0x0000000308000000, 0x0000000308000000, 0x0000000308800000|  0%| F|  |TAMS 0x0000000308000000, 0x0000000308000000| Untracked 
| 101|0x0000000308800000, 0x0000000308800000, 0x0000000309000000|  0%| F|  |TAMS 0x0000000308800000, 0x0000000308800000| Untracked 
| 102|0x0000000309000000, 0x0000000309000000, 0x0000000309800000|  0%| F|  |TAMS 0x0000000309000000, 0x0000000309000000| Untracked 
| 103|0x0000000309800000, 0x0000000309800000, 0x000000030a000000|  0%| F|  |TAMS 0x0000000309800000, 0x0000000309800000| Untracked 
| 104|0x000000030a000000, 0x000000030a000000, 0x000000030a800000|  0%| F|  |TAMS 0x000000030a000000, 0x000000030a000000| Untracked 
| 105|0x000000030a800000, 0x000000030a800000, 0x000000030b000000|  0%| F|  |TAMS 0x000000030a800000, 0x000000030a800000| Untracked 
| 106|0x000000030b000000, 0x000000030b000000, 0x000000030b800000|  0%| F|  |TAMS 0x000000030b000000, 0x000000030b000000| Untracked 
| 107|0x000000030b800000, 0x000000030b800000, 0x000000030c000000|  0%| F|  |TAMS 0x000000030b800000, 0x000000030b800000| Untracked 
| 108|0x000000030c000000, 0x000000030c000000, 0x000000030c800000|  0%| F|  |TAMS 0x000000030c000000, 0x000000030c000000| Untracked 
| 109|0x000000030c800000, 0x000000030c800000, 0x000000030d000000|  0%| F|  |TAMS 0x000000030c800000, 0x000000030c800000| Untracked 
| 110|0x000000030d000000, 0x000000030d666e78, 0x000000030d800000| 80%| E|  |TAMS 0x000000030d000000, 0x000000030d000000| Complete 
| 111|0x000000030d800000, 0x000000030e000000, 0x000000030e000000|100%| E|CS|TAMS 0x000000030d800000, 0x000000030d800000| Complete 
| 112|0x000000030e000000, 0x000000030e800000, 0x000000030e800000|100%| E|CS|TAMS 0x000000030e000000, 0x000000030e000000| Complete 
| 113|0x000000030e800000, 0x000000030f000000, 0x000000030f000000|100%| E|CS|TAMS 0x000000030e800000, 0x000000030e800000| Complete 
| 114|0x000000030f000000, 0x000000030f800000, 0x000000030f800000|100%| E|CS|TAMS 0x000000030f000000, 0x000000030f000000| Complete 
| 115|0x000000030f800000, 0x0000000310000000, 0x0000000310000000|100%| E|CS|TAMS 0x000000030f800000, 0x000000030f800000| Complete 
| 116|0x0000000310000000, 0x0000000310800000, 0x0000000310800000|100%| E|CS|TAMS 0x0000000310000000, 0x0000000310000000| Complete 
| 117|0x0000000310800000, 0x000000031084a0c0, 0x0000000311000000|  3%| S|CS|TAMS 0x0000000310800000, 0x0000000310800000| Complete 
| 118|0x0000000311000000, 0x0000000311800000, 0x0000000311800000|100%| E|CS|TAMS 0x0000000311000000, 0x0000000311000000| Complete 
| 119|0x0000000311800000, 0x0000000312000000, 0x0000000312000000|100%| E|CS|TAMS 0x0000000311800000, 0x0000000311800000| Complete 
| 120|0x0000000312000000, 0x0000000312800000, 0x0000000312800000|100%| E|CS|TAMS 0x0000000312000000, 0x0000000312000000| Complete 
| 121|0x0000000312800000, 0x0000000313000000, 0x0000000313000000|100%| E|CS|TAMS 0x0000000312800000, 0x0000000312800000| Complete 
| 122|0x0000000313000000, 0x0000000313800000, 0x0000000313800000|100%| E|CS|TAMS 0x0000000313000000, 0x0000000313000000| Complete 
| 123|0x0000000313800000, 0x0000000314000000, 0x0000000314000000|100%| E|CS|TAMS 0x0000000313800000, 0x0000000313800000| Complete 
| 124|0x0000000314000000, 0x0000000314800000, 0x0000000314800000|100%| E|CS|TAMS 0x0000000314000000, 0x0000000314000000| Complete 
| 125|0x0000000314800000, 0x0000000315000000, 0x0000000315000000|100%| E|CS|TAMS 0x0000000314800000, 0x0000000314800000| Complete 
| 126|0x0000000315000000, 0x0000000315800000, 0x0000000315800000|100%| E|CS|TAMS 0x0000000315000000, 0x0000000315000000| Complete 
| 127|0x0000000315800000, 0x0000000316000000, 0x0000000316000000|100%| E|CS|TAMS 0x0000000315800000, 0x0000000315800000| Complete 

Card table byte_map: [0x0000013bc78c0000,0x0000013bc98c0000] _byte_map_base: 0x0000013bc6210000

Marking Bits (Prev, Next): (CMBitMap*) 0x0000013bae40b9b0, (CMBitMap*) 0x0000013bae40b9f0
 Prev Bits: [0x0000013bcb8c0000, 0x0000013bdb880000)
 Next Bits: [0x0000013bdb880000, 0x0000013beb840000)

Polling page: 0x0000013badb30000

Metaspace:

Usage:
  Non-class:      7.46 MB capacity,     7.38 MB ( 99%) used,    73.51 KB ( <1%) free+waste,    11.19 KB ( <1%) overhead. 
      Class:    894.00 KB capacity,   838.08 KB ( 94%) used,    51.42 KB (  6%) free+waste,     4.50 KB ( <1%) overhead. 
       Both:      8.33 MB capacity,     8.20 MB ( 98%) used,   124.93 KB (  1%) free+waste,    15.69 KB ( <1%) overhead. 

Virtual space:
  Non-class space:        8.00 MB reserved,       7.50 MB ( 94%) committed 
      Class space:        1.00 GB reserved,     896.00 KB ( <1%) committed 
             Both:        1.01 GB reserved,       8.38 MB ( <1%) committed 

Chunk freelists:
   Non-Class:  40.00 KB
       Class:  2.00 KB
        Both:  42.00 KB

MaxMetaspaceSize: 17179869184.00 GB
CompressedClassSpaceSize: 1.00 GB

CodeHeap 'non-profiled nmethods': size=120000Kb used=1083Kb max_used=1083Kb free=118916Kb
 bounds [0x0000013bbe060000, 0x0000013bbe2d0000, 0x0000013bc5590000]
CodeHeap 'profiled nmethods': size=120000Kb used=3057Kb max_used=3057Kb free=116942Kb
 bounds [0x0000013bb6b30000, 0x0000013bb6e30000, 0x0000013bbe060000]
CodeHeap 'non-nmethods': size=5760Kb used=1284Kb max_used=1312Kb free=4475Kb
 bounds [0x0000013bb6590000, 0x0000013bb6800000, 0x0000013bb6b30000]
 total_blobs=2329 nmethods=1756 adapters=486
 compilation: enabled
              stopped_count=0, restarted_count=0
 full_count=0

Compilation events (20 events):
Event: 12.281 Thread 0x0000013beebf9460 1712       2       sun.java2d.SurfaceData::pixelFor (13 bytes)
Event: 12.281 Thread 0x0000013beebf9460 nmethod 1712 0x0000013bb6e18c90 code [0x0000013bb6e18e40, 0x0000013bb6e18f88]
Event: 12.281 Thread 0x0000013beebf9460 1711       3       java.awt.Polygon$PolygonPathIterator::currentSegment (80 bytes)
Event: 12.281 Thread 0x0000013beebf9460 nmethod 1711 0x0000013bb6e19090 code [0x0000013bb6e19260, 0x0000013bb6e19588]
Event: 12.281 Thread 0x0000013beebf9460 1714       1       sun.java2d.SunGraphics2D::getSurfaceData (5 bytes)
Event: 12.281 Thread 0x0000013beebf9460 nmethod 1714 0x0000013bbe15f110 code [0x0000013bbe15f2a0, 0x0000013bbe15f358]
Event: 12.281 Thread 0x0000013beebf9460 1715       3       sun.java2d.SunGraphics2D::validateColor (102 bytes)
Event: 12.282 Thread 0x0000013beebf9460 nmethod 1715 0x0000013bb6e19790 code [0x0000013bb6e19960, 0x0000013bb6e19e98]
Event: 12.282 Thread 0x0000013beebf9460 1717       3       java.awt.geom.AffineTransform::transform (663 bytes)
Event: 12.282 Thread 0x0000013beedc41f0 1716       4       orthoEngine.Face::draw (63 bytes)
Event: 12.283 Thread 0x0000013beebf9460 nmethod 1717 0x0000013bb6e1a010 code [0x0000013bb6e1a2c0, 0x0000013bb6e1b508]
Event: 12.285 Thread 0x0000013beebf9460 1719  s    3       java.awt.ColorPaintContext::getRaster (88 bytes)
Event: 12.285 Thread 0x0000013beebf9460 nmethod 1719 0x0000013bb6e1be90 code [0x0000013bb6e1c0a0, 0x0000013bb6e1c8d8]
Event: 12.285 Thread 0x0000013beebf9460 1720       3       sun.java2d.loops.Blit$GeneralMaskBlit::Blit (28 bytes)
Event: 12.285 Thread 0x0000013beebf9460 nmethod 1720 0x0000013bb6e1cb90 code [0x0000013bb6e1cd40, 0x0000013bb6e1cf88]
Event: 12.287 Thread 0x0000013beedc5120 nmethod 1704 0x0000013bbe15f910 code [0x0000013bbe15fb00, 0x0000013bbe1600a8]
Event: 12.287 Thread 0x0000013beedc5120 1710       4       sun.java2d.SunGraphics2D::setColor (108 bytes)
Event: 12.287 Thread 0x0000013beebf9460 1724       3       sun.java2d.pipe.SpanShapeRenderer$Composite::renderBox (21 bytes)
Event: 12.287 Thread 0x0000013beebf9460 nmethod 1724 0x0000013bb6e1d090 code [0x0000013bb6e1d240, 0x0000013bb6e1d448]
Event: 12.287 Thread 0x0000013beebf9460 1725       3       sun.java2d.pipe.AlphaPaintPipe::renderPathTile (491 bytes)

GC Heap History (6 events):
Event: 4.784 GC heap before
{Heap before GC invocations=0 (full 0):
 garbage-first heap   total 1048576K, used 49152K [0x00000002d6000000, 0x00000006d5000000)
  region size 8192K, 6 young (49152K), 0 survivors (0K)
 Metaspace       used 8100K, capacity 8275K, committed 8320K, reserved 1056768K
  class space    used 821K, capacity 893K, committed 896K, reserved 1048576K
}
Event: 4.789 GC heap after
{Heap after GC invocations=1 (full 0):
 garbage-first heap   total 1048576K, used 6509K [0x00000002d6000000, 0x00000006d5000000)
  region size 8192K, 1 young (8192K), 1 survivors (8192K)
 Metaspace       used 8100K, capacity 8275K, committed 8320K, reserved 1056768K
  class space    used 821K, capacity 893K, committed 896K, reserved 1048576K
}
Event: 6.252 GC heap before
{Heap before GC invocations=1 (full 0):
 garbage-first heap   total 1048576K, used 47469K [0x00000002d6000000, 0x00000006d5000000)
  region size 8192K, 6 young (49152K), 1 survivors (8192K)
 Metaspace       used 8103K, capacity 8275K, committed 8320K, reserved 1056768K
  class space    used 821K, capacity 893K, committed 896K, reserved 1048576K
}
Event: 6.256 GC heap after
{Heap after GC invocations=2 (full 0):
 garbage-first heap   total 1048576K, used 7428K [0x00000002d6000000, 0x00000006d5000000)
  region size 8192K, 1 young (8192K), 1 survivors (8192K)
 Metaspace       used 8103K, capacity 8275K, committed 8320K, reserved 1056768K
  class space    used 821K, capacity 893K, committed 896K, reserved 1048576K
}
Event: 8.587 GC heap before
{Heap before GC invocations=2 (full 0):
 garbage-first heap   total 1048576K, used 81156K [0x00000002d6000000, 0x00000006d5000000)
  region size 8192K, 10 young (81920K), 1 survivors (8192K)
 Metaspace       used 8174K, capacity 8342K, committed 8576K, reserved 1056768K
  class space    used 825K, capacity 894K, committed 896K, reserved 1048576K
}
Event: 8.588 GC heap after
{Heap after GC invocations=3 (full 0):
 garbage-first heap   total 1048576K, used 6836K [0x00000002d6000000, 0x00000006d5000000)
  region size 8192K, 1 young (8192K), 1 survivors (8192K)
 Metaspace       used 8174K, capacity 8342K, committed 8576K, reserved 1056768K
  class space    used 825K, capacity 894K, committed 896K, reserved 1048576K
}

Deoptimization events (20 events):
Event: 12.280 Thread 0x0000013bf608d8c0 Uncommon trap: trap_request=0xffffffde fr.pc=0x0000013bbe0e8d04 relative=0x00000000000009c4
Event: 12.280 Thread 0x0000013bf608d8c0 Uncommon trap: reason=class_check action=maybe_recompile pc=0x0000013bbe0e8d04 method=sun.java2d.pipe.PixelToParallelogramConverter.fill(Lsun/java2d/SunGraphics2D;Ljava/awt/Shape;)V @ 70 c2
Event: 12.280 Thread 0x0000013bf608d8c0 DEOPT PACKING pc=0x0000013bbe0e8d04 sp=0x00000007d60fef90
Event: 12.280 Thread 0x0000013bf608d8c0 DEOPT UNPACKING pc=0x0000013bb65de42f sp=0x00000007d60fef48 mode 2
Event: 12.280 Thread 0x0000013bf608d8c0 Uncommon trap: trap_request=0xffffffc6 fr.pc=0x0000013bbe10d6a0 relative=0x00000000000008c0
Event: 12.280 Thread 0x0000013bf608d8c0 Uncommon trap: reason=bimorphic_or_optimized_type_check action=maybe_recompile pc=0x0000013bbe10d6a0 method=sun.java2d.SunGraphics2D.fill(Ljava/awt/Shape;)V @ 6 c2
Event: 12.280 Thread 0x0000013bf608d8c0 DEOPT PACKING pc=0x0000013bbe10d6a0 sp=0x00000007d60ff0e0
Event: 12.280 Thread 0x0000013bf608d8c0 DEOPT UNPACKING pc=0x0000013bb65de42f sp=0x00000007d60ff010 mode 2
Event: 12.280 Thread 0x0000013bf608d8c0 Uncommon trap: trap_request=0xffffffde fr.pc=0x0000013bbe0e8d04 relative=0x00000000000009c4
Event: 12.280 Thread 0x0000013bf608d8c0 Uncommon trap: reason=class_check action=maybe_recompile pc=0x0000013bbe0e8d04 method=sun.java2d.pipe.PixelToParallelogramConverter.fill(Lsun/java2d/SunGraphics2D;Ljava/awt/Shape;)V @ 70 c2
Event: 12.280 Thread 0x0000013bf608d8c0 DEOPT PACKING pc=0x0000013bbe0e8d04 sp=0x00000007d60fef90
Event: 12.280 Thread 0x0000013bf608d8c0 DEOPT UNPACKING pc=0x0000013bb65de42f sp=0x00000007d60fef48 mode 2
Event: 12.280 Thread 0x0000013bf608d8c0 Uncommon trap: trap_request=0xffffffc6 fr.pc=0x0000013bbe10d6a0 relative=0x00000000000008c0
Event: 12.280 Thread 0x0000013bf608d8c0 Uncommon trap: reason=bimorphic_or_optimized_type_check action=maybe_recompile pc=0x0000013bbe10d6a0 method=sun.java2d.SunGraphics2D.fill(Ljava/awt/Shape;)V @ 6 c2
Event: 12.280 Thread 0x0000013bf608d8c0 DEOPT PACKING pc=0x0000013bbe10d6a0 sp=0x00000007d60ff0e0
Event: 12.280 Thread 0x0000013bf608d8c0 DEOPT UNPACKING pc=0x0000013bb65de42f sp=0x00000007d60ff010 mode 2
Event: 12.283 Thread 0x0000013bf608d8c0 Uncommon trap: trap_request=0xffffff45 fr.pc=0x0000013bbe118d30 relative=0x0000000000000310
Event: 12.283 Thread 0x0000013bf608d8c0 Uncommon trap: reason=unstable_if action=reinterpret pc=0x0000013bbe118d30 method=sun.java2d.loops.RenderCache.get(Lsun/java2d/loops/SurfaceType;Lsun/java2d/loops/CompositeType;Lsun/java2d/loops/SurfaceType;)Ljava/lang/Object; @ 29 c2
Event: 12.283 Thread 0x0000013bf608d8c0 DEOPT PACKING pc=0x0000013bbe118d30 sp=0x00000007d60fed70
Event: 12.283 Thread 0x0000013bf608d8c0 DEOPT UNPACKING pc=0x0000013bb65de42f sp=0x00000007d60fed48 mode 2

Classes unloaded (0 events):
No events

Classes redefined (0 events):
No events

Internal exceptions (20 events):
Event: 0.081 Thread 0x0000013bae350c10 Exception <a 'sun/nio/fs/WindowsException'{0x00000003158daba0}> (0x00000003158daba0) 
thrown [./open/src/hotspot/share/prims/jni.cpp, line 578]
Event: 0.081 Thread 0x0000013bae350c10 Exception <a 'sun/nio/fs/WindowsException'{0x00000003158db6c8}> (0x00000003158db6c8) 
thrown [./open/src/hotspot/share/prims/jni.cpp, line 578]
Event: 0.116 Thread 0x0000013bae350c10 Exception <a 'java/lang/NoSuchMethodError'{0x0000000315a6c6c0}: 'void java.lang.invoke.DirectMethodHandle$Holder.invokeSpecial(java.lang.Object, java.lang.Object, java.lang.Object)'> (0x0000000315a6c6c0) 
thrown [./open/src/hotspot/share/interpreter/linkResolver.cpp, line 782]
Event: 0.125 Thread 0x0000013bae350c10 Exception <a 'java/lang/ClassNotFoundException'{0x0000000315a82cf0}: sun/awt/resources/spi/awtProvider> (0x0000000315a82cf0) 
thrown [./open/src/hotspot/share/classfile/systemDictionary.cpp, line 295]
Event: 0.150 Thread 0x0000013bae350c10 Exception <a 'java/io/FileNotFoundException'{0x0000000315ad9400}> (0x0000000315ad9400) 
thrown [./open/src/hotspot/share/prims/jni.cpp, line 578]
Event: 0.161 Thread 0x0000013bae350c10 Exception <a 'java/io/FileNotFoundException'{0x0000000315b07e78}> (0x0000000315b07e78) 
thrown [./open/src/hotspot/share/prims/jni.cpp, line 578]
Event: 0.162 Thread 0x0000013bae350c10 Exception <a 'java/lang/NoSuchMethodError'{0x0000000315b08f70}: 'java.lang.Object java.lang.invoke.DirectMethodHandle$Holder.invokeStatic(java.lang.Object)'> (0x0000000315b08f70) 
thrown [./open/src/hotspot/share/interpreter/linkResolver.cpp, line 782]
Event: 0.207 Thread 0x0000013bae350c10 Exception <a 'java/lang/NoSuchMethodError'{0x0000000315b5e628}: 'java.lang.Object java.lang.invoke.DirectMethodHandle$Holder.invokeStaticInit(java.lang.Object)'> (0x0000000315b5e628) 
thrown [./open/src/hotspot/share/interpreter/linkResolver.cpp, line 782]
Event: 0.336 Thread 0x0000013bae350c10 Exception <a 'java/lang/NoSuchMethodError'{0x0000000315bd1560}: 'java.lang.Object java.lang.invoke.DirectMethodHandle$Holder.newInvokeSpecial(java.lang.Object, java.lang.Object, java.lang.Object, java.lang.Object, java.lang.Object)'> (0x0000000315bd1560) 
thrown [./open/src/hotspot/share/interpreter/linkResolver.cpp, line 782]
Event: 0.338 Thread 0x0000013bae350c10 Exception <a 'java/lang/NoSuchMethodError'{0x0000000315cd2ea0}: 'java.lang.Object java.lang.invoke.DirectMethodHandle$Holder.invokeStatic(java.lang.Object, int, java.lang.Object, java.lang.Object, java.lang.Object, java.lang.Object)'> (0x0000000315cd2ea0) 
thrown [./open/src/hotspot/share/interpreter/linkResolver.cpp, line 782]
Event: 0.342 Thread 0x0000013bae350c10 Exception <a 'java/lang/NoSuchMethodError'{0x0000000315cf9148}: 'java.lang.Object java.lang.invoke.DirectMethodHandle$Holder.invokeStatic(java.lang.Object, int, java.lang.Object)'> (0x0000000315cf9148) 
thrown [./open/src/hotspot/share/interpreter/linkResolver.cpp, line 782]
Event: 0.367 Thread 0x0000013bae350c10 Exception <a 'java/lang/ClassNotFoundException'{0x0000000315db1428}: com/sun/swing/internal/plaf/metal/resources/spi/metalProvider> (0x0000000315db1428) 
thrown [./open/src/hotspot/share/classfile/systemDictionary.cpp, line 295]
Event: 0.368 Thread 0x0000013bae350c10 Exception <a 'java/lang/ClassNotFoundException'{0x0000000315db56e8}: com/sun/swing/internal/plaf/basic/resources/spi/basicProvider> (0x0000000315db56e8) 
thrown [./open/src/hotspot/share/classfile/systemDictionary.cpp, line 295]
Event: 0.494 Thread 0x0000013bae350c10 Exception <a 'java/lang/NoSuchMethodError'{0x000000031534ea00}: 'void java.lang.invoke.DirectMethodHandle$Holder.invokeStaticInit(java.lang.Object)'> (0x000000031534ea00) 
thrown [./open/src/hotspot/share/interpreter/linkResolver.cpp, line 782]
Event: 2.822 Thread 0x0000013bf608d8c0 Implicit null exception at 0x0000013bbe0acb5a to 0x0000013bbe0acc58
Event: 8.276 Thread 0x0000013bef0bf9c0 Exception <a 'java/lang/NoSuchMethodError'{0x0000000314e2e4f0}: 'void java.lang.invoke.DirectMethodHandle$Holder.invokeVirtual(java.lang.Object, java.lang.Object)'> (0x0000000314e2e4f0) 
thrown [./open/src/hotspot/share/interpreter/linkResolver.cpp, line 782]
Event: 8.281 Thread 0x0000013bf608d8c0 Implicit null exception at 0x0000013bbe0bbccc to 0x0000013bbe0bbe88
Event: 8.292 Thread 0x0000013bf579ae90 Implicit null exception at 0x0000013bbe119236 to 0x0000013bbe119338
Event: 8.588 Thread 0x0000013bf608d8c0 Implicit null exception at 0x0000013bbe12b621 to 0x0000013bbe12d310
Event: 12.283 Thread 0x0000013bf608d8c0 Implicit null exception at 0x0000013bbe118adf to 0x0000013bbe118d00

Events (20 events):
Event: 11.404 loading class java/awt/Adjustable done
Event: 11.404 loading class java/awt/Scrollbar done
Event: 11.404 loading class java/awt/Panel
Event: 11.404 loading class java/awt/Panel done
Event: 11.588 Executing VM operation: HandshakeAllThreads
Event: 11.588 Executing VM operation: HandshakeAllThreads done
Event: 12.276 Thread 0x0000013bef5148e0 Thread added: 0x0000013bef5148e0
Event: 12.276 Thread 0x0000013bef515280 Thread added: 0x0000013bef515280
Event: 12.276 Thread 0x0000013beedc5120 Thread added: 0x0000013beedc5120
Event: 12.276 Thread 0x0000013bef5148e0 Thread exited: 0x0000013bef5148e0
Event: 12.277 Thread 0x0000013bf658e9e0 Thread exited: 0x0000013bf658e9e0
Event: 12.282 Thread 0x0000013beedc41f0 Thread added: 0x0000013beedc41f0
Event: 12.283 loading class java/awt/ColorPaintContext
Event: 12.283 loading class java/awt/PaintContext
Event: 12.283 loading class java/awt/PaintContext done
Event: 12.283 loading class java/awt/ColorPaintContext done
Event: 12.284 loading class sun/java2d/pipe/AlphaPaintPipe$TileContext
Event: 12.284 loading class sun/java2d/pipe/AlphaPaintPipe$TileContext done
Event: 12.284 loading class sun/java2d/loops/Blit$GeneralMaskBlit
Event: 12.284 loading class sun/java2d/loops/Blit$GeneralMaskBlit done


Dynamic libraries:
0x00007ff758420000 - 0x00007ff75842f000 	C:\Program Files\Java\jdk-15.0.1\bin\java.exe
0x00007ffc61c30000 - 0x00007ffc61e25000 	C:\Windows\SYSTEM32\ntdll.dll
0x00007ffc61630000 - 0x00007ffc616ed000 	C:\Windows\System32\KERNEL32.DLL
0x00007ffc5f480000 - 0x00007ffc5f748000 	C:\Windows\System32\KERNELBASE.dll
0x00007ffc5fb90000 - 0x00007ffc5fc90000 	C:\Windows\System32\ucrtbase.dll
0x00007ffc4e0f0000 - 0x00007ffc4e109000 	C:\Program Files\Java\jdk-15.0.1\bin\VCRUNTIME140.dll
0x00007ffc597c0000 - 0x00007ffc597d8000 	C:\Program Files\Java\jdk-15.0.1\bin\jli.dll
0x00007ffc5fd80000 - 0x00007ffc5fe2c000 	C:\Windows\System32\ADVAPI32.dll
0x00007ffc60c80000 - 0x00007ffc60d1e000 	C:\Windows\System32\msvcrt.dll
0x00007ffc61590000 - 0x00007ffc6162b000 	C:\Windows\System32\sechost.dll
0x00007ffc60540000 - 0x00007ffc6066b000 	C:\Windows\System32\RPCRT4.dll
0x00007ffc600a0000 - 0x00007ffc60240000 	C:\Windows\System32\USER32.dll
0x00007ffc55ed0000 - 0x00007ffc5616a000 	C:\Windows\WinSxS\amd64_microsoft.windows.common-controls_6595b64144ccf1df_6.0.19041.844_none_ca00b6081b84eb1d\COMCTL32.dll
0x00007ffc5f750000 - 0x00007ffc5f772000 	C:\Windows\System32\win32u.dll
0x00007ffc602b0000 - 0x00007ffc602da000 	C:\Windows\System32\GDI32.dll
0x00007ffc5f370000 - 0x00007ffc5f47b000 	C:\Windows\System32\gdi32full.dll
0x00007ffc5f7b0000 - 0x00007ffc5f84d000 	C:\Windows\System32\msvcp_win.dll
0x00007ffc567f0000 - 0x00007ffc567fa000 	C:\Windows\SYSTEM32\VERSION.dll
0x00007ffc60280000 - 0x00007ffc602b0000 	C:\Windows\System32\IMM32.DLL
0x00007ffc530e0000 - 0x00007ffc530ec000 	C:\Program Files\Java\jdk-15.0.1\bin\vcruntime140_1.dll
0x00007ffc42940000 - 0x00007ffc429d1000 	C:\Program Files\Java\jdk-15.0.1\bin\msvcp140.dll
0x00007ffbfe770000 - 0x00007ffbff2ce000 	C:\Program Files\Java\jdk-15.0.1\bin\server\jvm.dll
0x00007ffc5fd10000 - 0x00007ffc5fd18000 	C:\Windows\System32\PSAPI.DLL
0x00007ffc573c0000 - 0x00007ffc573e7000 	C:\Windows\SYSTEM32\WINMM.dll
0x00007ffc597e0000 - 0x00007ffc597e9000 	C:\Windows\SYSTEM32\WSOCK32.dll
0x00007ffc61520000 - 0x00007ffc6158b000 	C:\Windows\System32\WS2_32.dll
0x00007ffc5d2d0000 - 0x00007ffc5d2e2000 	C:\Windows\SYSTEM32\kernel.appcore.dll
0x00007ffc51870000 - 0x00007ffc5187a000 	C:\Program Files\Java\jdk-15.0.1\bin\jimage.dll
0x00007ffc59b80000 - 0x00007ffc59d64000 	C:\Windows\SYSTEM32\DBGHELP.DLL
0x00007ffc58740000 - 0x00007ffc5876c000 	C:\Windows\SYSTEM32\dbgcore.DLL
0x00007ffc5f950000 - 0x00007ffc5f9d0000 	C:\Windows\System32\bcryptPrimitives.dll
0x00007ffc4d540000 - 0x00007ffc4d565000 	C:\Program Files\Java\jdk-15.0.1\bin\java.dll
0x00007ffc60dd0000 - 0x00007ffc61512000 	C:\Windows\System32\SHELL32.dll
0x00007ffc5d4d0000 - 0x00007ffc5dc61000 	C:\Windows\SYSTEM32\windows.storage.dll
0x00007ffc60850000 - 0x00007ffc60ba5000 	C:\Windows\System32\combase.dll
0x00007ffc5ede0000 - 0x00007ffc5ee0c000 	C:\Windows\SYSTEM32\Wldp.dll
0x00007ffc602e0000 - 0x00007ffc6038e000 	C:\Windows\System32\SHCORE.dll
0x00007ffc60040000 - 0x00007ffc60095000 	C:\Windows\System32\shlwapi.dll
0x00007ffc5f2b0000 - 0x00007ffc5f2cf000 	C:\Windows\SYSTEM32\profapi.dll
0x00007ffc4dfd0000 - 0x00007ffc4dfe9000 	C:\Program Files\Java\jdk-15.0.1\bin\net.dll
0x00007ffc57e30000 - 0x00007ffc57f3b000 	C:\Windows\SYSTEM32\WINHTTP.dll
0x00007ffc5eb50000 - 0x00007ffc5ebba000 	C:\Windows\system32\mswsock.dll
0x00007ffc4dd30000 - 0x00007ffc4dd42000 	C:\Program Files\Java\jdk-15.0.1\bin\nio.dll
0x00007ffc38bc0000 - 0x00007ffc38d40000 	C:\Program Files\Java\jdk-15.0.1\bin\awt.dll
0x00007ffc60bb0000 - 0x00007ffc60c7d000 	C:\Windows\System32\OLEAUT32.dll
0x00007ffc5cd60000 - 0x00007ffc5cdf0000 	C:\Windows\SYSTEM32\apphelp.dll
0x00007ffc5d0c0000 - 0x00007ffc5d0ef000 	C:\Windows\system32\DWMAPI.DLL
0x00007ffc5ce10000 - 0x00007ffc5ceae000 	C:\Windows\system32\uxtheme.dll
0x00007ffc28b60000 - 0x00007ffc28c86000 	C:\Windows\system32\opengl32.dll
0x00007ffc359f0000 - 0x00007ffc35a1c000 	C:\Windows\SYSTEM32\GLU32.dll
0x00007ffc60670000 - 0x00007ffc60785000 	C:\Windows\System32\MSCTF.dll
0x00007ffc5ff10000 - 0x00007ffc6003a000 	C:\Windows\System32\ole32.dll
0x00007ffc2fb70000 - 0x00007ffc2fd3e000 	C:\Windows\system32\d3d9.dll
0x00007ffc4a170000 - 0x00007ffc4a34b000 	C:\Windows\System32\DriverStore\FileRepository\u0359160.inf_amd64_2abe2598d9a3141f\B358802\aticfx64.dll
0x00007ffc50640000 - 0x00007ffc50673000 	C:\Windows\System32\DriverStore\FileRepository\u0359160.inf_amd64_2abe2598d9a3141f\B358802\atiu9p64.dll
0x00007ffbfd470000 - 0x00007ffbfe148000 	C:\Windows\System32\DriverStore\FileRepository\u0359160.inf_amd64_2abe2598d9a3141f\B358802\atiumd64.dll
0x000000006ce50000 - 0x000000006dcde000 	C:\Windows\System32\DriverStore\FileRepository\u0359160.inf_amd64_2abe2598d9a3141f\B358802\atiumd6a.dll
0x00007ffc5e910000 - 0x00007ffc5e95b000 	C:\Windows\SYSTEM32\POWRPROF.dll
0x00007ffc5e7d0000 - 0x00007ffc5e7e2000 	C:\Windows\SYSTEM32\UMPDC.dll
0x00007ffc489c0000 - 0x00007ffc489ef000 	C:\Windows\SYSTEM32\amdihk64.dll
0x00007ffc4a350000 - 0x00007ffc4a38b000 	C:\Windows\SYSTEM32\dxcore.dll
0x00007ffc5f850000 - 0x00007ffc5f89e000 	C:\Windows\System32\cfgmgr32.dll
0x00007ffc4cd00000 - 0x00007ffc4cd18000 	C:\Program Files\Java\jdk-15.0.1\bin\zip.dll
0x00007ffc3a1e0000 - 0x00007ffc3a265000 	C:\Program Files\Java\jdk-15.0.1\bin\freetype.dll
0x00007ffc391e0000 - 0x00007ffc39289000 	C:\Program Files\Java\jdk-15.0.1\bin\fontmanager.dll
0x00007ffc50f10000 - 0x00007ffc51009000 	C:\Windows\SYSTEM32\textinputframework.dll
0x00007ffc5cc10000 - 0x00007ffc5cd02000 	C:\Windows\System32\CoreMessaging.dll
0x00007ffc5c8b0000 - 0x00007ffc5cc0e000 	C:\Windows\System32\CoreUIComponents.dll
0x00007ffc5e0b0000 - 0x00007ffc5e0e3000 	C:\Windows\SYSTEM32\ntmarta.dll
0x00007ffc5c750000 - 0x00007ffc5c8a4000 	C:\Windows\SYSTEM32\wintypes.dll

dbghelp: loaded successfully - version: 4.0.5 - missing functions: none
symbol engine: initialized successfully - sym options: 0x614 - pdb path: .;C:\Program Files\Java\jdk-15.0.1\bin;C:\Windows\SYSTEM32;C:\Windows\WinSxS\amd64_microsoft.windows.common-controls_6595b64144ccf1df_6.0.19041.844_none_ca00b6081b84eb1d;C:\Program Files\Java\jdk-15.0.1\bin\server;C:\Windows\System32\DriverStore\FileRepository\u0359160.inf_amd64_2abe2598d9a3141f\B358802

VM Arguments:
jvm_args: -Dfile.encoding=UTF-8 --module-path=C:\Users\hazya\OneDrive\Documents\NetBeansProjects\3D_TETRIS_B\build\classes 
java_command: main.Initializer
java_class_path (initial): C:\Users\hazya\OneDrive\Documents\NetBeansProjects\3D_TETRIS_B\build\classes
Launcher Type: SUN_STANDARD

[Global flags]
     intx CICompilerCount                          = 4                                         {product} {ergonomic}
     uint ConcGCThreads                            = 2                                         {product} {ergonomic}
     uint G1ConcRefinementThreads                  = 8                                         {product} {ergonomic}
   size_t G1HeapRegionSize                         = 8388608                                   {product} {ergonomic}
    uintx GCDrainStackTargetSize                   = 64                                        {product} {ergonomic}
   size_t InitialHeapSize                          = 1073741824                                {product} {ergonomic}
   size_t MarkStackSize                            = 4194304                                   {product} {ergonomic}
   size_t MaxHeapSize                              = 17163091968                               {product} {ergonomic}
   size_t MaxNewSize                               = 10292822016                               {product} {ergonomic}
   size_t MinHeapDeltaBytes                        = 8388608                                   {product} {ergonomic}
   size_t MinHeapSize                              = 8388608                                   {product} {ergonomic}
    uintx NonNMethodCodeHeapSize                   = 5839372                                {pd product} {ergonomic}
    uintx NonProfiledCodeHeapSize                  = 122909434                              {pd product} {ergonomic}
    uintx ProfiledCodeHeapSize                     = 122909434                              {pd product} {ergonomic}
    uintx ReservedCodeCacheSize                    = 251658240                              {pd product} {ergonomic}
     bool SegmentedCodeCache                       = true                                      {product} {ergonomic}
   size_t SoftMaxHeapSize                          = 17163091968                            {manageable} {ergonomic}
     bool UseCompressedClassPointers               = true                                 {lp64_product} {ergonomic}
     bool UseCompressedOops                        = true                                 {lp64_product} {ergonomic}
     bool UseG1GC                                  = true                                      {product} {ergonomic}
     bool UseLargePagesIndividualAllocation        = false                                  {pd product} {ergonomic}

Logging:
Log output configuration:
 #0: stdout all=warning uptime,level,tags
 #1: stderr all=off uptime,level,tags

Environment Variables:
PATH=C:\Program Files\Common Files\Oracle\Java\javapath;C:\Program Files (x86)\Common Files\Oracle\Java\javapath;C:\Windows\system32;C:\Windows;C:\Windows\System32\Wbem;C:\Windows\System32\WindowsPowerShell\v1.0\;C:\Windows\System32\OpenSSH\;C:\Program Files\dotnet\;C:\ProgramData\chocolatey\bin;C:\tools\Manim\Scripts;C:\Program Files\Git\cmd;C:\Users\hazya\AppData\Local\Microsoft\WindowsApps;C:\Users\hazya\.dotnet\tools;C:\Users\hazya\AppData\Local\Programs\Microsoft VS Code\bin
USERNAME=hazya
OS=Windows_NT
PROCESSOR_IDENTIFIER=Intel64 Family 6 Model 62 Stepping 4, GenuineIntel



---------------  S Y S T E M  ---------------

OS:
 Windows 10 , 64 bit Build 19041 (10.0.19041.928)
OS uptime: 8 days 19:00 hours

CPU: total 8 (initial active 8) (4 cores per cpu, 2 threads per core) family 6 model 62 stepping 4 microcode 0x42e, cmov, cx8, fxsr, mmx, sse, sse2, sse3, ssse3, sse4.1, sse4.2, popcnt, vzeroupper, avx, aes, clmul, erms, ht, tsc, tscinvbit, clflush

Memory: 4k page, system-wide physical 65459M (47793M free)
TotalPageFile size 75187M (AvailPageFile size 51454M)
current process WorkingSet (physical memory assigned to process): 230M, peak: 236M
current process commit charge ("private bytes"): 1204M, peak: 1223M

vm_info: Java HotSpot(TM) 64-Bit Server VM (15.0.1+9-18) for windows-amd64 JRE (15.0.1+9-18), built on Sep 15 2020 14:43:54 by "mach5one" with unknown MS VC++:1925

END.
