#
# A fatal error has been detected by the Java Runtime Environment:
#
#  EXCEPTION_ACCESS_VIOLATION (0xc0000005) at pc=0x0000000000000000, pid=18004, tid=10888
#
# JRE version: Java(TM) SE Runtime Environment (15.0.1+9) (build 15.0.1+9-18)
# Java VM: Java HotSpot(TM) 64-Bit Server VM (15.0.1+9-18, mixed mode, sharing, tiered, compressed oops, g1 gc, windows-amd64)
# Problematic frame:
# C  0x0000000000000000
#
# No core dump will be written. Minidumps are not enabled by default on client versions of Windows
#
# If you would like to submit a bug report, please visit:
#   https://bugreport.java.com/bugreport/crash.jsp
# The crash happened outside the Java Virtual Machine in native code.
# See problematic frame for where to report the bug.
#

---------------  S U M M A R Y ------------

Command Line: -Dfile.encoding=UTF-8 --module-path=C:\Users\hazya\OneDrive\Documents\NetBeansProjects\3D_TETRIS_B\build\classes main.Initializer

Host: Intel(R) Xeon(R) CPU E5-1620 v2 @ 3.70GHz, 8 cores, 63G,  Windows 10 , 64 bit Build 19041 (10.0.19041.928)
Time: Tue Apr 27 22:24:42 2021 FLE Daylight Time elapsed time: 4.974083 seconds (0d 0h 0m 4s)

---------------  T H R E A D  ---------------

Current thread (0x00000210c3de3f70):  JavaThread "AWT-Windows" daemon [_thread_in_native, id=10888, stack(0x000000ae81f00000,0x000000ae82000000)]

Stack: [0x000000ae81f00000,0x000000ae82000000],  sp=0x000000ae81ffe9c8,  free space=1018k
Native frames: (J=compiled Java code, j=interpreted, Vv=VM code, C=native code)

Java frames: (J=compiled Java code, j=interpreted, Vv=VM code)
j  sun.awt.windows.WToolkit.eventLoop()V+0 java.desktop@15.0.1
j  sun.awt.windows.WToolkit.run()V+50 java.desktop@15.0.1
j  java.lang.Thread.run()V+11 java.base@15.0.1
v  ~StubRoutines::call_stub

siginfo: EXCEPTION_ACCESS_VIOLATION (0xc0000005), data execution prevention violation at address 0x0000000000000000


Register to memory mapping:

RIP=0x0 is NULL
RAX=0x0 is NULL
RBX=0x00000210ca94ee00 points into unknown readable memory: 0x00000210c90f5c98 | 98 5c 0f c9 10 02 00 00
RCX=0x0 is NULL
RDX=0x00000210c90f5c98 points into unknown readable memory: 0x0000000200000058 | 58 00 00 00 02 00 00 00
RSP=0x000000ae81ffe9c8 is pointing into the stack for thread: 0x00000210c3de3f70
RBP=0x00007ffc38cec7e0 awt.dll
RSI=0x0 is NULL
RDI=0x00000210c406e470 points into unknown readable memory: 0x00000210c4068d30 | 30 8d 06 c4 10 02 00 00
R8 =0x00000210ca94ee00 points into unknown readable memory: 0x00000210c90f5c98 | 98 5c 0f c9 10 02 00 00
R9 =0x0000000000000001 is an unknown value
R10=0x0000000000008000 is an unknown value
R11=0x000000ae81ffeb90 is pointing into the stack for thread: 0x00000210c3de3f70
R12=0x0 is NULL
R13={method} {0x00000210c31cc148} 'eventLoop' '()V' in 'sun/awt/windows/WToolkit'
R14=0x000000ae81ffee78 is pointing into the stack for thread: 0x00000210c3de3f70
R15=0x00000210c3de3f70 is a thread


Registers:
RAX=0x0000000000000000, RBX=0x00000210ca94ee00, RCX=0x0000000000000000, RDX=0x00000210c90f5c98
RSP=0x000000ae81ffe9c8, RBP=0x00007ffc38cec7e0, RSI=0x0000000000000000, RDI=0x00000210c406e470
R8 =0x00000210ca94ee00, R9 =0x0000000000000001, R10=0x0000000000008000, R11=0x000000ae81ffeb90
R12=0x0000000000000000, R13=0x00000210c31cc140, R14=0x000000ae81ffee78, R15=0x00000210c3de3f70
RIP=0x0000000000000000, EFLAGS=0x0000000000010202

Top of Stack: (sp=0x000000ae81ffe9c8)
0x000000ae81ffe9c8:   00007ffc2fba0158 00000210c3516600
0x000000ae81ffe9d8:   0000000000000000 000002d38655fd4b
0x000000ae81ffe9e8:   00000210c3de3f70 00000210c406e470
0x000000ae81ffe9f8:   00007ffc2fba0087 00000210ca94ee00
0x000000ae81ffea08:   00000210c404d230 00000210c422d7a8
0x000000ae81ffea18:   00000210c3de3f70 00000210ca5b8f40
0x000000ae81ffea28:   00007ffc2fb7e22e 00000210c3e1cbc0
0x000000ae81ffea38:   00000210c422d7a8 00000210c3de4298
0x000000ae81ffea48:   00000210c3dde430 00000210c406e470
0x000000ae81ffea58:   00000210ca94ee00 00000210c3de3f70
0x000000ae81ffea68:   00007ffc61c55ba1 0000000000000000
0x000000ae81ffea78:   00007ffc2fb7e14b 00000210c3dde430
0x000000ae81ffea88:   0000000000000000 fffffffffffffffe
0x000000ae81ffea98:   fffffffffffffffe 000000ae81ffee78
0x000000ae81ffeaa8:   00007ffc2fb7e0b0 0000000000000001
0x000000ae81ffeab8:   0000000000000001 00000210c3e1cbc0 

Instructions: (pc=0x0000000000000000)
0xffffffffffffff00:   


Stack slot to memory mapping:
stack at sp + 0 slots: 0x00007ffc2fba0158 d3d9.dll
stack at sp + 1 slots: 0x00000210c3516600 is pointing into metadata
stack at sp + 2 slots: 0x0 is NULL
stack at sp + 3 slots: 0x000002d38655fd4b is an unknown value
stack at sp + 4 slots: 0x00000210c3de3f70 is a thread
stack at sp + 5 slots: 0x00000210c406e470 points into unknown readable memory: 0x00000210c4068d30 | 30 8d 06 c4 10 02 00 00
stack at sp + 6 slots: 0x00007ffc2fba0087 d3d9.dll
stack at sp + 7 slots: 0x00000210ca94ee00 points into unknown readable memory: 0x00000210c90f5c98 | 98 5c 0f c9 10 02 00 00


---------------  P R O C E S S  ---------------

Threads class SMR info:
_java_thread_list=0x00000210cae919c0, length=17, elements={
0x00000210c2bbc960, 0x00000210c2bbd440, 0x00000210c2bd3c30, 0x00000210c2bd6500,
0x00000210c2bd6ec0, 0x00000210c2bdc330, 0x00000210c39521d0, 0x00000210c39653f0,
0x00000210c3a561a0, 0x00000210c3abb530, 0x00000210c3dd1c30, 0x00000210c3ddedb0,
0x00000210c3de3f70, 0x00000210ca574ca0, 0x00000210ca73eac0, 0x00000210830af1e0,
0x00000210ca7560a0
}

Java Threads: ( => current thread )
  0x00000210c2bbc960 JavaThread "Reference Handler" daemon [_thread_blocked, id=13160, stack(0x000000ae81200000,0x000000ae81300000)]
  0x00000210c2bbd440 JavaThread "Finalizer" daemon [_thread_blocked, id=16004, stack(0x000000ae81300000,0x000000ae81400000)]
  0x00000210c2bd3c30 JavaThread "Signal Dispatcher" daemon [_thread_blocked, id=6652, stack(0x000000ae81400000,0x000000ae81500000)]
  0x00000210c2bd6500 JavaThread "Attach Listener" daemon [_thread_blocked, id=2108, stack(0x000000ae81500000,0x000000ae81600000)]
  0x00000210c2bd6ec0 JavaThread "Service Thread" daemon [_thread_blocked, id=1796, stack(0x000000ae81600000,0x000000ae81700000)]
  0x00000210c2bdc330 JavaThread "C2 CompilerThread0" daemon [_thread_blocked, id=17524, stack(0x000000ae81700000,0x000000ae81800000)]
  0x00000210c39521d0 JavaThread "C1 CompilerThread0" daemon [_thread_blocked, id=17768, stack(0x000000ae81800000,0x000000ae81900000)]
  0x00000210c39653f0 JavaThread "Sweeper thread" daemon [_thread_blocked, id=18424, stack(0x000000ae81900000,0x000000ae81a00000)]
  0x00000210c3a561a0 JavaThread "Common-Cleaner" daemon [_thread_blocked, id=2964, stack(0x000000ae81a00000,0x000000ae81b00000)]
  0x00000210c3abb530 JavaThread "Notification Thread" daemon [_thread_blocked, id=16784, stack(0x000000ae81b00000,0x000000ae81c00000)]
  0x00000210c3dd1c30 JavaThread "Java2D Disposer" daemon [_thread_blocked, id=18048, stack(0x000000ae81d00000,0x000000ae81e00000)]
  0x00000210c3ddedb0 JavaThread "AWT-Shutdown" [_thread_blocked, id=7868, stack(0x000000ae81e00000,0x000000ae81f00000)]
=>0x00000210c3de3f70 JavaThread "AWT-Windows" daemon [_thread_in_native, id=10888, stack(0x000000ae81f00000,0x000000ae82000000)]
  0x00000210ca574ca0 JavaThread "AWT-EventQueue-0" [_thread_blocked, id=18220, stack(0x000000ae82e00000,0x000000ae82f00000)]
  0x00000210ca73eac0 JavaThread "Thread-0" [_thread_in_native, id=17560, stack(0x000000ae82f00000,0x000000ae83000000)]
  0x00000210830af1e0 JavaThread "DestroyJavaVM" [_thread_blocked, id=13148, stack(0x000000ae80b00000,0x000000ae80c00000)]
  0x00000210ca7560a0 JavaThread "ToolkitShutdown" daemon [_thread_in_native, id=1372, stack(0x000000ae83800000,0x000000ae83900000)]

Other Threads:
  0x00000210c2bb91c0 VMThread "VM Thread" [stack: 0x000000ae81100000,0x000000ae81200000] [id=2972]
  0x00000210830b0310 WatcherThread [stack: 0x000000ae81c00000,0x000000ae81d00000] [id=2988]
  0x0000021083167ae0 GCTaskThread "GC Thread#0" [stack: 0x000000ae80c00000,0x000000ae80d00000] [id=7092]
  0x00000210c3aba870 GCTaskThread "GC Thread#1" [stack: 0x000000ae82d00000,0x000000ae82e00000] [id=7676]
  0x00000210c3abaed0 GCTaskThread "GC Thread#2" [stack: 0x000000ae83100000,0x000000ae83200000] [id=10660]
  0x00000210c3ab78a0 GCTaskThread "GC Thread#3" [stack: 0x000000ae83200000,0x000000ae83300000] [id=17708]
  0x00000210c3ab8ef0 GCTaskThread "GC Thread#4" [stack: 0x000000ae83300000,0x000000ae83400000] [id=4880]
  0x00000210c3ab9bb0 GCTaskThread "GC Thread#5" [stack: 0x000000ae83400000,0x000000ae83500000] [id=14952]
  0x00000210c3ababa0 GCTaskThread "GC Thread#6" [stack: 0x000000ae83500000,0x000000ae83600000] [id=8680]
  0x00000210c3ab7bd0 GCTaskThread "GC Thread#7" [stack: 0x000000ae83600000,0x000000ae83700000] [id=1052]
  0x000002108317ac20 ConcurrentGCThread "G1 Main Marker" [stack: 0x000000ae80d00000,0x000000ae80e00000] [id=11696]
  0x000002108317bec0 ConcurrentGCThread "G1 Conc#0" [stack: 0x000000ae80e00000,0x000000ae80f00000] [id=6248]
  0x000002108318d730 ConcurrentGCThread "G1 Refine#0" [stack: 0x000000ae80f00000,0x000000ae81000000] [id=2104]
  0x000002108318e240 ConcurrentGCThread "G1 Young RemSet Sampling" [stack: 0x000000ae81000000,0x000000ae81100000] [id=12500]

Threads with active compile tasks:

VM state: not at safepoint (normal execution)

VM Mutex/Monitor currently owned by a thread: None

Heap address: 0x0000000401000000, size: 16368 MB, Compressed Oops mode: Zero based, Oop shift amount: 3
CDS archive(s) mapped at: [0x0000000800000000-0x0000000800b50000-0x0000000800b50000), size 11862016, SharedBaseAddress: 0x0000000800000000, ArchiveRelocationMode: 0.
Compressed class space mapped at: 0x0000000800b50000-0x0000000840b50000, size: 1073741824
Narrow klass base: 0x0000000800000000, Narrow klass shift: 3, Narrow klass range: 0x100000000

GC Precious Log:
 CPUs: 8 total, 8 available
 Memory: 65459M
 Large Page Support: Disabled
 NUMA Support: Disabled
 Compressed Oops: Enabled (Zero based)
 Heap Region Size: 8M
 Heap Min Capacity: 8M
 Heap Initial Capacity: 1G
 Heap Max Capacity: 16368M
 Pre-touch: Disabled
 Parallel Workers: 8
 Concurrent Workers: 2
 Concurrent Refinement Workers: 8
 Periodic GC: Disabled

Heap:
 garbage-first heap   total 1048576K, used 14186K [0x0000000401000000, 0x0000000800000000)
  region size 8192K, 3 young (24576K), 1 survivors (8192K)
 Metaspace       used 8054K, capacity 8262K, committed 8320K, reserved 1056768K
  class space    used 837K, capacity 894K, committed 896K, reserved 1048576K

Heap Regions: E=young(eden), S=young(survivor), O=old, HS=humongous(starts), HC=humongous(continues), CS=collection set, F=free, OA=open archive, CA=closed archive, TAMS=top-at-mark-start (previous, next)
|   0|0x0000000401000000, 0x0000000401000000, 0x0000000401800000|  0%| F|  |TAMS 0x0000000401000000, 0x0000000401000000| Untracked 
|   1|0x0000000401800000, 0x0000000401800000, 0x0000000402000000|  0%| F|  |TAMS 0x0000000401800000, 0x0000000401800000| Untracked 
|   2|0x0000000402000000, 0x0000000402000000, 0x0000000402800000|  0%| F|  |TAMS 0x0000000402000000, 0x0000000402000000| Untracked 
|   3|0x0000000402800000, 0x0000000402800000, 0x0000000403000000|  0%| F|  |TAMS 0x0000000402800000, 0x0000000402800000| Untracked 
|   4|0x0000000403000000, 0x0000000403000000, 0x0000000403800000|  0%| F|  |TAMS 0x0000000403000000, 0x0000000403000000| Untracked 
|   5|0x0000000403800000, 0x0000000403800000, 0x0000000404000000|  0%| F|  |TAMS 0x0000000403800000, 0x0000000403800000| Untracked 
|   6|0x0000000404000000, 0x0000000404000000, 0x0000000404800000|  0%| F|  |TAMS 0x0000000404000000, 0x0000000404000000| Untracked 
|   7|0x0000000404800000, 0x0000000404800000, 0x0000000405000000|  0%| F|  |TAMS 0x0000000404800000, 0x0000000404800000| Untracked 
|   8|0x0000000405000000, 0x0000000405000000, 0x0000000405800000|  0%| F|  |TAMS 0x0000000405000000, 0x0000000405000000| Untracked 
|   9|0x0000000405800000, 0x0000000405800000, 0x0000000406000000|  0%| F|  |TAMS 0x0000000405800000, 0x0000000405800000| Untracked 
|  10|0x0000000406000000, 0x0000000406000000, 0x0000000406800000|  0%| F|  |TAMS 0x0000000406000000, 0x0000000406000000| Untracked 
|  11|0x0000000406800000, 0x0000000406800000, 0x0000000407000000|  0%| F|  |TAMS 0x0000000406800000, 0x0000000406800000| Untracked 
|  12|0x0000000407000000, 0x0000000407000000, 0x0000000407800000|  0%| F|  |TAMS 0x0000000407000000, 0x0000000407000000| Untracked 
|  13|0x0000000407800000, 0x0000000407800000, 0x0000000408000000|  0%| F|  |TAMS 0x0000000407800000, 0x0000000407800000| Untracked 
|  14|0x0000000408000000, 0x0000000408000000, 0x0000000408800000|  0%| F|  |TAMS 0x0000000408000000, 0x0000000408000000| Untracked 
|  15|0x0000000408800000, 0x0000000408800000, 0x0000000409000000|  0%| F|  |TAMS 0x0000000408800000, 0x0000000408800000| Untracked 
|  16|0x0000000409000000, 0x0000000409000000, 0x0000000409800000|  0%| F|  |TAMS 0x0000000409000000, 0x0000000409000000| Untracked 
|  17|0x0000000409800000, 0x0000000409800000, 0x000000040a000000|  0%| F|  |TAMS 0x0000000409800000, 0x0000000409800000| Untracked 
|  18|0x000000040a000000, 0x000000040a000000, 0x000000040a800000|  0%| F|  |TAMS 0x000000040a000000, 0x000000040a000000| Untracked 
|  19|0x000000040a800000, 0x000000040a800000, 0x000000040b000000|  0%| F|  |TAMS 0x000000040a800000, 0x000000040a800000| Untracked 
|  20|0x000000040b000000, 0x000000040b000000, 0x000000040b800000|  0%| F|  |TAMS 0x000000040b000000, 0x000000040b000000| Untracked 
|  21|0x000000040b800000, 0x000000040b800000, 0x000000040c000000|  0%| F|  |TAMS 0x000000040b800000, 0x000000040b800000| Untracked 
|  22|0x000000040c000000, 0x000000040c000000, 0x000000040c800000|  0%| F|  |TAMS 0x000000040c000000, 0x000000040c000000| Untracked 
|  23|0x000000040c800000, 0x000000040c800000, 0x000000040d000000|  0%| F|  |TAMS 0x000000040c800000, 0x000000040c800000| Untracked 
|  24|0x000000040d000000, 0x000000040d000000, 0x000000040d800000|  0%| F|  |TAMS 0x000000040d000000, 0x000000040d000000| Untracked 
|  25|0x000000040d800000, 0x000000040d800000, 0x000000040e000000|  0%| F|  |TAMS 0x000000040d800000, 0x000000040d800000| Untracked 
|  26|0x000000040e000000, 0x000000040e000000, 0x000000040e800000|  0%| F|  |TAMS 0x000000040e000000, 0x000000040e000000| Untracked 
|  27|0x000000040e800000, 0x000000040e800000, 0x000000040f000000|  0%| F|  |TAMS 0x000000040e800000, 0x000000040e800000| Untracked 
|  28|0x000000040f000000, 0x000000040f000000, 0x000000040f800000|  0%| F|  |TAMS 0x000000040f000000, 0x000000040f000000| Untracked 
|  29|0x000000040f800000, 0x000000040f800000, 0x0000000410000000|  0%| F|  |TAMS 0x000000040f800000, 0x000000040f800000| Untracked 
|  30|0x0000000410000000, 0x0000000410000000, 0x0000000410800000|  0%| F|  |TAMS 0x0000000410000000, 0x0000000410000000| Untracked 
|  31|0x0000000410800000, 0x0000000410800000, 0x0000000411000000|  0%| F|  |TAMS 0x0000000410800000, 0x0000000410800000| Untracked 
|  32|0x0000000411000000, 0x0000000411000000, 0x0000000411800000|  0%| F|  |TAMS 0x0000000411000000, 0x0000000411000000| Untracked 
|  33|0x0000000411800000, 0x0000000411800000, 0x0000000412000000|  0%| F|  |TAMS 0x0000000411800000, 0x0000000411800000| Untracked 
|  34|0x0000000412000000, 0x0000000412000000, 0x0000000412800000|  0%| F|  |TAMS 0x0000000412000000, 0x0000000412000000| Untracked 
|  35|0x0000000412800000, 0x0000000412800000, 0x0000000413000000|  0%| F|  |TAMS 0x0000000412800000, 0x0000000412800000| Untracked 
|  36|0x0000000413000000, 0x0000000413000000, 0x0000000413800000|  0%| F|  |TAMS 0x0000000413000000, 0x0000000413000000| Untracked 
|  37|0x0000000413800000, 0x0000000413800000, 0x0000000414000000|  0%| F|  |TAMS 0x0000000413800000, 0x0000000413800000| Untracked 
|  38|0x0000000414000000, 0x0000000414000000, 0x0000000414800000|  0%| F|  |TAMS 0x0000000414000000, 0x0000000414000000| Untracked 
|  39|0x0000000414800000, 0x0000000414800000, 0x0000000415000000|  0%| F|  |TAMS 0x0000000414800000, 0x0000000414800000| Untracked 
|  40|0x0000000415000000, 0x0000000415000000, 0x0000000415800000|  0%| F|  |TAMS 0x0000000415000000, 0x0000000415000000| Untracked 
|  41|0x0000000415800000, 0x0000000415800000, 0x0000000416000000|  0%| F|  |TAMS 0x0000000415800000, 0x0000000415800000| Untracked 
|  42|0x0000000416000000, 0x0000000416000000, 0x0000000416800000|  0%| F|  |TAMS 0x0000000416000000, 0x0000000416000000| Untracked 
|  43|0x0000000416800000, 0x0000000416800000, 0x0000000417000000|  0%| F|  |TAMS 0x0000000416800000, 0x0000000416800000| Untracked 
|  44|0x0000000417000000, 0x0000000417000000, 0x0000000417800000|  0%| F|  |TAMS 0x0000000417000000, 0x0000000417000000| Untracked 
|  45|0x0000000417800000, 0x0000000417800000, 0x0000000418000000|  0%| F|  |TAMS 0x0000000417800000, 0x0000000417800000| Untracked 
|  46|0x0000000418000000, 0x0000000418000000, 0x0000000418800000|  0%| F|  |TAMS 0x0000000418000000, 0x0000000418000000| Untracked 
|  47|0x0000000418800000, 0x0000000418800000, 0x0000000419000000|  0%| F|  |TAMS 0x0000000418800000, 0x0000000418800000| Untracked 
|  48|0x0000000419000000, 0x0000000419000000, 0x0000000419800000|  0%| F|  |TAMS 0x0000000419000000, 0x0000000419000000| Untracked 
|  49|0x0000000419800000, 0x0000000419800000, 0x000000041a000000|  0%| F|  |TAMS 0x0000000419800000, 0x0000000419800000| Untracked 
|  50|0x000000041a000000, 0x000000041a000000, 0x000000041a800000|  0%| F|  |TAMS 0x000000041a000000, 0x000000041a000000| Untracked 
|  51|0x000000041a800000, 0x000000041a800000, 0x000000041b000000|  0%| F|  |TAMS 0x000000041a800000, 0x000000041a800000| Untracked 
|  52|0x000000041b000000, 0x000000041b000000, 0x000000041b800000|  0%| F|  |TAMS 0x000000041b000000, 0x000000041b000000| Untracked 
|  53|0x000000041b800000, 0x000000041b800000, 0x000000041c000000|  0%| F|  |TAMS 0x000000041b800000, 0x000000041b800000| Untracked 
|  54|0x000000041c000000, 0x000000041c000000, 0x000000041c800000|  0%| F|  |TAMS 0x000000041c000000, 0x000000041c000000| Untracked 
|  55|0x000000041c800000, 0x000000041c800000, 0x000000041d000000|  0%| F|  |TAMS 0x000000041c800000, 0x000000041c800000| Untracked 
|  56|0x000000041d000000, 0x000000041d000000, 0x000000041d800000|  0%| F|  |TAMS 0x000000041d000000, 0x000000041d000000| Untracked 
|  57|0x000000041d800000, 0x000000041d800000, 0x000000041e000000|  0%| F|  |TAMS 0x000000041d800000, 0x000000041d800000| Untracked 
|  58|0x000000041e000000, 0x000000041e000000, 0x000000041e800000|  0%| F|  |TAMS 0x000000041e000000, 0x000000041e000000| Untracked 
|  59|0x000000041e800000, 0x000000041e800000, 0x000000041f000000|  0%| F|  |TAMS 0x000000041e800000, 0x000000041e800000| Untracked 
|  60|0x000000041f000000, 0x000000041f000000, 0x000000041f800000|  0%| F|  |TAMS 0x000000041f000000, 0x000000041f000000| Untracked 
|  61|0x000000041f800000, 0x000000041f800000, 0x0000000420000000|  0%| F|  |TAMS 0x000000041f800000, 0x000000041f800000| Untracked 
|  62|0x0000000420000000, 0x0000000420000000, 0x0000000420800000|  0%| F|  |TAMS 0x0000000420000000, 0x0000000420000000| Untracked 
|  63|0x0000000420800000, 0x0000000420800000, 0x0000000421000000|  0%| F|  |TAMS 0x0000000420800000, 0x0000000420800000| Untracked 
|  64|0x0000000421000000, 0x0000000421000000, 0x0000000421800000|  0%| F|  |TAMS 0x0000000421000000, 0x0000000421000000| Untracked 
|  65|0x0000000421800000, 0x0000000421800000, 0x0000000422000000|  0%| F|  |TAMS 0x0000000421800000, 0x0000000421800000| Untracked 
|  66|0x0000000422000000, 0x0000000422000000, 0x0000000422800000|  0%| F|  |TAMS 0x0000000422000000, 0x0000000422000000| Untracked 
|  67|0x0000000422800000, 0x0000000422800000, 0x0000000423000000|  0%| F|  |TAMS 0x0000000422800000, 0x0000000422800000| Untracked 
|  68|0x0000000423000000, 0x0000000423000000, 0x0000000423800000|  0%| F|  |TAMS 0x0000000423000000, 0x0000000423000000| Untracked 
|  69|0x0000000423800000, 0x0000000423800000, 0x0000000424000000|  0%| F|  |TAMS 0x0000000423800000, 0x0000000423800000| Untracked 
|  70|0x0000000424000000, 0x0000000424000000, 0x0000000424800000|  0%| F|  |TAMS 0x0000000424000000, 0x0000000424000000| Untracked 
|  71|0x0000000424800000, 0x0000000424800000, 0x0000000425000000|  0%| F|  |TAMS 0x0000000424800000, 0x0000000424800000| Untracked 
|  72|0x0000000425000000, 0x0000000425000000, 0x0000000425800000|  0%| F|  |TAMS 0x0000000425000000, 0x0000000425000000| Untracked 
|  73|0x0000000425800000, 0x0000000425800000, 0x0000000426000000|  0%| F|  |TAMS 0x0000000425800000, 0x0000000425800000| Untracked 
|  74|0x0000000426000000, 0x0000000426000000, 0x0000000426800000|  0%| F|  |TAMS 0x0000000426000000, 0x0000000426000000| Untracked 
|  75|0x0000000426800000, 0x0000000426800000, 0x0000000427000000|  0%| F|  |TAMS 0x0000000426800000, 0x0000000426800000| Untracked 
|  76|0x0000000427000000, 0x0000000427000000, 0x0000000427800000|  0%| F|  |TAMS 0x0000000427000000, 0x0000000427000000| Untracked 
|  77|0x0000000427800000, 0x0000000427800000, 0x0000000428000000|  0%| F|  |TAMS 0x0000000427800000, 0x0000000427800000| Untracked 
|  78|0x0000000428000000, 0x0000000428000000, 0x0000000428800000|  0%| F|  |TAMS 0x0000000428000000, 0x0000000428000000| Untracked 
|  79|0x0000000428800000, 0x0000000428800000, 0x0000000429000000|  0%| F|  |TAMS 0x0000000428800000, 0x0000000428800000| Untracked 
|  80|0x0000000429000000, 0x0000000429000000, 0x0000000429800000|  0%| F|  |TAMS 0x0000000429000000, 0x0000000429000000| Untracked 
|  81|0x0000000429800000, 0x0000000429800000, 0x000000042a000000|  0%| F|  |TAMS 0x0000000429800000, 0x0000000429800000| Untracked 
|  82|0x000000042a000000, 0x000000042a000000, 0x000000042a800000|  0%| F|  |TAMS 0x000000042a000000, 0x000000042a000000| Untracked 
|  83|0x000000042a800000, 0x000000042a800000, 0x000000042b000000|  0%| F|  |TAMS 0x000000042a800000, 0x000000042a800000| Untracked 
|  84|0x000000042b000000, 0x000000042b000000, 0x000000042b800000|  0%| F|  |TAMS 0x000000042b000000, 0x000000042b000000| Untracked 
|  85|0x000000042b800000, 0x000000042b800000, 0x000000042c000000|  0%| F|  |TAMS 0x000000042b800000, 0x000000042b800000| Untracked 
|  86|0x000000042c000000, 0x000000042c000000, 0x000000042c800000|  0%| F|  |TAMS 0x000000042c000000, 0x000000042c000000| Untracked 
|  87|0x000000042c800000, 0x000000042c800000, 0x000000042d000000|  0%| F|  |TAMS 0x000000042c800000, 0x000000042c800000| Untracked 
|  88|0x000000042d000000, 0x000000042d000000, 0x000000042d800000|  0%| F|  |TAMS 0x000000042d000000, 0x000000042d000000| Untracked 
|  89|0x000000042d800000, 0x000000042d800000, 0x000000042e000000|  0%| F|  |TAMS 0x000000042d800000, 0x000000042d800000| Untracked 
|  90|0x000000042e000000, 0x000000042e000000, 0x000000042e800000|  0%| F|  |TAMS 0x000000042e000000, 0x000000042e000000| Untracked 
|  91|0x000000042e800000, 0x000000042e800000, 0x000000042f000000|  0%| F|  |TAMS 0x000000042e800000, 0x000000042e800000| Untracked 
|  92|0x000000042f000000, 0x000000042f000000, 0x000000042f800000|  0%| F|  |TAMS 0x000000042f000000, 0x000000042f000000| Untracked 
|  93|0x000000042f800000, 0x000000042f800000, 0x0000000430000000|  0%| F|  |TAMS 0x000000042f800000, 0x000000042f800000| Untracked 
|  94|0x0000000430000000, 0x0000000430000000, 0x0000000430800000|  0%| F|  |TAMS 0x0000000430000000, 0x0000000430000000| Untracked 
|  95|0x0000000430800000, 0x0000000430800000, 0x0000000431000000|  0%| F|  |TAMS 0x0000000430800000, 0x0000000430800000| Untracked 
|  96|0x0000000431000000, 0x0000000431000000, 0x0000000431800000|  0%| F|  |TAMS 0x0000000431000000, 0x0000000431000000| Untracked 
|  97|0x0000000431800000, 0x0000000431800000, 0x0000000432000000|  0%| F|  |TAMS 0x0000000431800000, 0x0000000431800000| Untracked 
|  98|0x0000000432000000, 0x0000000432000000, 0x0000000432800000|  0%| F|  |TAMS 0x0000000432000000, 0x0000000432000000| Untracked 
|  99|0x0000000432800000, 0x0000000432800000, 0x0000000433000000|  0%| F|  |TAMS 0x0000000432800000, 0x0000000432800000| Untracked 
| 100|0x0000000433000000, 0x0000000433000000, 0x0000000433800000|  0%| F|  |TAMS 0x0000000433000000, 0x0000000433000000| Untracked 
| 101|0x0000000433800000, 0x0000000433800000, 0x0000000434000000|  0%| F|  |TAMS 0x0000000433800000, 0x0000000433800000| Untracked 
| 102|0x0000000434000000, 0x0000000434000000, 0x0000000434800000|  0%| F|  |TAMS 0x0000000434000000, 0x0000000434000000| Untracked 
| 103|0x0000000434800000, 0x0000000434800000, 0x0000000435000000|  0%| F|  |TAMS 0x0000000434800000, 0x0000000434800000| Untracked 
| 104|0x0000000435000000, 0x0000000435000000, 0x0000000435800000|  0%| F|  |TAMS 0x0000000435000000, 0x0000000435000000| Untracked 
| 105|0x0000000435800000, 0x0000000435800000, 0x0000000436000000|  0%| F|  |TAMS 0x0000000435800000, 0x0000000435800000| Untracked 
| 106|0x0000000436000000, 0x0000000436000000, 0x0000000436800000|  0%| F|  |TAMS 0x0000000436000000, 0x0000000436000000| Untracked 
| 107|0x0000000436800000, 0x0000000436800000, 0x0000000437000000|  0%| F|  |TAMS 0x0000000436800000, 0x0000000436800000| Untracked 
| 108|0x0000000437000000, 0x0000000437000000, 0x0000000437800000|  0%| F|  |TAMS 0x0000000437000000, 0x0000000437000000| Untracked 
| 109|0x0000000437800000, 0x0000000437800000, 0x0000000438000000|  0%| F|  |TAMS 0x0000000437800000, 0x0000000437800000| Untracked 
| 110|0x0000000438000000, 0x0000000438000000, 0x0000000438800000|  0%| F|  |TAMS 0x0000000438000000, 0x0000000438000000| Untracked 
| 111|0x0000000438800000, 0x0000000438800000, 0x0000000439000000|  0%| F|  |TAMS 0x0000000438800000, 0x0000000438800000| Untracked 
| 112|0x0000000439000000, 0x0000000439000000, 0x0000000439800000|  0%| F|  |TAMS 0x0000000439000000, 0x0000000439000000| Untracked 
| 113|0x0000000439800000, 0x0000000439800000, 0x000000043a000000|  0%| F|  |TAMS 0x0000000439800000, 0x0000000439800000| Untracked 
| 114|0x000000043a000000, 0x000000043a000000, 0x000000043a800000|  0%| F|  |TAMS 0x000000043a000000, 0x000000043a000000| Untracked 
| 115|0x000000043a800000, 0x000000043a800000, 0x000000043b000000|  0%| F|  |TAMS 0x000000043a800000, 0x000000043a800000| Untracked 
| 116|0x000000043b000000, 0x000000043b000000, 0x000000043b800000|  0%| F|  |TAMS 0x000000043b000000, 0x000000043b000000| Untracked 
| 117|0x000000043b800000, 0x000000043b800000, 0x000000043c000000|  0%| F|  |TAMS 0x000000043b800000, 0x000000043b800000| Untracked 
| 118|0x000000043c000000, 0x000000043c000000, 0x000000043c800000|  0%| F|  |TAMS 0x000000043c000000, 0x000000043c000000| Untracked 
| 119|0x000000043c800000, 0x000000043c800000, 0x000000043d000000|  0%| F|  |TAMS 0x000000043c800000, 0x000000043c800000| Untracked 
| 120|0x000000043d000000, 0x000000043d000000, 0x000000043d800000|  0%| F|  |TAMS 0x000000043d000000, 0x000000043d000000| Untracked 
| 121|0x000000043d800000, 0x000000043dddaad0, 0x000000043e000000| 73%| S|CS|TAMS 0x000000043d800000, 0x000000043d800000| Complete 
| 122|0x000000043e000000, 0x000000043e000000, 0x000000043e800000|  0%| F|  |TAMS 0x000000043e000000, 0x000000043e000000| Untracked 
| 123|0x000000043e800000, 0x000000043e800000, 0x000000043f000000|  0%| F|  |TAMS 0x000000043e800000, 0x000000043e800000| Untracked 
| 124|0x000000043f000000, 0x000000043f000000, 0x000000043f800000|  0%| F|  |TAMS 0x000000043f000000, 0x000000043f000000| Untracked 
| 125|0x000000043f800000, 0x000000043f800000, 0x0000000440000000|  0%| F|  |TAMS 0x000000043f800000, 0x000000043f800000| Untracked 
| 126|0x0000000440000000, 0x00000004404e2f88, 0x0000000440800000| 61%| E|  |TAMS 0x0000000440000000, 0x0000000440000000| Complete 
| 127|0x0000000440800000, 0x0000000441000000, 0x0000000441000000|100%| E|CS|TAMS 0x0000000440800000, 0x0000000440800000| Complete 

Card table byte_map: [0x000002109c620000,0x000002109e620000] _byte_map_base: 0x000002109a618000

Marking Bits (Prev, Next): (CMBitMap*) 0x0000021083169270, (CMBitMap*) 0x00000210831692b0
 Prev Bits: [0x00000210a0620000, 0x00000210b05e0000)
 Next Bits: [0x00000210b05e0000, 0x00000210c05a0000)

Polling page: 0x0000021081030000

Metaspace:

Usage:
  Non-class:      7.20 MB capacity,     7.05 MB ( 98%) used,   140.32 KB (  2%) free+waste,    10.69 KB ( <1%) overhead. 
      Class:    894.00 KB capacity,   837.48 KB ( 94%) used,    52.02 KB (  6%) free+waste,     4.50 KB ( <1%) overhead. 
       Both:      8.07 MB capacity,     7.87 MB ( 97%) used,   192.34 KB (  2%) free+waste,    15.19 KB ( <1%) overhead. 

Virtual space:
  Non-class space:        8.00 MB reserved,       7.25 MB ( 91%) committed 
      Class space:        1.00 GB reserved,     896.00 KB ( <1%) committed 
             Both:        1.01 GB reserved,       8.12 MB ( <1%) committed 

Chunk freelists:
   Non-Class:  56.00 KB
       Class:  2.00 KB
        Both:  58.00 KB

MaxMetaspaceSize: 17179869184.00 GB
CompressedClassSpaceSize: 1.00 GB

CodeHeap 'non-profiled nmethods': size=120000Kb used=705Kb max_used=705Kb free=119294Kb
 bounds [0x0000021092dc0000, 0x0000021093030000, 0x000002109a2f0000]
CodeHeap 'profiled nmethods': size=120000Kb used=2164Kb max_used=2164Kb free=117835Kb
 bounds [0x000002108b890000, 0x000002108bb00000, 0x0000021092dc0000]
CodeHeap 'non-nmethods': size=5760Kb used=1282Kb max_used=1330Kb free=4477Kb
 bounds [0x000002108b2f0000, 0x000002108b560000, 0x000002108b890000]
 total_blobs=1916 nmethods=1344 adapters=485
 compilation: enabled
              stopped_count=0, restarted_count=0
 full_count=0

Compilation events (20 events):
Event: 4.668 Thread 0x00000210c39521d0 1336       3       main.PolyCubeContainer::tick (730 bytes)
Event: 4.669 Thread 0x00000210c39521d0 nmethod 1336 0x000002108baa9c90 code [0x000002108baaa100, 0x000002108baabfd8]
Event: 4.673 Thread 0x00000210c2bdc330 nmethod 1334 0x0000021092e63810 code [0x0000021092e639c0, 0x0000021092e64088]
Event: 4.681 Thread 0x00000210c2bdc330 1337   !   4       main.PolyCubeContainer::moveTimer (1198 bytes)
Event: 4.683 Thread 0x00000210c2bdc330 nmethod 1337 0x0000021092e64310 code [0x0000021092e644a0, 0x0000021092e645d8]
Event: 4.741 Thread 0x00000210c2bdc330 1338 %     4       main.PolyCubeContainer::tick @ 275 (730 bytes)
Event: 4.767 Thread 0x00000210c39521d0 1339       1       java.awt.Component::isEnabledImpl (5 bytes)
Event: 4.767 Thread 0x00000210c39521d0 nmethod 1339 0x0000021092e64710 code [0x0000021092e648a0, 0x0000021092e64958]
Event: 4.788 Thread 0x00000210c39521d0 1340       3       sun.java2d.pipe.RenderQueue::flushNow (14 bytes)
Event: 4.789 Thread 0x00000210c39521d0 nmethod 1340 0x000002108baacb90 code [0x000002108baacd40, 0x000002108baacf58]
Event: 4.795 Thread 0x00000210c2bdc330 nmethod 1338% 0x0000021092e64a10 code [0x0000021092e64cc0, 0x0000021092e669c8]
Event: 4.809 Thread 0x00000210c2bdc330 1341       4       main.PolyCubeContainer::tick (730 bytes)
Event: 4.902 Thread 0x00000210c2bdc330 nmethod 1341 0x0000021092e67890 code [0x0000021092e67c00, 0x0000021092e6aba0]
Event: 4.903 Thread 0x00000210c2bdc330 1343       4       sun.java2d.pipe.PixelToParallelogramConverter::drawGeneralLine (641 bytes)
Event: 4.908 Thread 0x00000210c2bdc330 nmethod 1343 0x0000021092e6c290 code [0x0000021092e6c4a0, 0x0000021092e6cb48]
Event: 4.908 Thread 0x00000210c2bdc330 1342       4       sun.java2d.SunGraphics2D::dispose (12 bytes)
Event: 4.911 Thread 0x00000210c2bdc330 nmethod 1342 0x0000021092e6d210 code [0x0000021092e6d3a0, 0x0000021092e6d978]
Event: 4.923 Thread 0x00000210c2bdc330 1344       4       sun.font.Font2D::getStrike (27 bytes)
Event: 4.929 Thread 0x00000210c2bdc330 nmethod 1344 0x0000021092e6da10 code [0x0000021092e6dbc0, 0x0000021092e6e398]
Event: 4.951 Thread 0x00000210c2bdc330 1345   !   4       sun.java2d.pipe.BufferedRenderPipe::fillRect (102 bytes)

GC Heap History (2 events):
Event: 4.515 GC heap before
{Heap before GC invocations=0 (full 0):
 garbage-first heap   total 1048576K, used 49152K [0x0000000401000000, 0x0000000800000000)
  region size 8192K, 6 young (49152K), 0 survivors (0K)
 Metaspace       used 8050K, capacity 8262K, committed 8320K, reserved 1056768K
  class space    used 837K, capacity 894K, committed 896K, reserved 1048576K
}
Event: 4.521 GC heap after
{Heap after GC invocations=1 (full 0):
 garbage-first heap   total 1048576K, used 5994K [0x0000000401000000, 0x0000000800000000)
  region size 8192K, 1 young (8192K), 1 survivors (8192K)
 Metaspace       used 8050K, capacity 8262K, committed 8320K, reserved 1056768K
  class space    used 837K, capacity 894K, committed 896K, reserved 1048576K
}

Deoptimization events (20 events):
Event: 4.529 Thread 0x00000210ca574ca0 DEOPT PACKING pc=0x0000021092e5be24 sp=0x000000ae82efe1c0
Event: 4.529 Thread 0x00000210ca574ca0 DEOPT UNPACKING pc=0x000002108b33e42f sp=0x000000ae82efe138 mode 2
Event: 4.664 Thread 0x00000210ca574ca0 Uncommon trap: trap_request=0xffffffde fr.pc=0x0000021092e5be24 relative=0x0000000000000464
Event: 4.664 Thread 0x00000210ca574ca0 Uncommon trap: reason=class_check action=maybe_recompile pc=0x0000021092e5be24 method=java.util.HashMap.getNode(Ljava/lang/Object;)Ljava/util/HashMap$Node; @ 63 c2
Event: 4.664 Thread 0x00000210ca574ca0 DEOPT PACKING pc=0x0000021092e5be24 sp=0x000000ae82efe1c0
Event: 4.664 Thread 0x00000210ca574ca0 DEOPT UNPACKING pc=0x000002108b33e42f sp=0x000000ae82efe138 mode 2
Event: 4.665 Thread 0x00000210ca73eac0 Uncommon trap: trap_request=0xffffff45 fr.pc=0x0000021092e61dd8 relative=0x0000000000001eb8
Event: 4.665 Thread 0x00000210ca73eac0 Uncommon trap: reason=unstable_if action=reinterpret pc=0x0000021092e61dd8 method=main.PolyCubeContainer.tick()V @ 188 c2
Event: 4.665 Thread 0x00000210ca73eac0 DEOPT PACKING pc=0x0000021092e61dd8 sp=0x000000ae82fff120
Event: 4.665 Thread 0x00000210ca73eac0 DEOPT UNPACKING pc=0x000002108b33e42f sp=0x000000ae82fff108 mode 2
Event: 4.683 Thread 0x00000210ca73eac0 DEOPT PACKING pc=0x000002108baabc65 sp=0x000000ae82fff0d0
Event: 4.683 Thread 0x00000210ca73eac0 DEOPT UNPACKING pc=0x000002108b33e23f sp=0x000000ae82ffe600 mode 0
Event: 4.698 Thread 0x00000210ca73eac0 DEOPT PACKING pc=0x000002108baabc65 sp=0x000000ae82fff0d0
Event: 4.698 Thread 0x00000210ca73eac0 DEOPT UNPACKING pc=0x000002108b33e23f sp=0x000000ae82ffe600 mode 0
Event: 4.713 Thread 0x00000210ca73eac0 DEOPT PACKING pc=0x000002108baabc65 sp=0x000000ae82fff0d0
Event: 4.713 Thread 0x00000210ca73eac0 DEOPT UNPACKING pc=0x000002108b33e23f sp=0x000000ae82ffe600 mode 0
Event: 4.741 Thread 0x00000210ca73eac0 DEOPT PACKING pc=0x000002108baabc65 sp=0x000000ae82fff0d0
Event: 4.741 Thread 0x00000210ca73eac0 DEOPT UNPACKING pc=0x000002108b33e23f sp=0x000000ae82ffe600 mode 0
Event: 4.756 Thread 0x00000210ca73eac0 DEOPT PACKING pc=0x000002108baabc65 sp=0x000000ae82fff0d0
Event: 4.756 Thread 0x00000210ca73eac0 DEOPT UNPACKING pc=0x000002108b33e23f sp=0x000000ae82ffe600 mode 0

Classes unloaded (0 events):
No events

Classes redefined (0 events):
No events

Internal exceptions (20 events):
Event: 3.268 Thread 0x00000210ca73eac0 Exception <a 'java/lang/ArrayIndexOutOfBoundsException'{0x000000043f6389d0}> (0x000000043f6389d0) 
thrown [./open/src/hotspot/share/runtime/sharedRuntime.cpp, line 585]
Event: 3.352 Thread 0x00000210ca73eac0 Exception <a 'java/lang/ArrayIndexOutOfBoundsException'{0x000000043f6a5030}> (0x000000043f6a5030) 
thrown [./open/src/hotspot/share/runtime/sharedRuntime.cpp, line 585]
Event: 3.450 Thread 0x00000210ca73eac0 Exception <a 'java/lang/ArrayIndexOutOfBoundsException'{0x000000043f711c80}> (0x000000043f711c80) 
thrown [./open/src/hotspot/share/runtime/sharedRuntime.cpp, line 585]
Event: 3.522 Thread 0x00000210ca73eac0 Exception <a 'java/lang/ArrayIndexOutOfBoundsException'{0x000000043f77e468}> (0x000000043f77e468) 
thrown [./open/src/hotspot/share/runtime/sharedRuntime.cpp, line 585]
Event: 3.594 Thread 0x00000210ca73eac0 Exception <a 'java/lang/ArrayIndexOutOfBoundsException'{0x000000043f7ead28}> (0x000000043f7ead28) 
thrown [./open/src/hotspot/share/runtime/sharedRuntime.cpp, line 585]
Event: 3.660 Thread 0x00000210ca73eac0 Exception <a 'java/lang/ArrayIndexOutOfBoundsException'{0x000000043e857850}> (0x000000043e857850) 
thrown [./open/src/hotspot/share/runtime/sharedRuntime.cpp, line 585]
Event: 3.719 Thread 0x00000210ca73eac0 Exception <a 'java/lang/ArrayIndexOutOfBoundsException'{0x000000043e8c3eb0}> (0x000000043e8c3eb0) 
thrown [./open/src/hotspot/share/runtime/sharedRuntime.cpp, line 585]
Event: 3.780 Thread 0x00000210ca73eac0 Exception <a 'java/lang/ArrayIndexOutOfBoundsException'{0x000000043e930760}> (0x000000043e930760) 
thrown [./open/src/hotspot/share/runtime/sharedRuntime.cpp, line 585]
Event: 3.841 Thread 0x00000210ca73eac0 Exception <a 'java/lang/ArrayIndexOutOfBoundsException'{0x000000043e99cdc0}> (0x000000043e99cdc0) 
thrown [./open/src/hotspot/share/runtime/sharedRuntime.cpp, line 585]
Event: 3.903 Thread 0x00000210ca73eac0 Exception <a 'java/lang/ArrayIndexOutOfBoundsException'{0x000000043ea09738}> (0x000000043ea09738) 
thrown [./open/src/hotspot/share/runtime/sharedRuntime.cpp, line 585]
Event: 3.962 Thread 0x00000210ca73eac0 Exception <a 'java/lang/ArrayIndexOutOfBoundsException'{0x000000043ea75df8}> (0x000000043ea75df8) 
thrown [./open/src/hotspot/share/runtime/sharedRuntime.cpp, line 585]
Event: 4.022 Thread 0x00000210ca73eac0 Exception <a 'java/lang/ArrayIndexOutOfBoundsException'{0x000000043eae26d8}> (0x000000043eae26d8) 
thrown [./open/src/hotspot/share/runtime/sharedRuntime.cpp, line 585]
Event: 4.082 Thread 0x00000210ca73eac0 Exception <a 'java/lang/ArrayIndexOutOfBoundsException'{0x000000043eb4ed58}> (0x000000043eb4ed58) 
thrown [./open/src/hotspot/share/runtime/sharedRuntime.cpp, line 585]
Event: 4.141 Thread 0x00000210ca73eac0 Exception <a 'java/lang/ArrayIndexOutOfBoundsException'{0x000000043ebbb3d8}> (0x000000043ebbb3d8) 
thrown [./open/src/hotspot/share/runtime/sharedRuntime.cpp, line 585]
Event: 4.200 Thread 0x00000210ca73eac0 Exception <a 'java/lang/ArrayIndexOutOfBoundsException'{0x000000043ec27d30}> (0x000000043ec27d30) 
thrown [./open/src/hotspot/share/runtime/sharedRuntime.cpp, line 585]
Event: 4.256 Thread 0x00000210ca73eac0 Exception <a 'java/lang/ArrayIndexOutOfBoundsException'{0x000000043ec94390}> (0x000000043ec94390) 
thrown [./open/src/hotspot/share/runtime/sharedRuntime.cpp, line 585]
Event: 4.314 Thread 0x00000210ca73eac0 Exception <a 'java/lang/ArrayIndexOutOfBoundsException'{0x000000043ed00c30}> (0x000000043ed00c30) 
thrown [./open/src/hotspot/share/runtime/sharedRuntime.cpp, line 585]
Event: 4.372 Thread 0x00000210ca73eac0 Exception <a 'java/lang/ArrayIndexOutOfBoundsException'{0x000000043ed6d2b0}> (0x000000043ed6d2b0) 
thrown [./open/src/hotspot/share/runtime/sharedRuntime.cpp, line 585]
Event: 4.577 Thread 0x00000210ca73eac0 Exception <a 'java/lang/ArrayIndexOutOfBoundsException'{0x0000000440ad9638}> (0x0000000440ad9638) 
thrown [./open/src/hotspot/share/runtime/sharedRuntime.cpp, line 585]
Event: 4.649 Thread 0x00000210ca73eac0 Exception <a 'java/lang/ArrayIndexOutOfBoundsException'{0x0000000440b48558}> (0x0000000440b48558) 
thrown [./open/src/hotspot/share/runtime/sharedRuntime.cpp, line 585]

Events (20 events):
Event: 4.378 loading class java/applet/Applet
Event: 4.378 loading class java/awt/Panel
Event: 4.378 loading class java/awt/Panel done
Event: 4.378 loading class java/applet/Applet done
Event: 4.378 loading class javax/swing/KeyboardManager
Event: 4.378 loading class javax/swing/KeyboardManager done
Event: 4.378 loading class javax/swing/Popup$HeavyWeightWindow
Event: 4.378 loading class sun/awt/ModalExclude
Event: 4.378 loading class sun/awt/ModalExclude done
Event: 4.378 loading class javax/swing/JWindow
Event: 4.379 loading class javax/swing/JWindow done
Event: 4.379 loading class javax/swing/Popup$HeavyWeightWindow done
Event: 4.515 Executing VM operation: G1CollectForAllocation
Event: 4.521 Executing VM operation: G1CollectForAllocation done
Event: 4.521 Executing VM operation: HandshakeAllThreads
Event: 4.522 Executing VM operation: HandshakeAllThreads done
Event: 4.955 Thread 0x00000210ca755bd0 Thread added: 0x00000210ca755bd0
Event: 4.955 Thread 0x00000210ca7560a0 Thread added: 0x00000210ca7560a0
Event: 4.956 Thread 0x00000210ca755bd0 Thread exited: 0x00000210ca755bd0
Event: 4.956 Thread 0x00000210c3a66500 Thread exited: 0x00000210c3a66500


Dynamic libraries:
0x00007ff758420000 - 0x00007ff75842f000 	C:\Program Files\Java\jdk-15.0.1\bin\java.exe
0x00007ffc61c30000 - 0x00007ffc61e25000 	C:\Windows\SYSTEM32\ntdll.dll
0x00007ffc61630000 - 0x00007ffc616ed000 	C:\Windows\System32\KERNEL32.DLL
0x00007ffc5f480000 - 0x00007ffc5f748000 	C:\Windows\System32\KERNELBASE.dll
0x00007ffc5fb90000 - 0x00007ffc5fc90000 	C:\Windows\System32\ucrtbase.dll
0x00007ffc4e0f0000 - 0x00007ffc4e109000 	C:\Program Files\Java\jdk-15.0.1\bin\VCRUNTIME140.dll
0x00007ffc59820000 - 0x00007ffc59838000 	C:\Program Files\Java\jdk-15.0.1\bin\jli.dll
0x00007ffc5fd80000 - 0x00007ffc5fe2c000 	C:\Windows\System32\ADVAPI32.dll
0x00007ffc60c80000 - 0x00007ffc60d1e000 	C:\Windows\System32\msvcrt.dll
0x00007ffc61590000 - 0x00007ffc6162b000 	C:\Windows\System32\sechost.dll
0x00007ffc60540000 - 0x00007ffc6066b000 	C:\Windows\System32\RPCRT4.dll
0x00007ffc600a0000 - 0x00007ffc60240000 	C:\Windows\System32\USER32.dll
0x00007ffc55ed0000 - 0x00007ffc5616a000 	C:\Windows\WinSxS\amd64_microsoft.windows.common-controls_6595b64144ccf1df_6.0.19041.844_none_ca00b6081b84eb1d\COMCTL32.dll
0x00007ffc5f750000 - 0x00007ffc5f772000 	C:\Windows\System32\win32u.dll
0x00007ffc602b0000 - 0x00007ffc602da000 	C:\Windows\System32\GDI32.dll
0x00007ffc5f370000 - 0x00007ffc5f47b000 	C:\Windows\System32\gdi32full.dll
0x00007ffc5f7b0000 - 0x00007ffc5f84d000 	C:\Windows\System32\msvcp_win.dll
0x00007ffc567f0000 - 0x00007ffc567fa000 	C:\Windows\SYSTEM32\VERSION.dll
0x00007ffc60280000 - 0x00007ffc602b0000 	C:\Windows\System32\IMM32.DLL
0x00007ffc530e0000 - 0x00007ffc530ec000 	C:\Program Files\Java\jdk-15.0.1\bin\vcruntime140_1.dll
0x00007ffc42940000 - 0x00007ffc429d1000 	C:\Program Files\Java\jdk-15.0.1\bin\msvcp140.dll
0x00007ffbfe770000 - 0x00007ffbff2ce000 	C:\Program Files\Java\jdk-15.0.1\bin\server\jvm.dll
0x00007ffc5fd10000 - 0x00007ffc5fd18000 	C:\Windows\System32\PSAPI.DLL
0x00007ffc597e0000 - 0x00007ffc597e9000 	C:\Windows\SYSTEM32\WSOCK32.dll
0x00007ffc573c0000 - 0x00007ffc573e7000 	C:\Windows\SYSTEM32\WINMM.dll
0x00007ffc61520000 - 0x00007ffc6158b000 	C:\Windows\System32\WS2_32.dll
0x00007ffc5d2d0000 - 0x00007ffc5d2e2000 	C:\Windows\SYSTEM32\kernel.appcore.dll
0x00007ffc51870000 - 0x00007ffc5187a000 	C:\Program Files\Java\jdk-15.0.1\bin\jimage.dll
0x00007ffc59b80000 - 0x00007ffc59d64000 	C:\Windows\SYSTEM32\DBGHELP.DLL
0x00007ffc58740000 - 0x00007ffc5876c000 	C:\Windows\SYSTEM32\dbgcore.DLL
0x00007ffc5f950000 - 0x00007ffc5f9d0000 	C:\Windows\System32\bcryptPrimitives.dll
0x00007ffc4d540000 - 0x00007ffc4d565000 	C:\Program Files\Java\jdk-15.0.1\bin\java.dll
0x00007ffc60dd0000 - 0x00007ffc61512000 	C:\Windows\System32\SHELL32.dll
0x00007ffc5d4d0000 - 0x00007ffc5dc61000 	C:\Windows\SYSTEM32\windows.storage.dll
0x00007ffc60850000 - 0x00007ffc60ba5000 	C:\Windows\System32\combase.dll
0x00007ffc5ede0000 - 0x00007ffc5ee0c000 	C:\Windows\SYSTEM32\Wldp.dll
0x00007ffc602e0000 - 0x00007ffc6038e000 	C:\Windows\System32\SHCORE.dll
0x00007ffc60040000 - 0x00007ffc60095000 	C:\Windows\System32\shlwapi.dll
0x00007ffc5f2b0000 - 0x00007ffc5f2cf000 	C:\Windows\SYSTEM32\profapi.dll
0x00007ffc4dfd0000 - 0x00007ffc4dfe9000 	C:\Program Files\Java\jdk-15.0.1\bin\net.dll
0x00007ffc57e30000 - 0x00007ffc57f3b000 	C:\Windows\SYSTEM32\WINHTTP.dll
0x00007ffc5eb50000 - 0x00007ffc5ebba000 	C:\Windows\system32\mswsock.dll
0x00007ffc4dd30000 - 0x00007ffc4dd42000 	C:\Program Files\Java\jdk-15.0.1\bin\nio.dll
0x00007ffc38bc0000 - 0x00007ffc38d40000 	C:\Program Files\Java\jdk-15.0.1\bin\awt.dll
0x00007ffc60bb0000 - 0x00007ffc60c7d000 	C:\Windows\System32\OLEAUT32.dll
0x00007ffc5cd60000 - 0x00007ffc5cdf0000 	C:\Windows\SYSTEM32\apphelp.dll
0x00007ffc5d0c0000 - 0x00007ffc5d0ef000 	C:\Windows\system32\DWMAPI.DLL
0x00007ffc5ce10000 - 0x00007ffc5ceae000 	C:\Windows\system32\uxtheme.dll
0x00007ffc28b60000 - 0x00007ffc28c86000 	C:\Windows\system32\opengl32.dll
0x00007ffc359f0000 - 0x00007ffc35a1c000 	C:\Windows\SYSTEM32\GLU32.dll
0x00007ffc60670000 - 0x00007ffc60785000 	C:\Windows\System32\MSCTF.dll
0x00007ffc5ff10000 - 0x00007ffc6003a000 	C:\Windows\System32\ole32.dll
0x00007ffc2fb70000 - 0x00007ffc2fd3e000 	C:\Windows\system32\d3d9.dll
0x00007ffc4a170000 - 0x00007ffc4a34b000 	C:\Windows\System32\DriverStore\FileRepository\u0359160.inf_amd64_2abe2598d9a3141f\B358802\aticfx64.dll
0x00007ffc50640000 - 0x00007ffc50673000 	C:\Windows\System32\DriverStore\FileRepository\u0359160.inf_amd64_2abe2598d9a3141f\B358802\atiu9p64.dll
0x00007ffbfd470000 - 0x00007ffbfe148000 	C:\Windows\System32\DriverStore\FileRepository\u0359160.inf_amd64_2abe2598d9a3141f\B358802\atiumd64.dll
0x000000006ce50000 - 0x000000006dcde000 	C:\Windows\System32\DriverStore\FileRepository\u0359160.inf_amd64_2abe2598d9a3141f\B358802\atiumd6a.dll
0x00007ffc5e910000 - 0x00007ffc5e95b000 	C:\Windows\SYSTEM32\POWRPROF.dll
0x00007ffc5e7d0000 - 0x00007ffc5e7e2000 	C:\Windows\SYSTEM32\UMPDC.dll
0x00007ffc489c0000 - 0x00007ffc489ef000 	C:\Windows\SYSTEM32\amdihk64.dll
0x00007ffc4a350000 - 0x00007ffc4a38b000 	C:\Windows\SYSTEM32\dxcore.dll
0x00007ffc5f850000 - 0x00007ffc5f89e000 	C:\Windows\System32\cfgmgr32.dll
0x00007ffc4cd00000 - 0x00007ffc4cd18000 	C:\Program Files\Java\jdk-15.0.1\bin\zip.dll
0x00007ffc3a1e0000 - 0x00007ffc3a265000 	C:\Program Files\Java\jdk-15.0.1\bin\freetype.dll
0x00007ffc391e0000 - 0x00007ffc39289000 	C:\Program Files\Java\jdk-15.0.1\bin\fontmanager.dll
0x00007ffc50f10000 - 0x00007ffc51009000 	C:\Windows\SYSTEM32\textinputframework.dll
0x00007ffc5c8b0000 - 0x00007ffc5cc0e000 	C:\Windows\System32\CoreUIComponents.dll
0x00007ffc5cc10000 - 0x00007ffc5cd02000 	C:\Windows\System32\CoreMessaging.dll
0x00007ffc5e0b0000 - 0x00007ffc5e0e3000 	C:\Windows\SYSTEM32\ntmarta.dll
0x00007ffc5c750000 - 0x00007ffc5c8a4000 	C:\Windows\SYSTEM32\wintypes.dll

dbghelp: loaded successfully - version: 4.0.5 - missing functions: none
symbol engine: initialized successfully - sym options: 0x614 - pdb path: .;C:\Program Files\Java\jdk-15.0.1\bin;C:\Windows\SYSTEM32;C:\Windows\WinSxS\amd64_microsoft.windows.common-controls_6595b64144ccf1df_6.0.19041.844_none_ca00b6081b84eb1d;C:\Program Files\Java\jdk-15.0.1\bin\server;C:\Windows\System32\DriverStore\FileRepository\u0359160.inf_amd64_2abe2598d9a3141f\B358802

VM Arguments:
jvm_args: -Dfile.encoding=UTF-8 --module-path=C:\Users\hazya\OneDrive\Documents\NetBeansProjects\3D_TETRIS_B\build\classes 
java_command: main.Initializer
java_class_path (initial): C:\Users\hazya\OneDrive\Documents\NetBeansProjects\3D_TETRIS_B\build\classes
Launcher Type: SUN_STANDARD

[Global flags]
     intx CICompilerCount                          = 4                                         {product} {ergonomic}
     uint ConcGCThreads                            = 2                                         {product} {ergonomic}
     uint G1ConcRefinementThreads                  = 8                                         {product} {ergonomic}
   size_t G1HeapRegionSize                         = 8388608                                   {product} {ergonomic}
    uintx GCDrainStackTargetSize                   = 64                                        {product} {ergonomic}
   size_t InitialHeapSize                          = 1073741824                                {product} {ergonomic}
   size_t MarkStackSize                            = 4194304                                   {product} {ergonomic}
   size_t MaxHeapSize                              = 17163091968                               {product} {ergonomic}
   size_t MaxNewSize                               = 10292822016                               {product} {ergonomic}
   size_t MinHeapDeltaBytes                        = 8388608                                   {product} {ergonomic}
   size_t MinHeapSize                              = 8388608                                   {product} {ergonomic}
    uintx NonNMethodCodeHeapSize                   = 5839372                                {pd product} {ergonomic}
    uintx NonProfiledCodeHeapSize                  = 122909434                              {pd product} {ergonomic}
    uintx ProfiledCodeHeapSize                     = 122909434                              {pd product} {ergonomic}
    uintx ReservedCodeCacheSize                    = 251658240                              {pd product} {ergonomic}
     bool SegmentedCodeCache                       = true                                      {product} {ergonomic}
   size_t SoftMaxHeapSize                          = 17163091968                            {manageable} {ergonomic}
     bool UseCompressedClassPointers               = true                                 {lp64_product} {ergonomic}
     bool UseCompressedOops                        = true                                 {lp64_product} {ergonomic}
     bool UseG1GC                                  = true                                      {product} {ergonomic}
     bool UseLargePagesIndividualAllocation        = false                                  {pd product} {ergonomic}

Logging:
Log output configuration:
 #0: stdout all=warning uptime,level,tags
 #1: stderr all=off uptime,level,tags

Environment Variables:
PATH=C:\Program Files\Common Files\Oracle\Java\javapath;C:\Program Files (x86)\Common Files\Oracle\Java\javapath;C:\Windows\system32;C:\Windows;C:\Windows\System32\Wbem;C:\Windows\System32\WindowsPowerShell\v1.0\;C:\Windows\System32\OpenSSH\;C:\Program Files\dotnet\;C:\ProgramData\chocolatey\bin;C:\tools\Manim\Scripts;C:\Program Files\Git\cmd;C:\Users\hazya\AppData\Local\Microsoft\WindowsApps;C:\Users\hazya\.dotnet\tools;C:\Users\hazya\AppData\Local\Programs\Microsoft VS Code\bin
USERNAME=hazya
OS=Windows_NT
PROCESSOR_IDENTIFIER=Intel64 Family 6 Model 62 Stepping 4, GenuineIntel



---------------  S Y S T E M  ---------------

OS:
 Windows 10 , 64 bit Build 19041 (10.0.19041.928)
OS uptime: 8 days 20:22 hours

CPU: total 8 (initial active 8) (4 cores per cpu, 2 threads per core) family 6 model 62 stepping 4 microcode 0x42e, cmov, cx8, fxsr, mmx, sse, sse2, sse3, ssse3, sse4.1, sse4.2, popcnt, vzeroupper, avx, aes, clmul, erms, ht, tsc, tscinvbit, clflush

Memory: 4k page, system-wide physical 65459M (47173M free)
TotalPageFile size 75187M (AvailPageFile size 49999M)
current process WorkingSet (physical memory assigned to process): 156M, peak: 167M
current process commit charge ("private bytes"): 1232M, peak: 1244M

vm_info: Java HotSpot(TM) 64-Bit Server VM (15.0.1+9-18) for windows-amd64 JRE (15.0.1+9-18), built on Sep 15 2020 14:43:54 by "mach5one" with unknown MS VC++:1925

END.
