#
# A fatal error has been detected by the Java Runtime Environment:
#
#  EXCEPTION_ACCESS_VIOLATION (0xc0000005) at pc=0x0000000000000000, pid=15864, tid=4612
#
# JRE version: Java(TM) SE Runtime Environment (15.0.1+9) (build 15.0.1+9-18)
# Java VM: Java HotSpot(TM) 64-Bit Server VM (15.0.1+9-18, mixed mode, sharing, tiered, compressed oops, g1 gc, windows-amd64)
# Problematic frame:
# C  0x0000000000000000
#
# No core dump will be written. Minidumps are not enabled by default on client versions of Windows
#
# If you would like to submit a bug report, please visit:
#   https://bugreport.java.com/bugreport/crash.jsp
# The crash happened outside the Java Virtual Machine in native code.
# See problematic frame for where to report the bug.
#

---------------  S U M M A R Y ------------

Command Line: -Dfile.encoding=UTF-8 --module-path=C:\Users\hazya\OneDrive\Documents\NetBeansProjects\3D_TETRIS_B\build\classes main.Tetris

Host: Intel(R) Xeon(R) CPU E5-1620 v2 @ 3.70GHz, 8 cores, 63G,  Windows 10 , 64 bit Build 19041 (10.0.19041.928)
Time: Tue Apr 27 16:27:39 2021 FLE Daylight Time elapsed time: 47.326938 seconds (0d 0h 0m 47s)

---------------  T H R E A D  ---------------

Current thread (0x0000023eeb494830):  JavaThread "AWT-Windows" daemon [_thread_in_native, id=4612, stack(0x00000094c7000000,0x00000094c7100000)]

Stack: [0x00000094c7000000,0x00000094c7100000],  sp=0x00000094c70fe9b8,  free space=1018k
Native frames: (J=compiled Java code, j=interpreted, Vv=VM code, C=native code)

Java frames: (J=compiled Java code, j=interpreted, Vv=VM code)
j  sun.awt.windows.WToolkit.eventLoop()V+0 java.desktop@15.0.1
j  sun.awt.windows.WToolkit.run()V+50 java.desktop@15.0.1
j  java.lang.Thread.run()V+11 java.base@15.0.1
v  ~StubRoutines::call_stub

siginfo: EXCEPTION_ACCESS_VIOLATION (0xc0000005), data execution prevention violation at address 0x0000000000000000


Register to memory mapping:

RIP=0x0 is NULL
RAX=0x0 is NULL
RBX=0x0000023eeb868fc0 points into unknown readable memory: 0x0000023ef0755a68 | 68 5a 75 f0 3e 02 00 00
RCX=0x0 is NULL
RDX=0x0000023ef0755a68 points into unknown readable memory: 0x0000000200000058 | 58 00 00 00 02 00 00 00
RSP=0x00000094c70fe9b8 is pointing into the stack for thread: 0x0000023eeb494830
RBP=0x00007ffc38cec7e0 awt.dll
RSI=0x0 is NULL
RDI=0x0000023eeb710df0 points into unknown readable memory: 0x0000023ef19acf70 | 70 cf 9a f1 3e 02 00 00
R8 =0x0000023eeb868fc0 points into unknown readable memory: 0x0000023ef0755a68 | 68 5a 75 f0 3e 02 00 00
R9 =0x0000000000000001 is an unknown value
R10=0x0000000000008000 is an unknown value
R11=0x00000094c70feb80 is pointing into the stack for thread: 0x0000023eeb494830
R12=0x0 is NULL
R13={method} {0x0000023eea84d970} 'eventLoop' '()V' in 'sun/awt/windows/WToolkit'
R14=0x00000094c70fee68 is pointing into the stack for thread: 0x0000023eeb494830
R15=0x0000023eeb494830 is a thread


Registers:
RAX=0x0000000000000000, RBX=0x0000023eeb868fc0, RCX=0x0000000000000000, RDX=0x0000023ef0755a68
RSP=0x00000094c70fe9b8, RBP=0x00007ffc38cec7e0, RSI=0x0000000000000000, RDI=0x0000023eeb710df0
R8 =0x0000023eeb868fc0, R9 =0x0000000000000001, R10=0x0000000000008000, R11=0x00000094c70feb80
R12=0x0000000000000000, R13=0x0000023eea84d968, R14=0x00000094c70fee68, R15=0x0000023eeb494830
RIP=0x0000000000000000, EFLAGS=0x0000000000010202

Top of Stack: (sp=0x00000094c70fe9b8)
0x00000094c70fe9b8:   00007ffc2fba0158 0000023eeab94a00
0x00000094c70fe9c8:   0000000000000000 000092e193be8f48
0x00000094c70fe9d8:   0000023eeb494830 0000023eeb710df0
0x00000094c70fe9e8:   00007ffc2fba0087 0000023eeb868fc0
0x00000094c70fe9f8:   0000023eeb6e5db0 0000023ef1d225e0
0x00000094c70fea08:   0000023eeb494830 0000023ef1d21b80
0x00000094c70fea18:   00007ffc2fb7e22e 0000023eeb4c0a00
0x00000094c70fea28:   0000023ef1d225e0 0000023eeb494b58
0x00000094c70fea38:   0000023eeb102030 0000023eeb710df0
0x00000094c70fea48:   0000023eeb868fc0 0000023eeb494830
0x00000094c70fea58:   00007ffc61c55ba1 0000000000000000
0x00000094c70fea68:   00007ffc2fb7e14b 0000023eeb102030
0x00000094c70fea78:   0000000000000000 fffffffffffffffe
0x00000094c70fea88:   fffffffffffffffe 00000094c70fee68
0x00000094c70fea98:   00007ffc2fb7e0b0 0000000000000001
0x00000094c70feaa8:   0000000000000001 0000023eeb4c0a00 

Instructions: (pc=0x0000000000000000)
0xffffffffffffff00:   


Stack slot to memory mapping:
stack at sp + 0 slots: 0x00007ffc2fba0158 d3d9.dll
stack at sp + 1 slots: 0x0000023eeab94a00 is pointing into metadata
stack at sp + 2 slots: 0x0 is NULL
stack at sp + 3 slots: 0x000092e193be8f48 is an unknown value
stack at sp + 4 slots: 0x0000023eeb494830 is a thread
stack at sp + 5 slots: 0x0000023eeb710df0 points into unknown readable memory: 0x0000023eeb733700 | 00 37 73 eb 3e 02 00 00
stack at sp + 6 slots: 0x00007ffc2fba0087 d3d9.dll
stack at sp + 7 slots: 0x0000023eeb868fc0 points into unknown readable memory: 0x0000023ef0755a68 | 68 5a 75 f0 3e 02 00 00


---------------  P R O C E S S  ---------------

Threads class SMR info:
_java_thread_list=0x0000023eeb2019d0, length=17, elements={
0x0000023eeafd65b0, 0x0000023eeafd7180, 0x0000023eeafed3e0, 0x0000023eeafefea0,
0x0000023eeaff0950, 0x0000023eeaffd510, 0x0000023eeb000020, 0x0000023eeb0131e0,
0x0000023eeb101100, 0x0000023eeb203450, 0x0000023eeb460b00, 0x0000023eeb463c50,
0x0000023eeb494830, 0x0000023eeb8b9c30, 0x0000023ef1d84900, 0x0000023ef1d0d470,
0x0000023ef1d0e2e0
}

Java Threads: ( => current thread )
  0x0000023eeafd65b0 JavaThread "Reference Handler" daemon [_thread_blocked, id=11148, stack(0x00000094c6300000,0x00000094c6400000)]
  0x0000023eeafd7180 JavaThread "Finalizer" daemon [_thread_blocked, id=9872, stack(0x00000094c6400000,0x00000094c6500000)]
  0x0000023eeafed3e0 JavaThread "Signal Dispatcher" daemon [_thread_blocked, id=13584, stack(0x00000094c6500000,0x00000094c6600000)]
  0x0000023eeafefea0 JavaThread "Attach Listener" daemon [_thread_blocked, id=11288, stack(0x00000094c6600000,0x00000094c6700000)]
  0x0000023eeaff0950 JavaThread "Service Thread" daemon [_thread_blocked, id=13540, stack(0x00000094c6700000,0x00000094c6800000)]
  0x0000023eeaffd510 JavaThread "C2 CompilerThread0" daemon [_thread_in_native, id=2312, stack(0x00000094c6800000,0x00000094c6900000)]
  0x0000023eeb000020 JavaThread "C1 CompilerThread0" daemon [_thread_blocked, id=2168, stack(0x00000094c6900000,0x00000094c6a00000)]
  0x0000023eeb0131e0 JavaThread "Sweeper thread" daemon [_thread_blocked, id=9744, stack(0x00000094c6a00000,0x00000094c6b00000)]
  0x0000023eeb101100 JavaThread "Common-Cleaner" daemon [_thread_blocked, id=5248, stack(0x00000094c6b00000,0x00000094c6c00000)]
  0x0000023eeb203450 JavaThread "Notification Thread" daemon [_thread_blocked, id=1196, stack(0x00000094c6c00000,0x00000094c6d00000)]
  0x0000023eeb460b00 JavaThread "Java2D Disposer" daemon [_thread_blocked, id=13136, stack(0x00000094c6e00000,0x00000094c6f00000)]
  0x0000023eeb463c50 JavaThread "AWT-Shutdown" [_thread_blocked, id=6296, stack(0x00000094c6f00000,0x00000094c7000000)]
=>0x0000023eeb494830 JavaThread "AWT-Windows" daemon [_thread_in_native, id=4612, stack(0x00000094c7000000,0x00000094c7100000)]
  0x0000023eeb8b9c30 JavaThread "AWT-EventQueue-0" [_thread_blocked, id=11320, stack(0x00000094c7e00000,0x00000094c7f00000)]
  0x0000023ef1d84900 JavaThread "Thread-0" [_thread_blocked, id=13392, stack(0x00000094c8000000,0x00000094c8100000)]
  0x0000023ef1d0d470 JavaThread "DestroyJavaVM" [_thread_blocked, id=10336, stack(0x00000094c5c00000,0x00000094c5d00000)]
  0x0000023ef1d0e2e0 JavaThread "ToolkitShutdown" daemon [_thread_in_native, id=9788, stack(0x00000094c8b00000,0x00000094c8c00000)]

Other Threads:
  0x0000023eeafd2d20 VMThread "VM Thread" [stack: 0x00000094c6200000,0x00000094c6300000] [id=13420]
  0x0000023eaa70f560 WatcherThread [stack: 0x00000094c6d00000,0x00000094c6e00000] [id=2120]
  0x0000023eaa7c7db0 GCTaskThread "GC Thread#0" [stack: 0x00000094c5d00000,0x00000094c5e00000] [id=9772]
  0x0000023eeb65f270 GCTaskThread "GC Thread#1" [stack: 0x00000094c8300000,0x00000094c8400000] [id=13704]
  0x0000023eeb65d290 GCTaskThread "GC Thread#2" [stack: 0x00000094c8400000,0x00000094c8500000] [id=14972]
  0x0000023eeb660260 GCTaskThread "GC Thread#3" [stack: 0x00000094c8500000,0x00000094c8600000] [id=8500]
  0x0000023eeb660590 GCTaskThread "GC Thread#4" [stack: 0x00000094c8600000,0x00000094c8700000] [id=8756]
  0x0000023eeb65f5a0 GCTaskThread "GC Thread#5" [stack: 0x00000094c8700000,0x00000094c8800000] [id=5400]
  0x0000023eeb65f8d0 GCTaskThread "GC Thread#6" [stack: 0x00000094c8800000,0x00000094c8900000] [id=10980]
  0x0000023eeb65d5c0 GCTaskThread "GC Thread#7" [stack: 0x00000094c8900000,0x00000094c8a00000] [id=16536]
  0x0000023eaa7dbff0 ConcurrentGCThread "G1 Main Marker" [stack: 0x00000094c5e00000,0x00000094c5f00000] [id=7972]
  0x0000023eaa7dcbe0 ConcurrentGCThread "G1 Conc#0" [stack: 0x00000094c5f00000,0x00000094c6000000] [id=14908]
  0x0000023eea1ea010 ConcurrentGCThread "G1 Refine#0" [stack: 0x00000094c6000000,0x00000094c6100000] [id=14980]
  0x0000023eea1eac10 ConcurrentGCThread "G1 Young RemSet Sampling" [stack: 0x00000094c6100000,0x00000094c6200000] [id=9228]

Threads with active compile tasks:
C2 CompilerThread0    47367 1534       4       sun.java2d.pipe.AlphaPaintPipe::renderPathTile (491 bytes)

VM state: not at safepoint (normal execution)

VM Mutex/Monitor currently owned by a thread: None

Heap address: 0x0000000401000000, size: 16368 MB, Compressed Oops mode: Zero based, Oop shift amount: 3
CDS archive(s) mapped at: [0x0000000800000000-0x0000000800b50000-0x0000000800b50000), size 11862016, SharedBaseAddress: 0x0000000800000000, ArchiveRelocationMode: 0.
Compressed class space mapped at: 0x0000000800b50000-0x0000000840b50000, size: 1073741824
Narrow klass base: 0x0000000800000000, Narrow klass shift: 3, Narrow klass range: 0x100000000

GC Precious Log:
 CPUs: 8 total, 8 available
 Memory: 65459M
 Large Page Support: Disabled
 NUMA Support: Disabled
 Compressed Oops: Enabled (Zero based)
 Heap Region Size: 8M
 Heap Min Capacity: 8M
 Heap Initial Capacity: 1G
 Heap Max Capacity: 16368M
 Pre-touch: Disabled
 Parallel Workers: 8
 Concurrent Workers: 2
 Concurrent Refinement Workers: 8
 Periodic GC: Disabled

Heap:
 garbage-first heap   total 1048576K, used 194834K [0x0000000401000000, 0x0000000800000000)
  region size 8192K, 25 young (204800K), 1 survivors (8192K)
 Metaspace       used 8277K, capacity 8454K, committed 8576K, reserved 1056768K
  class space    used 836K, capacity 894K, committed 896K, reserved 1048576K

Heap Regions: E=young(eden), S=young(survivor), O=old, HS=humongous(starts), HC=humongous(continues), CS=collection set, F=free, OA=open archive, CA=closed archive, TAMS=top-at-mark-start (previous, next)
|   0|0x0000000401000000, 0x0000000401602e00, 0x0000000401800000| 75%| O|  |TAMS 0x0000000401000000, 0x0000000401000000| Untracked 
|   1|0x0000000401800000, 0x0000000401800000, 0x0000000402000000|  0%| F|  |TAMS 0x0000000401800000, 0x0000000401800000| Untracked 
|   2|0x0000000402000000, 0x0000000402000000, 0x0000000402800000|  0%| F|  |TAMS 0x0000000402000000, 0x0000000402000000| Untracked 
|   3|0x0000000402800000, 0x0000000402800000, 0x0000000403000000|  0%| F|  |TAMS 0x0000000402800000, 0x0000000402800000| Untracked 
|   4|0x0000000403000000, 0x0000000403000000, 0x0000000403800000|  0%| F|  |TAMS 0x0000000403000000, 0x0000000403000000| Untracked 
|   5|0x0000000403800000, 0x0000000403800000, 0x0000000404000000|  0%| F|  |TAMS 0x0000000403800000, 0x0000000403800000| Untracked 
|   6|0x0000000404000000, 0x0000000404000000, 0x0000000404800000|  0%| F|  |TAMS 0x0000000404000000, 0x0000000404000000| Untracked 
|   7|0x0000000404800000, 0x0000000404800000, 0x0000000405000000|  0%| F|  |TAMS 0x0000000404800000, 0x0000000404800000| Untracked 
|   8|0x0000000405000000, 0x0000000405000000, 0x0000000405800000|  0%| F|  |TAMS 0x0000000405000000, 0x0000000405000000| Untracked 
|   9|0x0000000405800000, 0x0000000405800000, 0x0000000406000000|  0%| F|  |TAMS 0x0000000405800000, 0x0000000405800000| Untracked 
|  10|0x0000000406000000, 0x0000000406000000, 0x0000000406800000|  0%| F|  |TAMS 0x0000000406000000, 0x0000000406000000| Untracked 
|  11|0x0000000406800000, 0x0000000406800000, 0x0000000407000000|  0%| F|  |TAMS 0x0000000406800000, 0x0000000406800000| Untracked 
|  12|0x0000000407000000, 0x0000000407000000, 0x0000000407800000|  0%| F|  |TAMS 0x0000000407000000, 0x0000000407000000| Untracked 
|  13|0x0000000407800000, 0x0000000407800000, 0x0000000408000000|  0%| F|  |TAMS 0x0000000407800000, 0x0000000407800000| Untracked 
|  14|0x0000000408000000, 0x0000000408000000, 0x0000000408800000|  0%| F|  |TAMS 0x0000000408000000, 0x0000000408000000| Untracked 
|  15|0x0000000408800000, 0x0000000408800000, 0x0000000409000000|  0%| F|  |TAMS 0x0000000408800000, 0x0000000408800000| Untracked 
|  16|0x0000000409000000, 0x0000000409000000, 0x0000000409800000|  0%| F|  |TAMS 0x0000000409000000, 0x0000000409000000| Untracked 
|  17|0x0000000409800000, 0x0000000409800000, 0x000000040a000000|  0%| F|  |TAMS 0x0000000409800000, 0x0000000409800000| Untracked 
|  18|0x000000040a000000, 0x000000040a000000, 0x000000040a800000|  0%| F|  |TAMS 0x000000040a000000, 0x000000040a000000| Untracked 
|  19|0x000000040a800000, 0x000000040a800000, 0x000000040b000000|  0%| F|  |TAMS 0x000000040a800000, 0x000000040a800000| Untracked 
|  20|0x000000040b000000, 0x000000040b000000, 0x000000040b800000|  0%| F|  |TAMS 0x000000040b000000, 0x000000040b000000| Untracked 
|  21|0x000000040b800000, 0x000000040b800000, 0x000000040c000000|  0%| F|  |TAMS 0x000000040b800000, 0x000000040b800000| Untracked 
|  22|0x000000040c000000, 0x000000040c000000, 0x000000040c800000|  0%| F|  |TAMS 0x000000040c000000, 0x000000040c000000| Untracked 
|  23|0x000000040c800000, 0x000000040c800000, 0x000000040d000000|  0%| F|  |TAMS 0x000000040c800000, 0x000000040c800000| Untracked 
|  24|0x000000040d000000, 0x000000040d000000, 0x000000040d800000|  0%| F|  |TAMS 0x000000040d000000, 0x000000040d000000| Untracked 
|  25|0x000000040d800000, 0x000000040d800000, 0x000000040e000000|  0%| F|  |TAMS 0x000000040d800000, 0x000000040d800000| Untracked 
|  26|0x000000040e000000, 0x000000040e000000, 0x000000040e800000|  0%| F|  |TAMS 0x000000040e000000, 0x000000040e000000| Untracked 
|  27|0x000000040e800000, 0x000000040e800000, 0x000000040f000000|  0%| F|  |TAMS 0x000000040e800000, 0x000000040e800000| Untracked 
|  28|0x000000040f000000, 0x000000040f000000, 0x000000040f800000|  0%| F|  |TAMS 0x000000040f000000, 0x000000040f000000| Untracked 
|  29|0x000000040f800000, 0x000000040f800000, 0x0000000410000000|  0%| F|  |TAMS 0x000000040f800000, 0x000000040f800000| Untracked 
|  30|0x0000000410000000, 0x0000000410000000, 0x0000000410800000|  0%| F|  |TAMS 0x0000000410000000, 0x0000000410000000| Untracked 
|  31|0x0000000410800000, 0x0000000410800000, 0x0000000411000000|  0%| F|  |TAMS 0x0000000410800000, 0x0000000410800000| Untracked 
|  32|0x0000000411000000, 0x0000000411000000, 0x0000000411800000|  0%| F|  |TAMS 0x0000000411000000, 0x0000000411000000| Untracked 
|  33|0x0000000411800000, 0x0000000411800000, 0x0000000412000000|  0%| F|  |TAMS 0x0000000411800000, 0x0000000411800000| Untracked 
|  34|0x0000000412000000, 0x0000000412000000, 0x0000000412800000|  0%| F|  |TAMS 0x0000000412000000, 0x0000000412000000| Untracked 
|  35|0x0000000412800000, 0x0000000412800000, 0x0000000413000000|  0%| F|  |TAMS 0x0000000412800000, 0x0000000412800000| Untracked 
|  36|0x0000000413000000, 0x0000000413000000, 0x0000000413800000|  0%| F|  |TAMS 0x0000000413000000, 0x0000000413000000| Untracked 
|  37|0x0000000413800000, 0x0000000413800000, 0x0000000414000000|  0%| F|  |TAMS 0x0000000413800000, 0x0000000413800000| Untracked 
|  38|0x0000000414000000, 0x0000000414000000, 0x0000000414800000|  0%| F|  |TAMS 0x0000000414000000, 0x0000000414000000| Untracked 
|  39|0x0000000414800000, 0x0000000414800000, 0x0000000415000000|  0%| F|  |TAMS 0x0000000414800000, 0x0000000414800000| Untracked 
|  40|0x0000000415000000, 0x0000000415000000, 0x0000000415800000|  0%| F|  |TAMS 0x0000000415000000, 0x0000000415000000| Untracked 
|  41|0x0000000415800000, 0x0000000415800000, 0x0000000416000000|  0%| F|  |TAMS 0x0000000415800000, 0x0000000415800000| Untracked 
|  42|0x0000000416000000, 0x0000000416000000, 0x0000000416800000|  0%| F|  |TAMS 0x0000000416000000, 0x0000000416000000| Untracked 
|  43|0x0000000416800000, 0x0000000416800000, 0x0000000417000000|  0%| F|  |TAMS 0x0000000416800000, 0x0000000416800000| Untracked 
|  44|0x0000000417000000, 0x0000000417000000, 0x0000000417800000|  0%| F|  |TAMS 0x0000000417000000, 0x0000000417000000| Untracked 
|  45|0x0000000417800000, 0x0000000417800000, 0x0000000418000000|  0%| F|  |TAMS 0x0000000417800000, 0x0000000417800000| Untracked 
|  46|0x0000000418000000, 0x0000000418000000, 0x0000000418800000|  0%| F|  |TAMS 0x0000000418000000, 0x0000000418000000| Untracked 
|  47|0x0000000418800000, 0x0000000418800000, 0x0000000419000000|  0%| F|  |TAMS 0x0000000418800000, 0x0000000418800000| Untracked 
|  48|0x0000000419000000, 0x0000000419000000, 0x0000000419800000|  0%| F|  |TAMS 0x0000000419000000, 0x0000000419000000| Untracked 
|  49|0x0000000419800000, 0x0000000419800000, 0x000000041a000000|  0%| F|  |TAMS 0x0000000419800000, 0x0000000419800000| Untracked 
|  50|0x000000041a000000, 0x000000041a000000, 0x000000041a800000|  0%| F|  |TAMS 0x000000041a000000, 0x000000041a000000| Untracked 
|  51|0x000000041a800000, 0x000000041a800000, 0x000000041b000000|  0%| F|  |TAMS 0x000000041a800000, 0x000000041a800000| Untracked 
|  52|0x000000041b000000, 0x000000041b000000, 0x000000041b800000|  0%| F|  |TAMS 0x000000041b000000, 0x000000041b000000| Untracked 
|  53|0x000000041b800000, 0x000000041b800000, 0x000000041c000000|  0%| F|  |TAMS 0x000000041b800000, 0x000000041b800000| Untracked 
|  54|0x000000041c000000, 0x000000041c000000, 0x000000041c800000|  0%| F|  |TAMS 0x000000041c000000, 0x000000041c000000| Untracked 
|  55|0x000000041c800000, 0x000000041c800000, 0x000000041d000000|  0%| F|  |TAMS 0x000000041c800000, 0x000000041c800000| Untracked 
|  56|0x000000041d000000, 0x000000041d000000, 0x000000041d800000|  0%| F|  |TAMS 0x000000041d000000, 0x000000041d000000| Untracked 
|  57|0x000000041d800000, 0x000000041d800000, 0x000000041e000000|  0%| F|  |TAMS 0x000000041d800000, 0x000000041d800000| Untracked 
|  58|0x000000041e000000, 0x000000041e000000, 0x000000041e800000|  0%| F|  |TAMS 0x000000041e000000, 0x000000041e000000| Untracked 
|  59|0x000000041e800000, 0x000000041e800000, 0x000000041f000000|  0%| F|  |TAMS 0x000000041e800000, 0x000000041e800000| Untracked 
|  60|0x000000041f000000, 0x000000041f000000, 0x000000041f800000|  0%| F|  |TAMS 0x000000041f000000, 0x000000041f000000| Untracked 
|  61|0x000000041f800000, 0x000000041f800000, 0x0000000420000000|  0%| F|  |TAMS 0x000000041f800000, 0x000000041f800000| Untracked 
|  62|0x0000000420000000, 0x0000000420000000, 0x0000000420800000|  0%| F|  |TAMS 0x0000000420000000, 0x0000000420000000| Untracked 
|  63|0x0000000420800000, 0x0000000420800000, 0x0000000421000000|  0%| F|  |TAMS 0x0000000420800000, 0x0000000420800000| Untracked 
|  64|0x0000000421000000, 0x0000000421000000, 0x0000000421800000|  0%| F|  |TAMS 0x0000000421000000, 0x0000000421000000| Untracked 
|  65|0x0000000421800000, 0x0000000421800000, 0x0000000422000000|  0%| F|  |TAMS 0x0000000421800000, 0x0000000421800000| Untracked 
|  66|0x0000000422000000, 0x0000000422000000, 0x0000000422800000|  0%| F|  |TAMS 0x0000000422000000, 0x0000000422000000| Untracked 
|  67|0x0000000422800000, 0x0000000422800000, 0x0000000423000000|  0%| F|  |TAMS 0x0000000422800000, 0x0000000422800000| Untracked 
|  68|0x0000000423000000, 0x0000000423000000, 0x0000000423800000|  0%| F|  |TAMS 0x0000000423000000, 0x0000000423000000| Untracked 
|  69|0x0000000423800000, 0x0000000423800000, 0x0000000424000000|  0%| F|  |TAMS 0x0000000423800000, 0x0000000423800000| Untracked 
|  70|0x0000000424000000, 0x0000000424000000, 0x0000000424800000|  0%| F|  |TAMS 0x0000000424000000, 0x0000000424000000| Untracked 
|  71|0x0000000424800000, 0x0000000424800000, 0x0000000425000000|  0%| F|  |TAMS 0x0000000424800000, 0x0000000424800000| Untracked 
|  72|0x0000000425000000, 0x0000000425000000, 0x0000000425800000|  0%| F|  |TAMS 0x0000000425000000, 0x0000000425000000| Untracked 
|  73|0x0000000425800000, 0x0000000425800000, 0x0000000426000000|  0%| F|  |TAMS 0x0000000425800000, 0x0000000425800000| Untracked 
|  74|0x0000000426000000, 0x0000000426000000, 0x0000000426800000|  0%| F|  |TAMS 0x0000000426000000, 0x0000000426000000| Untracked 
|  75|0x0000000426800000, 0x0000000426800000, 0x0000000427000000|  0%| F|  |TAMS 0x0000000426800000, 0x0000000426800000| Untracked 
|  76|0x0000000427000000, 0x0000000427000000, 0x0000000427800000|  0%| F|  |TAMS 0x0000000427000000, 0x0000000427000000| Untracked 
|  77|0x0000000427800000, 0x0000000427800000, 0x0000000428000000|  0%| F|  |TAMS 0x0000000427800000, 0x0000000427800000| Untracked 
|  78|0x0000000428000000, 0x0000000428000000, 0x0000000428800000|  0%| F|  |TAMS 0x0000000428000000, 0x0000000428000000| Untracked 
|  79|0x0000000428800000, 0x0000000428800000, 0x0000000429000000|  0%| F|  |TAMS 0x0000000428800000, 0x0000000428800000| Untracked 
|  80|0x0000000429000000, 0x0000000429000000, 0x0000000429800000|  0%| F|  |TAMS 0x0000000429000000, 0x0000000429000000| Untracked 
|  81|0x0000000429800000, 0x0000000429800000, 0x000000042a000000|  0%| F|  |TAMS 0x0000000429800000, 0x0000000429800000| Untracked 
|  82|0x000000042a000000, 0x000000042a000000, 0x000000042a800000|  0%| F|  |TAMS 0x000000042a000000, 0x000000042a000000| Untracked 
|  83|0x000000042a800000, 0x000000042a800000, 0x000000042b000000|  0%| F|  |TAMS 0x000000042a800000, 0x000000042a800000| Untracked 
|  84|0x000000042b000000, 0x000000042b000000, 0x000000042b800000|  0%| F|  |TAMS 0x000000042b000000, 0x000000042b000000| Untracked 
|  85|0x000000042b800000, 0x000000042b800000, 0x000000042c000000|  0%| F|  |TAMS 0x000000042b800000, 0x000000042b800000| Untracked 
|  86|0x000000042c000000, 0x000000042c000000, 0x000000042c800000|  0%| F|  |TAMS 0x000000042c000000, 0x000000042c000000| Untracked 
|  87|0x000000042c800000, 0x000000042c800000, 0x000000042d000000|  0%| F|  |TAMS 0x000000042c800000, 0x000000042c800000| Untracked 
|  88|0x000000042d000000, 0x000000042d000000, 0x000000042d800000|  0%| F|  |TAMS 0x000000042d000000, 0x000000042d000000| Untracked 
|  89|0x000000042d800000, 0x000000042d800000, 0x000000042e000000|  0%| F|  |TAMS 0x000000042d800000, 0x000000042d800000| Untracked 
|  90|0x000000042e000000, 0x000000042e000000, 0x000000042e800000|  0%| F|  |TAMS 0x000000042e000000, 0x000000042e000000| Untracked 
|  91|0x000000042e800000, 0x000000042e800000, 0x000000042f000000|  0%| F|  |TAMS 0x000000042e800000, 0x000000042e800000| Untracked 
|  92|0x000000042f000000, 0x000000042f000000, 0x000000042f800000|  0%| F|  |TAMS 0x000000042f000000, 0x000000042f000000| Untracked 
|  93|0x000000042f800000, 0x000000042f800000, 0x0000000430000000|  0%| F|  |TAMS 0x000000042f800000, 0x000000042f800000| Untracked 
|  94|0x0000000430000000, 0x0000000430000000, 0x0000000430800000|  0%| F|  |TAMS 0x0000000430000000, 0x0000000430000000| Untracked 
|  95|0x0000000430800000, 0x0000000430800000, 0x0000000431000000|  0%| F|  |TAMS 0x0000000430800000, 0x0000000430800000| Untracked 
|  96|0x0000000431000000, 0x0000000431000000, 0x0000000431800000|  0%| F|  |TAMS 0x0000000431000000, 0x0000000431000000| Untracked 
|  97|0x0000000431800000, 0x0000000431800000, 0x0000000432000000|  0%| F|  |TAMS 0x0000000431800000, 0x0000000431800000| Untracked 
|  98|0x0000000432000000, 0x0000000432000000, 0x0000000432800000|  0%| F|  |TAMS 0x0000000432000000, 0x0000000432000000| Untracked 
|  99|0x0000000432800000, 0x0000000432800000, 0x0000000433000000|  0%| F|  |TAMS 0x0000000432800000, 0x0000000432800000| Untracked 
| 100|0x0000000433000000, 0x0000000433000000, 0x0000000433800000|  0%| F|  |TAMS 0x0000000433000000, 0x0000000433000000| Untracked 
| 101|0x0000000433800000, 0x0000000433800000, 0x0000000434000000|  0%| F|  |TAMS 0x0000000433800000, 0x0000000433800000| Untracked 
| 102|0x0000000434000000, 0x0000000434000000, 0x0000000434800000|  0%| F|  |TAMS 0x0000000434000000, 0x0000000434000000| Untracked 
| 103|0x0000000434800000, 0x0000000434800800, 0x0000000435000000|  0%| E|  |TAMS 0x0000000434800000, 0x0000000434800000| Complete 
| 104|0x0000000435000000, 0x0000000435800000, 0x0000000435800000|100%| E|CS|TAMS 0x0000000435000000, 0x0000000435000000| Complete 
| 105|0x0000000435800000, 0x0000000436000000, 0x0000000436000000|100%| E|CS|TAMS 0x0000000435800000, 0x0000000435800000| Complete 
| 106|0x0000000436000000, 0x0000000436800000, 0x0000000436800000|100%| E|CS|TAMS 0x0000000436000000, 0x0000000436000000| Complete 
| 107|0x0000000436800000, 0x0000000437000000, 0x0000000437000000|100%| E|CS|TAMS 0x0000000436800000, 0x0000000436800000| Complete 
| 108|0x0000000437000000, 0x0000000437800000, 0x0000000437800000|100%| E|CS|TAMS 0x0000000437000000, 0x0000000437000000| Complete 
| 109|0x0000000437800000, 0x0000000438000000, 0x0000000438000000|100%| E|CS|TAMS 0x0000000437800000, 0x0000000437800000| Complete 
| 110|0x0000000438000000, 0x0000000438800000, 0x0000000438800000|100%| E|CS|TAMS 0x0000000438000000, 0x0000000438000000| Complete 
| 111|0x0000000438800000, 0x0000000439000000, 0x0000000439000000|100%| E|CS|TAMS 0x0000000438800000, 0x0000000438800000| Complete 
| 112|0x0000000439000000, 0x0000000439800000, 0x0000000439800000|100%| E|CS|TAMS 0x0000000439000000, 0x0000000439000000| Complete 
| 113|0x0000000439800000, 0x000000043a000000, 0x000000043a000000|100%| E|CS|TAMS 0x0000000439800000, 0x0000000439800000| Complete 
| 114|0x000000043a000000, 0x000000043a800000, 0x000000043a800000|100%| E|CS|TAMS 0x000000043a000000, 0x000000043a000000| Complete 
| 115|0x000000043a800000, 0x000000043b000000, 0x000000043b000000|100%| E|CS|TAMS 0x000000043a800000, 0x000000043a800000| Complete 
| 116|0x000000043b000000, 0x000000043b800000, 0x000000043b800000|100%| E|CS|TAMS 0x000000043b000000, 0x000000043b000000| Complete 
| 117|0x000000043b800000, 0x000000043b841ac0, 0x000000043c000000|  3%| S|CS|TAMS 0x000000043b800000, 0x000000043b800000| Complete 
| 118|0x000000043c000000, 0x000000043c800000, 0x000000043c800000|100%| E|CS|TAMS 0x000000043c000000, 0x000000043c000000| Complete 
| 119|0x000000043c800000, 0x000000043d000000, 0x000000043d000000|100%| E|CS|TAMS 0x000000043c800000, 0x000000043c800000| Complete 
| 120|0x000000043d000000, 0x000000043d800000, 0x000000043d800000|100%| E|CS|TAMS 0x000000043d000000, 0x000000043d000000| Complete 
| 121|0x000000043d800000, 0x000000043e000000, 0x000000043e000000|100%| E|CS|TAMS 0x000000043d800000, 0x000000043d800000| Complete 
| 122|0x000000043e000000, 0x000000043e800000, 0x000000043e800000|100%| E|CS|TAMS 0x000000043e000000, 0x000000043e000000| Complete 
| 123|0x000000043e800000, 0x000000043f000000, 0x000000043f000000|100%| E|CS|TAMS 0x000000043e800000, 0x000000043e800000| Complete 
| 124|0x000000043f000000, 0x000000043f800000, 0x000000043f800000|100%| E|CS|TAMS 0x000000043f000000, 0x000000043f000000| Complete 
| 125|0x000000043f800000, 0x0000000440000000, 0x0000000440000000|100%| E|CS|TAMS 0x000000043f800000, 0x000000043f800000| Complete 
| 126|0x0000000440000000, 0x0000000440800000, 0x0000000440800000|100%| E|CS|TAMS 0x0000000440000000, 0x0000000440000000| Complete 
| 127|0x0000000440800000, 0x0000000441000000, 0x0000000441000000|100%| E|CS|TAMS 0x0000000440800000, 0x0000000440800000| Complete 

Card table byte_map: [0x0000023ec3c80000,0x0000023ec5c80000] _byte_map_base: 0x0000023ec1c78000

Marking Bits (Prev, Next): (CMBitMap*) 0x0000023eaa7c9630, (CMBitMap*) 0x0000023eaa7c9670
 Prev Bits: [0x0000023ec7c80000, 0x0000023ed7c40000)
 Next Bits: [0x0000023ed7c40000, 0x0000023ee7c00000)

Polling page: 0x0000023ea8710000

Metaspace:

Usage:
  Non-class:      7.38 MB capacity,     7.27 MB ( 98%) used,   108.49 KB (  1%) free+waste,    10.88 KB ( <1%) overhead. 
      Class:    894.00 KB capacity,   836.97 KB ( 94%) used,    52.53 KB (  6%) free+waste,     4.50 KB ( <1%) overhead. 
       Both:      8.26 MB capacity,     8.08 MB ( 98%) used,   161.02 KB (  2%) free+waste,    15.38 KB ( <1%) overhead. 

Virtual space:
  Non-class space:        8.00 MB reserved,       7.50 MB ( 94%) committed 
      Class space:        1.00 GB reserved,     896.00 KB ( <1%) committed 
             Both:        1.01 GB reserved,       8.38 MB ( <1%) committed 

Chunk freelists:
   Non-Class:  56.00 KB
       Class:  2.00 KB
        Both:  58.00 KB

MaxMetaspaceSize: 17179869184.00 GB
CompressedClassSpaceSize: 1.00 GB

CodeHeap 'non-profiled nmethods': size=120000Kb used=883Kb max_used=883Kb free=119116Kb
 bounds [0x0000023eba420000, 0x0000023eba690000, 0x0000023ec1950000]
CodeHeap 'profiled nmethods': size=120000Kb used=2624Kb max_used=2624Kb free=117375Kb
 bounds [0x0000023eb2ef0000, 0x0000023eb3190000, 0x0000023eba420000]
CodeHeap 'non-nmethods': size=5760Kb used=1286Kb max_used=1339Kb free=4473Kb
 bounds [0x0000023eb2950000, 0x0000023eb2bc0000, 0x0000023eb2ef0000]
 total_blobs=2144 nmethods=1565 adapters=492
 compilation: enabled
              stopped_count=0, restarted_count=0
 full_count=0

Compilation events (20 events):
Event: 47.313 Thread 0x0000023eeb000020 nmethod 1510 0x0000023eb316f910 code [0x0000023eb316fae0, 0x0000023eb3170018]
Event: 47.313 Thread 0x0000023eeb000020 1509       1       sun.java2d.SunGraphics2D::getSurfaceData (5 bytes)
Event: 47.313 Thread 0x0000023eeb000020 nmethod 1509 0x0000023eba4f3990 code [0x0000023eba4f3b20, 0x0000023eba4f3bd8]
Event: 47.313 Thread 0x0000023eeb000020 1511       3       sun.awt.image.PixelConverter$Xrgb::rgbToPixel (2 bytes)
Event: 47.313 Thread 0x0000023eeb000020 nmethod 1511 0x0000023eb3170190 code [0x0000023eb3170320, 0x0000023eb3170418]
Event: 47.313 Thread 0x0000023eeb000020 1512       3       sun.java2d.pipe.LoopPipe::fillRect (32 bytes)
Event: 47.313 Thread 0x0000023eeaffd510 nmethod 1506 0x0000023eba4f3c90 code [0x0000023eba4f3e20, 0x0000023eba4f3f58]
Event: 47.313 Thread 0x0000023eeaffd510 1507       4       sun.java2d.loops.SurfaceType::pixelFor (10 bytes)
Event: 47.313 Thread 0x0000023eeb000020 nmethod 1512 0x0000023eb3170490 code [0x0000023eb3170640, 0x0000023eb31707e8]
Event: 47.314 Thread 0x0000023eeb000020 1514  s    3       java.awt.ColorPaintContext::getRaster (88 bytes)
Event: 47.314 Thread 0x0000023eeaffd510 nmethod 1507 0x0000023eba4f4590 code [0x0000023eba4f4720, 0x0000023eba4f4838]
Event: 47.314 Thread 0x0000023eeb000020 nmethod 1514 0x0000023eb3170910 code [0x0000023eb3170b20, 0x0000023eb3171358]
Event: 47.314 Thread 0x0000023eeb000020 1515       3       sun.java2d.loops.Blit$GeneralMaskBlit::Blit (28 bytes)
Event: 47.314 Thread 0x0000023eeb000020 nmethod 1515 0x0000023eb3171610 code [0x0000023eb31717c0, 0x0000023eb3171a08]
Event: 47.315 Thread 0x0000023eeb000020 1519       3       sun.java2d.pipe.AlphaPaintPipe::renderPathTile (491 bytes)
Event: 47.317 Thread 0x0000023eeb000020 nmethod 1519 0x0000023eb3171b10 code [0x0000023eb3171ee0, 0x0000023eb3174338]
Event: 47.317 Thread 0x0000023eeb000020 1518       3       sun.java2d.pipe.SpanShapeRenderer$Composite::renderBox (21 bytes)
Event: 47.317 Thread 0x0000023eeb000020 nmethod 1518 0x0000023eb3174f90 code [0x0000023eb3175140, 0x0000023eb3175348]
Event: 47.317 Thread 0x0000023eeb000020 1520       3       java.lang.ref.PhantomReference::<init> (7 bytes)
Event: 47.317 Thread 0x0000023eeb000020 nmethod 1520 0x0000023eb3175410 code [0x0000023eb31755c0, 0x0000023eb3175898]

GC Heap History (6 events):
Event: 7.755 GC heap before
{Heap before GC invocations=0 (full 0):
 garbage-first heap   total 1048576K, used 49152K [0x0000000401000000, 0x0000000800000000)
  region size 8192K, 6 young (49152K), 0 survivors (0K)
 Metaspace       used 8023K, capacity 8195K, committed 8320K, reserved 1056768K
  class space    used 832K, capacity 893K, committed 896K, reserved 1048576K
}
Event: 7.760 GC heap after
{Heap after GC invocations=1 (full 0):
 garbage-first heap   total 1048576K, used 6135K [0x0000000401000000, 0x0000000800000000)
  region size 8192K, 1 young (8192K), 1 survivors (8192K)
 Metaspace       used 8023K, capacity 8195K, committed 8320K, reserved 1056768K
  class space    used 832K, capacity 893K, committed 896K, reserved 1048576K
}
Event: 15.439 GC heap before
{Heap before GC invocations=1 (full 0):
 garbage-first heap   total 1048576K, used 47095K [0x0000000401000000, 0x0000000800000000)
  region size 8192K, 6 young (49152K), 1 survivors (8192K)
 Metaspace       used 8092K, capacity 8259K, committed 8320K, reserved 1056768K
  class space    used 833K, capacity 893K, committed 896K, reserved 1048576K
}
Event: 15.443 GC heap after
{Heap after GC invocations=2 (full 0):
 garbage-first heap   total 1048576K, used 6942K [0x0000000401000000, 0x0000000800000000)
  region size 8192K, 1 young (8192K), 1 survivors (8192K)
 Metaspace       used 8092K, capacity 8259K, committed 8320K, reserved 1056768K
  class space    used 833K, capacity 893K, committed 896K, reserved 1048576K
}
Event: 27.598 GC heap before
{Heap before GC invocations=2 (full 0):
 garbage-first heap   total 1048576K, used 80670K [0x0000000401000000, 0x0000000800000000)
  region size 8192K, 10 young (81920K), 1 survivors (8192K)
 Metaspace       used 8132K, capacity 8323K, committed 8576K, reserved 1056768K
  class space    used 833K, capacity 893K, committed 896K, reserved 1048576K
}
Event: 27.598 GC heap after
{Heap after GC invocations=3 (full 0):
 garbage-first heap   total 1048576K, used 6418K [0x0000000401000000, 0x0000000800000000)
  region size 8192K, 1 young (8192K), 1 survivors (8192K)
 Metaspace       used 8132K, capacity 8323K, committed 8576K, reserved 1056768K
  class space    used 833K, capacity 893K, committed 896K, reserved 1048576K
}

Deoptimization events (20 events):
Event: 47.316 Thread 0x0000023ef1d84900 Uncommon trap: trap_request=0xffffffc6 fr.pc=0x0000023eba4be7cc relative=0x000000000000010c
Event: 47.316 Thread 0x0000023ef1d84900 Uncommon trap: reason=bimorphic_or_optimized_type_check action=maybe_recompile pc=0x0000023eba4be7cc method=sun.java2d.pipe.ValidatePipe.drawLine(Lsun/java2d/SunGraphics2D;IIII)V @ 19 c2
Event: 47.316 Thread 0x0000023ef1d84900 DEOPT PACKING pc=0x0000023eba4be7cc sp=0x00000094c80fed40
Event: 47.316 Thread 0x0000023ef1d84900 DEOPT UNPACKING pc=0x0000023eb299e42f sp=0x00000094c80fec98 mode 2
Event: 47.316 Thread 0x0000023ef1d84900 Uncommon trap: trap_request=0xffffffde fr.pc=0x0000023eba4b138c relative=0x0000000000000b2c
Event: 47.316 Thread 0x0000023ef1d84900 Uncommon trap: reason=class_check action=maybe_recompile pc=0x0000023eba4b138c method=sun.java2d.pipe.PixelToParallelogramConverter.drawGeneralLine(Lsun/java2d/SunGraphics2D;DDDD)Z @ 634 c2
Event: 47.316 Thread 0x0000023ef1d84900 DEOPT PACKING pc=0x0000023eba4b138c sp=0x00000094c80feb70
Event: 47.316 Thread 0x0000023ef1d84900 DEOPT UNPACKING pc=0x0000023eb299e42f sp=0x00000094c80fe9c8 mode 2
Event: 47.316 Thread 0x0000023ef1d84900 Uncommon trap: trap_request=0xffffffde fr.pc=0x0000023eba4b138c relative=0x0000000000000b2c
Event: 47.316 Thread 0x0000023ef1d84900 Uncommon trap: reason=class_check action=maybe_recompile pc=0x0000023eba4b138c method=sun.java2d.pipe.PixelToParallelogramConverter.drawGeneralLine(Lsun/java2d/SunGraphics2D;DDDD)Z @ 634 c2
Event: 47.316 Thread 0x0000023ef1d84900 DEOPT PACKING pc=0x0000023eba4b138c sp=0x00000094c80fec30
Event: 47.316 Thread 0x0000023ef1d84900 DEOPT UNPACKING pc=0x0000023eb299e42f sp=0x00000094c80fea88 mode 2
Event: 47.317 Thread 0x0000023ef1d84900 Uncommon trap: trap_request=0xffffffc6 fr.pc=0x0000023eba4be7cc relative=0x000000000000010c
Event: 47.317 Thread 0x0000023ef1d84900 Uncommon trap: reason=bimorphic_or_optimized_type_check action=maybe_recompile pc=0x0000023eba4be7cc method=sun.java2d.pipe.ValidatePipe.drawLine(Lsun/java2d/SunGraphics2D;IIII)V @ 19 c2
Event: 47.317 Thread 0x0000023ef1d84900 DEOPT PACKING pc=0x0000023eba4be7cc sp=0x00000094c80fed40
Event: 47.317 Thread 0x0000023ef1d84900 DEOPT UNPACKING pc=0x0000023eb299e42f sp=0x00000094c80fec98 mode 2
Event: 47.318 Thread 0x0000023ef1d84900 Uncommon trap: trap_request=0xffffffc6 fr.pc=0x0000023eba496468 relative=0x0000000000000ca8
Event: 47.318 Thread 0x0000023ef1d84900 Uncommon trap: reason=bimorphic_or_optimized_type_check action=maybe_recompile pc=0x0000023eba496468 method=sun.java2d.SunGraphics2D.fill(Ljava/awt/Shape;)V @ 6 c2
Event: 47.318 Thread 0x0000023ef1d84900 DEOPT PACKING pc=0x0000023eba496468 sp=0x00000094c80fed40
Event: 47.318 Thread 0x0000023ef1d84900 DEOPT UNPACKING pc=0x0000023eb299e42f sp=0x00000094c80fecb0 mode 2

Classes unloaded (0 events):
No events

Classes redefined (0 events):
No events

Internal exceptions (20 events):
Event: 24.331 Thread 0x0000023ef1d84900 Exception <a 'java/lang/ArrayIndexOutOfBoundsException'{0x000000043f6e8af8}> (0x000000043f6e8af8) 
thrown [./open/src/hotspot/share/runtime/sharedRuntime.cpp, line 585]
Event: 25.114 Thread 0x0000023ef1d84900 Exception <a 'java/lang/ArrayIndexOutOfBoundsException'{0x000000043db68210}> (0x000000043db68210) 
thrown [./open/src/hotspot/share/runtime/sharedRuntime.cpp, line 585]
Event: 26.499 Thread 0x0000023ef1d84900 Exception <a 'java/lang/ArrayIndexOutOfBoundsException'{0x000000043c9f2dd8}> (0x000000043c9f2dd8) 
thrown [./open/src/hotspot/share/runtime/sharedRuntime.cpp, line 585]
Event: 28.084 Thread 0x0000023ef1d84900 Exception <a 'java/lang/ArrayIndexOutOfBoundsException'{0x000000043f88dee0}> (0x000000043f88dee0) 
thrown [./open/src/hotspot/share/runtime/sharedRuntime.cpp, line 585]
Event: 29.609 Thread 0x0000023ef1d84900 Exception <a 'java/lang/ArrayIndexOutOfBoundsException'{0x000000043e0403b0}> (0x000000043e0403b0) 
thrown [./open/src/hotspot/share/runtime/sharedRuntime.cpp, line 585]
Event: 31.113 Thread 0x0000023ef1d84900 Exception <a 'java/lang/ArrayIndexOutOfBoundsException'{0x000000043d3e9a50}> (0x000000043d3e9a50) 
thrown [./open/src/hotspot/share/runtime/sharedRuntime.cpp, line 585]
Event: 31.229 Thread 0x0000023eeb494830 Exception <a 'java/lang/NoSuchMethodError'{0x0000000440411710}: 'void java.lang.invoke.DirectMethodHandle$Holder.invokeVirtual(java.lang.Object, java.lang.Object)'> (0x0000000440411710) 
thrown [./open/src/hotspot/share/interpreter/linkResolver.cpp, line 782]
Event: 31.233 Thread 0x0000023eeb8b9c30 Implicit null exception at 0x0000023eba4699cc to 0x0000023eba469b88
Event: 32.466 Thread 0x0000023ef1d84900 Exception <a 'java/lang/ArrayIndexOutOfBoundsException'{0x000000043c8304f0}> (0x000000043c8304f0) 
thrown [./open/src/hotspot/share/runtime/sharedRuntime.cpp, line 585]
Event: 33.740 Thread 0x0000023ef1d84900 Exception <a 'java/lang/ArrayIndexOutOfBoundsException'{0x000000043cc76338}> (0x000000043cc76338) 
thrown [./open/src/hotspot/share/runtime/sharedRuntime.cpp, line 585]
Event: 35.010 Thread 0x0000023ef1d84900 Exception <a 'java/lang/ArrayIndexOutOfBoundsException'{0x000000043c0bc5a8}> (0x000000043c0bc5a8) 
thrown [./open/src/hotspot/share/runtime/sharedRuntime.cpp, line 585]
Event: 36.262 Thread 0x0000023ef1d84900 Exception <a 'java/lang/ArrayIndexOutOfBoundsException'{0x000000043c502730}> (0x000000043c502730) 
thrown [./open/src/hotspot/share/runtime/sharedRuntime.cpp, line 585]
Event: 37.524 Thread 0x0000023ef1d84900 Exception <a 'java/lang/ArrayIndexOutOfBoundsException'{0x000000043b1489e8}> (0x000000043b1489e8) 
thrown [./open/src/hotspot/share/runtime/sharedRuntime.cpp, line 585]
Event: 38.775 Thread 0x0000023ef1d84900 Exception <a 'java/lang/ArrayIndexOutOfBoundsException'{0x000000043b58e828}> (0x000000043b58e828) 
thrown [./open/src/hotspot/share/runtime/sharedRuntime.cpp, line 585]
Event: 40.029 Thread 0x0000023ef1d84900 Exception <a 'java/lang/ArrayIndexOutOfBoundsException'{0x000000043a9d4918}> (0x000000043a9d4918) 
thrown [./open/src/hotspot/share/runtime/sharedRuntime.cpp, line 585]
Event: 41.275 Thread 0x0000023ef1d84900 Exception <a 'java/lang/ArrayIndexOutOfBoundsException'{0x000000043ae1a770}> (0x000000043ae1a770) 
thrown [./open/src/hotspot/share/runtime/sharedRuntime.cpp, line 585]
Event: 41.915 Thread 0x0000023ef1d84900 Exception <a 'java/lang/ArrayIndexOutOfBoundsException'{0x000000043a212910}: Index -1 out of bounds for length 24> (0x000000043a212910) 
thrown [./open/src/hotspot/share/interpreter/interpreterRuntime.cpp, line 443]
Event: 42.724 Thread 0x0000023ef1d84900 Exception <a 'java/lang/ArrayIndexOutOfBoundsException'{0x0000000439957858}> (0x0000000439957858) 
thrown [./open/src/hotspot/share/runtime/sharedRuntime.cpp, line 585]
Event: 44.915 Thread 0x0000023ef1d84900 Exception <a 'java/lang/ArrayIndexOutOfBoundsException'{0x0000000437ef46d0}> (0x0000000437ef46d0) 
thrown [./open/src/hotspot/share/runtime/sharedRuntime.cpp, line 585]
Event: 46.700 Thread 0x0000023ef1d84900 Exception <a 'java/lang/ArrayIndexOutOfBoundsException'{0x000000043525f498}> (0x000000043525f498) 
thrown [./open/src/hotspot/share/runtime/sharedRuntime.cpp, line 585]

Events (20 events):
Event: 36.604 Executing VM operation: HandshakeAllThreads
Event: 36.604 Executing VM operation: HandshakeAllThreads done
Event: 37.604 Executing VM operation: HandshakeAllThreads
Event: 37.604 Executing VM operation: HandshakeAllThreads done
Event: 41.606 Executing VM operation: HandshakeAllThreads
Event: 41.606 Executing VM operation: HandshakeAllThreads done
Event: 43.607 Executing VM operation: HandshakeAllThreads
Event: 43.607 Executing VM operation: HandshakeAllThreads done
Event: 47.307 Thread 0x0000023ef1d0b2c0 Thread added: 0x0000023ef1d0b2c0
Event: 47.307 Thread 0x0000023ef1d0e2e0 Thread added: 0x0000023ef1d0e2e0
Event: 47.307 Thread 0x0000023ef1d0b2c0 Thread exited: 0x0000023ef1d0b2c0
Event: 47.308 Thread 0x0000023ef202ae40 Thread exited: 0x0000023ef202ae40
Event: 47.313 loading class java/awt/ColorPaintContext
Event: 47.313 loading class java/awt/PaintContext
Event: 47.313 loading class java/awt/PaintContext done
Event: 47.313 loading class java/awt/ColorPaintContext done
Event: 47.313 loading class sun/java2d/pipe/AlphaPaintPipe$TileContext
Event: 47.313 loading class sun/java2d/pipe/AlphaPaintPipe$TileContext done
Event: 47.313 loading class sun/java2d/loops/Blit$GeneralMaskBlit
Event: 47.313 loading class sun/java2d/loops/Blit$GeneralMaskBlit done


Dynamic libraries:
0x00007ff758420000 - 0x00007ff75842f000 	C:\Program Files\Java\jdk-15.0.1\bin\java.exe
0x00007ffc61c30000 - 0x00007ffc61e25000 	C:\Windows\SYSTEM32\ntdll.dll
0x00007ffc61630000 - 0x00007ffc616ed000 	C:\Windows\System32\KERNEL32.DLL
0x00007ffc5f480000 - 0x00007ffc5f748000 	C:\Windows\System32\KERNELBASE.dll
0x00007ffc5fb90000 - 0x00007ffc5fc90000 	C:\Windows\System32\ucrtbase.dll
0x00007ffc4e0f0000 - 0x00007ffc4e109000 	C:\Program Files\Java\jdk-15.0.1\bin\VCRUNTIME140.dll
0x00007ffc53050000 - 0x00007ffc53068000 	C:\Program Files\Java\jdk-15.0.1\bin\jli.dll
0x00007ffc5fd80000 - 0x00007ffc5fe2c000 	C:\Windows\System32\ADVAPI32.dll
0x00007ffc60c80000 - 0x00007ffc60d1e000 	C:\Windows\System32\msvcrt.dll
0x00007ffc61590000 - 0x00007ffc6162b000 	C:\Windows\System32\sechost.dll
0x00007ffc60540000 - 0x00007ffc6066b000 	C:\Windows\System32\RPCRT4.dll
0x00007ffc600a0000 - 0x00007ffc60240000 	C:\Windows\System32\USER32.dll
0x00007ffc55ed0000 - 0x00007ffc5616a000 	C:\Windows\WinSxS\amd64_microsoft.windows.common-controls_6595b64144ccf1df_6.0.19041.844_none_ca00b6081b84eb1d\COMCTL32.dll
0x00007ffc5f750000 - 0x00007ffc5f772000 	C:\Windows\System32\win32u.dll
0x00007ffc602b0000 - 0x00007ffc602da000 	C:\Windows\System32\GDI32.dll
0x00007ffc5f370000 - 0x00007ffc5f47b000 	C:\Windows\System32\gdi32full.dll
0x00007ffc5f7b0000 - 0x00007ffc5f84d000 	C:\Windows\System32\msvcp_win.dll
0x00007ffc567f0000 - 0x00007ffc567fa000 	C:\Windows\SYSTEM32\VERSION.dll
0x00007ffc60280000 - 0x00007ffc602b0000 	C:\Windows\System32\IMM32.DLL
0x00007ffc530e0000 - 0x00007ffc530ec000 	C:\Program Files\Java\jdk-15.0.1\bin\vcruntime140_1.dll
0x00007ffc42940000 - 0x00007ffc429d1000 	C:\Program Files\Java\jdk-15.0.1\bin\msvcp140.dll
0x00007ffbfe770000 - 0x00007ffbff2ce000 	C:\Program Files\Java\jdk-15.0.1\bin\server\jvm.dll
0x00007ffc5fd10000 - 0x00007ffc5fd18000 	C:\Windows\System32\PSAPI.DLL
0x00007ffc573c0000 - 0x00007ffc573e7000 	C:\Windows\SYSTEM32\WINMM.dll
0x00007ffc597e0000 - 0x00007ffc597e9000 	C:\Windows\SYSTEM32\WSOCK32.dll
0x00007ffc61520000 - 0x00007ffc6158b000 	C:\Windows\System32\ws2_32.DLL
0x00007ffc5d2d0000 - 0x00007ffc5d2e2000 	C:\Windows\SYSTEM32\kernel.appcore.dll
0x00007ffc51870000 - 0x00007ffc5187a000 	C:\Program Files\Java\jdk-15.0.1\bin\jimage.dll
0x00007ffc59b80000 - 0x00007ffc59d64000 	C:\Windows\SYSTEM32\DBGHELP.DLL
0x00007ffc58740000 - 0x00007ffc5876c000 	C:\Windows\SYSTEM32\dbgcore.DLL
0x00007ffc5f950000 - 0x00007ffc5f9d0000 	C:\Windows\System32\bcryptPrimitives.dll
0x00007ffc4d540000 - 0x00007ffc4d565000 	C:\Program Files\Java\jdk-15.0.1\bin\java.dll
0x00007ffc60dd0000 - 0x00007ffc61512000 	C:\Windows\System32\SHELL32.dll
0x00007ffc5d4d0000 - 0x00007ffc5dc61000 	C:\Windows\SYSTEM32\windows.storage.dll
0x00007ffc60850000 - 0x00007ffc60ba5000 	C:\Windows\System32\combase.dll
0x00007ffc5ede0000 - 0x00007ffc5ee0c000 	C:\Windows\SYSTEM32\Wldp.dll
0x00007ffc602e0000 - 0x00007ffc6038e000 	C:\Windows\System32\SHCORE.dll
0x00007ffc60040000 - 0x00007ffc60095000 	C:\Windows\System32\shlwapi.dll
0x00007ffc5f2b0000 - 0x00007ffc5f2cf000 	C:\Windows\SYSTEM32\profapi.dll
0x00007ffc4dfd0000 - 0x00007ffc4dfe9000 	C:\Program Files\Java\jdk-15.0.1\bin\net.dll
0x00007ffc57e30000 - 0x00007ffc57f3b000 	C:\Windows\SYSTEM32\WINHTTP.dll
0x00007ffc5eb50000 - 0x00007ffc5ebba000 	C:\Windows\system32\mswsock.dll
0x00007ffc4dd30000 - 0x00007ffc4dd42000 	C:\Program Files\Java\jdk-15.0.1\bin\nio.dll
0x00007ffc38bc0000 - 0x00007ffc38d40000 	C:\Program Files\Java\jdk-15.0.1\bin\awt.dll
0x00007ffc60bb0000 - 0x00007ffc60c7d000 	C:\Windows\System32\OLEAUT32.dll
0x00007ffc5cd60000 - 0x00007ffc5cdf0000 	C:\Windows\SYSTEM32\apphelp.dll
0x00007ffc5d0c0000 - 0x00007ffc5d0ef000 	C:\Windows\system32\DWMAPI.DLL
0x00007ffc5ce10000 - 0x00007ffc5ceae000 	C:\Windows\system32\uxtheme.dll
0x00007ffc28b60000 - 0x00007ffc28c86000 	C:\Windows\system32\opengl32.dll
0x00007ffc359f0000 - 0x00007ffc35a1c000 	C:\Windows\SYSTEM32\GLU32.dll
0x00007ffc60670000 - 0x00007ffc60785000 	C:\Windows\System32\MSCTF.dll
0x00007ffc5ff10000 - 0x00007ffc6003a000 	C:\Windows\System32\ole32.dll
0x00007ffc2fb70000 - 0x00007ffc2fd3e000 	C:\Windows\system32\d3d9.dll
0x00007ffc4a170000 - 0x00007ffc4a34b000 	C:\Windows\System32\DriverStore\FileRepository\u0359160.inf_amd64_2abe2598d9a3141f\B358802\aticfx64.dll
0x00007ffc50640000 - 0x00007ffc50673000 	C:\Windows\System32\DriverStore\FileRepository\u0359160.inf_amd64_2abe2598d9a3141f\B358802\atiu9p64.dll
0x00007ffbfd470000 - 0x00007ffbfe148000 	C:\Windows\System32\DriverStore\FileRepository\u0359160.inf_amd64_2abe2598d9a3141f\B358802\atiumd64.dll
0x000000006ce50000 - 0x000000006dcde000 	C:\Windows\System32\DriverStore\FileRepository\u0359160.inf_amd64_2abe2598d9a3141f\B358802\atiumd6a.dll
0x00007ffc5e910000 - 0x00007ffc5e95b000 	C:\Windows\SYSTEM32\POWRPROF.dll
0x00007ffc5e7d0000 - 0x00007ffc5e7e2000 	C:\Windows\SYSTEM32\UMPDC.dll
0x00007ffc489c0000 - 0x00007ffc489ef000 	C:\Windows\SYSTEM32\amdihk64.dll
0x00007ffc4a350000 - 0x00007ffc4a38b000 	C:\Windows\SYSTEM32\dxcore.dll
0x00007ffc5f850000 - 0x00007ffc5f89e000 	C:\Windows\System32\cfgmgr32.dll
0x00007ffc4cd00000 - 0x00007ffc4cd18000 	C:\Program Files\Java\jdk-15.0.1\bin\zip.dll
0x00007ffc3a1e0000 - 0x00007ffc3a265000 	C:\Program Files\Java\jdk-15.0.1\bin\freetype.dll
0x00007ffc391e0000 - 0x00007ffc39289000 	C:\Program Files\Java\jdk-15.0.1\bin\fontmanager.dll
0x00007ffc50f10000 - 0x00007ffc51009000 	C:\Windows\SYSTEM32\textinputframework.dll
0x00007ffc5c8b0000 - 0x00007ffc5cc0e000 	C:\Windows\System32\CoreUIComponents.dll
0x00007ffc5cc10000 - 0x00007ffc5cd02000 	C:\Windows\System32\CoreMessaging.dll
0x00007ffc5e0b0000 - 0x00007ffc5e0e3000 	C:\Windows\SYSTEM32\ntmarta.dll
0x00007ffc5c750000 - 0x00007ffc5c8a4000 	C:\Windows\SYSTEM32\wintypes.dll

dbghelp: loaded successfully - version: 4.0.5 - missing functions: none
symbol engine: initialized successfully - sym options: 0x614 - pdb path: .;C:\Program Files\Java\jdk-15.0.1\bin;C:\Windows\SYSTEM32;C:\Windows\WinSxS\amd64_microsoft.windows.common-controls_6595b64144ccf1df_6.0.19041.844_none_ca00b6081b84eb1d;C:\Program Files\Java\jdk-15.0.1\bin\server;C:\Windows\System32\DriverStore\FileRepository\u0359160.inf_amd64_2abe2598d9a3141f\B358802

VM Arguments:
jvm_args: -Dfile.encoding=UTF-8 --module-path=C:\Users\hazya\OneDrive\Documents\NetBeansProjects\3D_TETRIS_B\build\classes 
java_command: main.Tetris
java_class_path (initial): C:\Users\hazya\OneDrive\Documents\NetBeansProjects\3D_TETRIS_B\build\classes
Launcher Type: SUN_STANDARD

[Global flags]
     intx CICompilerCount                          = 4                                         {product} {ergonomic}
     uint ConcGCThreads                            = 2                                         {product} {ergonomic}
     uint G1ConcRefinementThreads                  = 8                                         {product} {ergonomic}
   size_t G1HeapRegionSize                         = 8388608                                   {product} {ergonomic}
    uintx GCDrainStackTargetSize                   = 64                                        {product} {ergonomic}
   size_t InitialHeapSize                          = 1073741824                                {product} {ergonomic}
   size_t MarkStackSize                            = 4194304                                   {product} {ergonomic}
   size_t MaxHeapSize                              = 17163091968                               {product} {ergonomic}
   size_t MaxNewSize                               = 10292822016                               {product} {ergonomic}
   size_t MinHeapDeltaBytes                        = 8388608                                   {product} {ergonomic}
   size_t MinHeapSize                              = 8388608                                   {product} {ergonomic}
    uintx NonNMethodCodeHeapSize                   = 5839372                                {pd product} {ergonomic}
    uintx NonProfiledCodeHeapSize                  = 122909434                              {pd product} {ergonomic}
    uintx ProfiledCodeHeapSize                     = 122909434                              {pd product} {ergonomic}
    uintx ReservedCodeCacheSize                    = 251658240                              {pd product} {ergonomic}
     bool SegmentedCodeCache                       = true                                      {product} {ergonomic}
   size_t SoftMaxHeapSize                          = 17163091968                            {manageable} {ergonomic}
     bool UseCompressedClassPointers               = true                                 {lp64_product} {ergonomic}
     bool UseCompressedOops                        = true                                 {lp64_product} {ergonomic}
     bool UseG1GC                                  = true                                      {product} {ergonomic}
     bool UseLargePagesIndividualAllocation        = false                                  {pd product} {ergonomic}

Logging:
Log output configuration:
 #0: stdout all=warning uptime,level,tags
 #1: stderr all=off uptime,level,tags

Environment Variables:
PATH=C:\Program Files\Common Files\Oracle\Java\javapath;C:\Program Files (x86)\Common Files\Oracle\Java\javapath;C:\Windows\system32;C:\Windows;C:\Windows\System32\Wbem;C:\Windows\System32\WindowsPowerShell\v1.0\;C:\Windows\System32\OpenSSH\;C:\Program Files\dotnet\;C:\ProgramData\chocolatey\bin;C:\tools\Manim\Scripts;C:\Program Files\Git\cmd;C:\Users\hazya\AppData\Local\Microsoft\WindowsApps;C:\Users\hazya\.dotnet\tools;C:\Users\hazya\AppData\Local\Programs\Microsoft VS Code\bin
USERNAME=hazya
OS=Windows_NT
PROCESSOR_IDENTIFIER=Intel64 Family 6 Model 62 Stepping 4, GenuineIntel



---------------  S Y S T E M  ---------------

OS:
 Windows 10 , 64 bit Build 19041 (10.0.19041.928)
OS uptime: 8 days 14:25 hours

CPU: total 8 (initial active 8) (4 cores per cpu, 2 threads per core) family 6 model 62 stepping 4 microcode 0x42e, cmov, cx8, fxsr, mmx, sse, sse2, sse3, ssse3, sse4.1, sse4.2, popcnt, vzeroupper, avx, aes, clmul, erms, ht, tsc, tscinvbit, clflush

Memory: 4k page, system-wide physical 65459M (47308M free)
TotalPageFile size 75187M (AvailPageFile size 50964M)
current process WorkingSet (physical memory assigned to process): 277M, peak: 278M
current process commit charge ("private bytes"): 1203M, peak: 1221M

vm_info: Java HotSpot(TM) 64-Bit Server VM (15.0.1+9-18) for windows-amd64 JRE (15.0.1+9-18), built on Sep 15 2020 14:43:54 by "mach5one" with unknown MS VC++:1925

END.
